2022-03-26 10:37:19,459 ERROR [http-nio-8080-exec-4] s.c.a.ExceptionAdvice [ExceptionAdvice.java:31] 服务器异常：An invalid character [32] was present in the Cookie value
2022-03-26 10:37:19,463 ERROR [http-nio-8080-exec-4] s.c.a.ExceptionAdvice [ExceptionAdvice.java:33] org.apache.tomcat.util.http.Rfc6265CookieProcessor.validateCookieValue(Rfc6265CookieProcessor.java:197)
2022-03-26 10:37:19,464 ERROR [http-nio-8080-exec-4] s.c.a.ExceptionAdvice [ExceptionAdvice.java:33] org.apache.tomcat.util.http.Rfc6265CookieProcessor.generateHeader(Rfc6265CookieProcessor.java:123)
2022-03-26 10:37:19,464 ERROR [http-nio-8080-exec-4] s.c.a.ExceptionAdvice [ExceptionAdvice.java:33] org.apache.catalina.connector.Response.generateCookieString(Response.java:1001)
2022-03-26 10:37:19,464 ERROR [http-nio-8080-exec-4] s.c.a.ExceptionAdvice [ExceptionAdvice.java:33] org.apache.catalina.connector.Response.addCookie(Response.java:953)
2022-03-26 10:37:19,465 ERROR [http-nio-8080-exec-4] s.c.a.ExceptionAdvice [ExceptionAdvice.java:33] org.apache.catalina.connector.ResponseFacade.addCookie(ResponseFacade.java:385)
2022-03-26 10:37:19,465 ERROR [http-nio-8080-exec-4] s.c.a.ExceptionAdvice [ExceptionAdvice.java:33] spring01.controller.LoginController.getKaptcha(LoginController.java:151)
2022-03-26 10:37:19,465 ERROR [http-nio-8080-exec-4] s.c.a.ExceptionAdvice [ExceptionAdvice.java:33] sun.reflect.NativeMethodAccessorImpl.invoke0(Native Method)
2022-03-26 10:37:19,465 ERROR [http-nio-8080-exec-4] s.c.a.ExceptionAdvice [ExceptionAdvice.java:33] sun.reflect.NativeMethodAccessorImpl.invoke(NativeMethodAccessorImpl.java:62)
2022-03-26 10:37:19,466 ERROR [http-nio-8080-exec-4] s.c.a.ExceptionAdvice [ExceptionAdvice.java:33] sun.reflect.DelegatingMethodAccessorImpl.invoke(DelegatingMethodAccessorImpl.java:43)
2022-03-26 10:37:19,466 ERROR [http-nio-8080-exec-4] s.c.a.ExceptionAdvice [ExceptionAdvice.java:33] java.lang.reflect.Method.invoke(Method.java:498)
2022-03-26 10:37:19,466 ERROR [http-nio-8080-exec-4] s.c.a.ExceptionAdvice [ExceptionAdvice.java:33] org.springframework.web.method.support.InvocableHandlerMethod.doInvoke(InvocableHandlerMethod.java:205)
2022-03-26 10:37:19,468 ERROR [http-nio-8080-exec-4] s.c.a.ExceptionAdvice [ExceptionAdvice.java:33] org.springframework.web.method.support.InvocableHandlerMethod.invokeForRequest(InvocableHandlerMethod.java:150)
2022-03-26 10:37:19,468 ERROR [http-nio-8080-exec-4] s.c.a.ExceptionAdvice [ExceptionAdvice.java:33] org.springframework.web.servlet.mvc.method.annotation.ServletInvocableHandlerMethod.invokeAndHandle(ServletInvocableHandlerMethod.java:117)
2022-03-26 10:37:19,469 ERROR [http-nio-8080-exec-4] s.c.a.ExceptionAdvice [ExceptionAdvice.java:33] org.springframework.web.servlet.mvc.method.annotation.RequestMappingHandlerAdapter.invokeHandlerMethod(RequestMappingHandlerAdapter.java:895)
2022-03-26 10:37:19,469 ERROR [http-nio-8080-exec-4] s.c.a.ExceptionAdvice [ExceptionAdvice.java:33] org.springframework.web.servlet.mvc.method.annotation.RequestMappingHandlerAdapter.handleInternal(RequestMappingHandlerAdapter.java:808)
2022-03-26 10:37:19,469 ERROR [http-nio-8080-exec-4] s.c.a.ExceptionAdvice [ExceptionAdvice.java:33] org.springframework.web.servlet.mvc.method.AbstractHandlerMethodAdapter.handle(AbstractHandlerMethodAdapter.java:87)
2022-03-26 10:37:19,470 ERROR [http-nio-8080-exec-4] s.c.a.ExceptionAdvice [ExceptionAdvice.java:33] org.springframework.web.servlet.DispatcherServlet.doDispatch(DispatcherServlet.java:1067)
2022-03-26 10:37:19,471 ERROR [http-nio-8080-exec-4] s.c.a.ExceptionAdvice [ExceptionAdvice.java:33] org.springframework.web.servlet.DispatcherServlet.doService(DispatcherServlet.java:963)
2022-03-26 10:37:19,471 ERROR [http-nio-8080-exec-4] s.c.a.ExceptionAdvice [ExceptionAdvice.java:33] org.springframework.web.servlet.FrameworkServlet.processRequest(FrameworkServlet.java:1006)
2022-03-26 10:37:19,471 ERROR [http-nio-8080-exec-4] s.c.a.ExceptionAdvice [ExceptionAdvice.java:33] org.springframework.web.servlet.FrameworkServlet.doGet(FrameworkServlet.java:898)
2022-03-26 10:37:19,472 ERROR [http-nio-8080-exec-4] s.c.a.ExceptionAdvice [ExceptionAdvice.java:33] javax.servlet.http.HttpServlet.service(HttpServlet.java:655)
2022-03-26 10:37:19,472 ERROR [http-nio-8080-exec-4] s.c.a.ExceptionAdvice [ExceptionAdvice.java:33] org.springframework.web.servlet.FrameworkServlet.service(FrameworkServlet.java:883)
2022-03-26 10:37:19,472 ERROR [http-nio-8080-exec-4] s.c.a.ExceptionAdvice [ExceptionAdvice.java:33] javax.servlet.http.HttpServlet.service(HttpServlet.java:764)
2022-03-26 10:37:19,472 ERROR [http-nio-8080-exec-4] s.c.a.ExceptionAdvice [ExceptionAdvice.java:33] org.apache.catalina.core.ApplicationFilterChain.internalDoFilter(ApplicationFilterChain.java:227)
2022-03-26 10:37:19,473 ERROR [http-nio-8080-exec-4] s.c.a.ExceptionAdvice [ExceptionAdvice.java:33] org.apache.catalina.core.ApplicationFilterChain.doFilter(ApplicationFilterChain.java:162)
2022-03-26 10:37:19,473 ERROR [http-nio-8080-exec-4] s.c.a.ExceptionAdvice [ExceptionAdvice.java:33] org.apache.tomcat.websocket.server.WsFilter.doFilter(WsFilter.java:53)
2022-03-26 10:37:19,473 ERROR [http-nio-8080-exec-4] s.c.a.ExceptionAdvice [ExceptionAdvice.java:33] org.apache.catalina.core.ApplicationFilterChain.internalDoFilter(ApplicationFilterChain.java:189)
2022-03-26 10:37:19,474 ERROR [http-nio-8080-exec-4] s.c.a.ExceptionAdvice [ExceptionAdvice.java:33] org.apache.catalina.core.ApplicationFilterChain.doFilter(ApplicationFilterChain.java:162)
2022-03-26 10:37:19,474 ERROR [http-nio-8080-exec-4] s.c.a.ExceptionAdvice [ExceptionAdvice.java:33] org.springframework.web.filter.RequestContextFilter.doFilterInternal(RequestContextFilter.java:100)
2022-03-26 10:37:19,474 ERROR [http-nio-8080-exec-4] s.c.a.ExceptionAdvice [ExceptionAdvice.java:33] org.springframework.web.filter.OncePerRequestFilter.doFilter(OncePerRequestFilter.java:117)
2022-03-26 10:37:19,475 ERROR [http-nio-8080-exec-4] s.c.a.ExceptionAdvice [ExceptionAdvice.java:33] org.apache.catalina.core.ApplicationFilterChain.internalDoFilter(ApplicationFilterChain.java:189)
2022-03-26 10:37:19,475 ERROR [http-nio-8080-exec-4] s.c.a.ExceptionAdvice [ExceptionAdvice.java:33] org.apache.catalina.core.ApplicationFilterChain.doFilter(ApplicationFilterChain.java:162)
2022-03-26 10:37:19,476 ERROR [http-nio-8080-exec-4] s.c.a.ExceptionAdvice [ExceptionAdvice.java:33] org.springframework.web.filter.FormContentFilter.doFilterInternal(FormContentFilter.java:93)
2022-03-26 10:37:19,476 ERROR [http-nio-8080-exec-4] s.c.a.ExceptionAdvice [ExceptionAdvice.java:33] org.springframework.web.filter.OncePerRequestFilter.doFilter(OncePerRequestFilter.java:117)
2022-03-26 10:37:19,477 ERROR [http-nio-8080-exec-4] s.c.a.ExceptionAdvice [ExceptionAdvice.java:33] org.apache.catalina.core.ApplicationFilterChain.internalDoFilter(ApplicationFilterChain.java:189)
2022-03-26 10:37:19,477 ERROR [http-nio-8080-exec-4] s.c.a.ExceptionAdvice [ExceptionAdvice.java:33] org.apache.catalina.core.ApplicationFilterChain.doFilter(ApplicationFilterChain.java:162)
2022-03-26 10:37:19,477 ERROR [http-nio-8080-exec-4] s.c.a.ExceptionAdvice [ExceptionAdvice.java:33] org.springframework.web.filter.CharacterEncodingFilter.doFilterInternal(CharacterEncodingFilter.java:201)
2022-03-26 10:37:19,477 ERROR [http-nio-8080-exec-4] s.c.a.ExceptionAdvice [ExceptionAdvice.java:33] org.springframework.web.filter.OncePerRequestFilter.doFilter(OncePerRequestFilter.java:117)
2022-03-26 10:37:19,478 ERROR [http-nio-8080-exec-4] s.c.a.ExceptionAdvice [ExceptionAdvice.java:33] org.apache.catalina.core.ApplicationFilterChain.internalDoFilter(ApplicationFilterChain.java:189)
2022-03-26 10:37:19,478 ERROR [http-nio-8080-exec-4] s.c.a.ExceptionAdvice [ExceptionAdvice.java:33] org.apache.catalina.core.ApplicationFilterChain.doFilter(ApplicationFilterChain.java:162)
2022-03-26 10:37:19,478 ERROR [http-nio-8080-exec-4] s.c.a.ExceptionAdvice [ExceptionAdvice.java:33] org.apache.catalina.core.StandardWrapperValve.invoke(StandardWrapperValve.java:197)
2022-03-26 10:37:19,478 ERROR [http-nio-8080-exec-4] s.c.a.ExceptionAdvice [ExceptionAdvice.java:33] org.apache.catalina.core.StandardContextValve.invoke(StandardContextValve.java:97)
2022-03-26 10:37:19,479 ERROR [http-nio-8080-exec-4] s.c.a.ExceptionAdvice [ExceptionAdvice.java:33] org.apache.catalina.authenticator.AuthenticatorBase.invoke(AuthenticatorBase.java:540)
2022-03-26 10:37:19,479 ERROR [http-nio-8080-exec-4] s.c.a.ExceptionAdvice [ExceptionAdvice.java:33] org.apache.catalina.core.StandardHostValve.invoke(StandardHostValve.java:135)
2022-03-26 10:37:19,479 ERROR [http-nio-8080-exec-4] s.c.a.ExceptionAdvice [ExceptionAdvice.java:33] org.apache.catalina.valves.ErrorReportValve.invoke(ErrorReportValve.java:92)
2022-03-26 10:37:19,480 ERROR [http-nio-8080-exec-4] s.c.a.ExceptionAdvice [ExceptionAdvice.java:33] org.apache.catalina.core.StandardEngineValve.invoke(StandardEngineValve.java:78)
2022-03-26 10:37:19,480 ERROR [http-nio-8080-exec-4] s.c.a.ExceptionAdvice [ExceptionAdvice.java:33] org.apache.catalina.connector.CoyoteAdapter.service(CoyoteAdapter.java:359)
2022-03-26 10:37:19,480 ERROR [http-nio-8080-exec-4] s.c.a.ExceptionAdvice [ExceptionAdvice.java:33] org.apache.coyote.http11.Http11Processor.service(Http11Processor.java:399)
2022-03-26 10:37:19,481 ERROR [http-nio-8080-exec-4] s.c.a.ExceptionAdvice [ExceptionAdvice.java:33] org.apache.coyote.AbstractProcessorLight.process(AbstractProcessorLight.java:65)
2022-03-26 10:37:19,481 ERROR [http-nio-8080-exec-4] s.c.a.ExceptionAdvice [ExceptionAdvice.java:33] org.apache.coyote.AbstractProtocol$ConnectionHandler.process(AbstractProtocol.java:889)
2022-03-26 10:37:19,481 ERROR [http-nio-8080-exec-4] s.c.a.ExceptionAdvice [ExceptionAdvice.java:33] org.apache.tomcat.util.net.NioEndpoint$SocketProcessor.doRun(NioEndpoint.java:1735)
2022-03-26 10:37:19,481 ERROR [http-nio-8080-exec-4] s.c.a.ExceptionAdvice [ExceptionAdvice.java:33] org.apache.tomcat.util.net.SocketProcessorBase.run(SocketProcessorBase.java:49)
2022-03-26 10:37:19,481 ERROR [http-nio-8080-exec-4] s.c.a.ExceptionAdvice [ExceptionAdvice.java:33] org.apache.tomcat.util.threads.ThreadPoolExecutor.runWorker(ThreadPoolExecutor.java:1191)
2022-03-26 10:37:19,482 ERROR [http-nio-8080-exec-4] s.c.a.ExceptionAdvice [ExceptionAdvice.java:33] org.apache.tomcat.util.threads.ThreadPoolExecutor$Worker.run(ThreadPoolExecutor.java:659)
2022-03-26 10:37:19,482 ERROR [http-nio-8080-exec-4] s.c.a.ExceptionAdvice [ExceptionAdvice.java:33] org.apache.tomcat.util.threads.TaskThread$WrappingRunnable.run(TaskThread.java:61)
2022-03-26 10:37:19,482 ERROR [http-nio-8080-exec-4] s.c.a.ExceptionAdvice [ExceptionAdvice.java:33] java.lang.Thread.run(Thread.java:750)
2022-03-26 10:37:23,001 ERROR [http-nio-8080-exec-6] s.c.a.ExceptionAdvice [ExceptionAdvice.java:31] 服务器异常：An invalid character [32] was present in the Cookie value
2022-03-26 10:37:23,001 ERROR [http-nio-8080-exec-6] s.c.a.ExceptionAdvice [ExceptionAdvice.java:33] org.apache.tomcat.util.http.Rfc6265CookieProcessor.validateCookieValue(Rfc6265CookieProcessor.java:197)
2022-03-26 10:37:23,001 ERROR [http-nio-8080-exec-6] s.c.a.ExceptionAdvice [ExceptionAdvice.java:33] org.apache.tomcat.util.http.Rfc6265CookieProcessor.generateHeader(Rfc6265CookieProcessor.java:123)
2022-03-26 10:37:23,001 ERROR [http-nio-8080-exec-6] s.c.a.ExceptionAdvice [ExceptionAdvice.java:33] org.apache.catalina.connector.Response.generateCookieString(Response.java:1001)
2022-03-26 10:37:23,001 ERROR [http-nio-8080-exec-6] s.c.a.ExceptionAdvice [ExceptionAdvice.java:33] org.apache.catalina.connector.Response.addCookie(Response.java:953)
2022-03-26 10:37:23,005 ERROR [http-nio-8080-exec-6] s.c.a.ExceptionAdvice [ExceptionAdvice.java:33] org.apache.catalina.connector.ResponseFacade.addCookie(ResponseFacade.java:385)
2022-03-26 10:37:23,005 ERROR [http-nio-8080-exec-6] s.c.a.ExceptionAdvice [ExceptionAdvice.java:33] spring01.controller.LoginController.getKaptcha(LoginController.java:151)
2022-03-26 10:37:23,005 ERROR [http-nio-8080-exec-6] s.c.a.ExceptionAdvice [ExceptionAdvice.java:33] sun.reflect.NativeMethodAccessorImpl.invoke0(Native Method)
2022-03-26 10:37:23,005 ERROR [http-nio-8080-exec-6] s.c.a.ExceptionAdvice [ExceptionAdvice.java:33] sun.reflect.NativeMethodAccessorImpl.invoke(NativeMethodAccessorImpl.java:62)
2022-03-26 10:37:23,005 ERROR [http-nio-8080-exec-6] s.c.a.ExceptionAdvice [ExceptionAdvice.java:33] sun.reflect.DelegatingMethodAccessorImpl.invoke(DelegatingMethodAccessorImpl.java:43)
2022-03-26 10:37:23,005 ERROR [http-nio-8080-exec-6] s.c.a.ExceptionAdvice [ExceptionAdvice.java:33] java.lang.reflect.Method.invoke(Method.java:498)
2022-03-26 10:37:23,005 ERROR [http-nio-8080-exec-6] s.c.a.ExceptionAdvice [ExceptionAdvice.java:33] org.springframework.web.method.support.InvocableHandlerMethod.doInvoke(InvocableHandlerMethod.java:205)
2022-03-26 10:37:23,005 ERROR [http-nio-8080-exec-6] s.c.a.ExceptionAdvice [ExceptionAdvice.java:33] org.springframework.web.method.support.InvocableHandlerMethod.invokeForRequest(InvocableHandlerMethod.java:150)
2022-03-26 10:37:23,005 ERROR [http-nio-8080-exec-6] s.c.a.ExceptionAdvice [ExceptionAdvice.java:33] org.springframework.web.servlet.mvc.method.annotation.ServletInvocableHandlerMethod.invokeAndHandle(ServletInvocableHandlerMethod.java:117)
2022-03-26 10:37:23,005 ERROR [http-nio-8080-exec-6] s.c.a.ExceptionAdvice [ExceptionAdvice.java:33] org.springframework.web.servlet.mvc.method.annotation.RequestMappingHandlerAdapter.invokeHandlerMethod(RequestMappingHandlerAdapter.java:895)
2022-03-26 10:37:23,005 ERROR [http-nio-8080-exec-6] s.c.a.ExceptionAdvice [ExceptionAdvice.java:33] org.springframework.web.servlet.mvc.method.annotation.RequestMappingHandlerAdapter.handleInternal(RequestMappingHandlerAdapter.java:808)
2022-03-26 10:37:23,005 ERROR [http-nio-8080-exec-6] s.c.a.ExceptionAdvice [ExceptionAdvice.java:33] org.springframework.web.servlet.mvc.method.AbstractHandlerMethodAdapter.handle(AbstractHandlerMethodAdapter.java:87)
2022-03-26 10:37:23,005 ERROR [http-nio-8080-exec-6] s.c.a.ExceptionAdvice [ExceptionAdvice.java:33] org.springframework.web.servlet.DispatcherServlet.doDispatch(DispatcherServlet.java:1067)
2022-03-26 10:37:23,005 ERROR [http-nio-8080-exec-6] s.c.a.ExceptionAdvice [ExceptionAdvice.java:33] org.springframework.web.servlet.DispatcherServlet.doService(DispatcherServlet.java:963)
2022-03-26 10:37:23,009 ERROR [http-nio-8080-exec-6] s.c.a.ExceptionAdvice [ExceptionAdvice.java:33] org.springframework.web.servlet.FrameworkServlet.processRequest(FrameworkServlet.java:1006)
2022-03-26 10:37:23,009 ERROR [http-nio-8080-exec-6] s.c.a.ExceptionAdvice [ExceptionAdvice.java:33] org.springframework.web.servlet.FrameworkServlet.doGet(FrameworkServlet.java:898)
2022-03-26 10:37:23,009 ERROR [http-nio-8080-exec-6] s.c.a.ExceptionAdvice [ExceptionAdvice.java:33] javax.servlet.http.HttpServlet.service(HttpServlet.java:655)
2022-03-26 10:37:23,009 ERROR [http-nio-8080-exec-6] s.c.a.ExceptionAdvice [ExceptionAdvice.java:33] org.springframework.web.servlet.FrameworkServlet.service(FrameworkServlet.java:883)
2022-03-26 10:37:23,009 ERROR [http-nio-8080-exec-6] s.c.a.ExceptionAdvice [ExceptionAdvice.java:33] javax.servlet.http.HttpServlet.service(HttpServlet.java:764)
2022-03-26 10:37:23,009 ERROR [http-nio-8080-exec-6] s.c.a.ExceptionAdvice [ExceptionAdvice.java:33] org.apache.catalina.core.ApplicationFilterChain.internalDoFilter(ApplicationFilterChain.java:227)
2022-03-26 10:37:23,009 ERROR [http-nio-8080-exec-6] s.c.a.ExceptionAdvice [ExceptionAdvice.java:33] org.apache.catalina.core.ApplicationFilterChain.doFilter(ApplicationFilterChain.java:162)
2022-03-26 10:37:23,009 ERROR [http-nio-8080-exec-6] s.c.a.ExceptionAdvice [ExceptionAdvice.java:33] org.apache.tomcat.websocket.server.WsFilter.doFilter(WsFilter.java:53)
2022-03-26 10:37:23,009 ERROR [http-nio-8080-exec-6] s.c.a.ExceptionAdvice [ExceptionAdvice.java:33] org.apache.catalina.core.ApplicationFilterChain.internalDoFilter(ApplicationFilterChain.java:189)
2022-03-26 10:37:23,009 ERROR [http-nio-8080-exec-6] s.c.a.ExceptionAdvice [ExceptionAdvice.java:33] org.apache.catalina.core.ApplicationFilterChain.doFilter(ApplicationFilterChain.java:162)
2022-03-26 10:37:23,009 ERROR [http-nio-8080-exec-6] s.c.a.ExceptionAdvice [ExceptionAdvice.java:33] org.springframework.web.filter.RequestContextFilter.doFilterInternal(RequestContextFilter.java:100)
2022-03-26 10:37:23,009 ERROR [http-nio-8080-exec-6] s.c.a.ExceptionAdvice [ExceptionAdvice.java:33] org.springframework.web.filter.OncePerRequestFilter.doFilter(OncePerRequestFilter.java:117)
2022-03-26 10:37:23,009 ERROR [http-nio-8080-exec-6] s.c.a.ExceptionAdvice [ExceptionAdvice.java:33] org.apache.catalina.core.ApplicationFilterChain.internalDoFilter(ApplicationFilterChain.java:189)
2022-03-26 10:37:23,009 ERROR [http-nio-8080-exec-6] s.c.a.ExceptionAdvice [ExceptionAdvice.java:33] org.apache.catalina.core.ApplicationFilterChain.doFilter(ApplicationFilterChain.java:162)
2022-03-26 10:37:23,009 ERROR [http-nio-8080-exec-6] s.c.a.ExceptionAdvice [ExceptionAdvice.java:33] org.springframework.web.filter.FormContentFilter.doFilterInternal(FormContentFilter.java:93)
2022-03-26 10:37:23,009 ERROR [http-nio-8080-exec-6] s.c.a.ExceptionAdvice [ExceptionAdvice.java:33] org.springframework.web.filter.OncePerRequestFilter.doFilter(OncePerRequestFilter.java:117)
2022-03-26 10:37:23,009 ERROR [http-nio-8080-exec-6] s.c.a.ExceptionAdvice [ExceptionAdvice.java:33] org.apache.catalina.core.ApplicationFilterChain.internalDoFilter(ApplicationFilterChain.java:189)
2022-03-26 10:37:23,009 ERROR [http-nio-8080-exec-6] s.c.a.ExceptionAdvice [ExceptionAdvice.java:33] org.apache.catalina.core.ApplicationFilterChain.doFilter(ApplicationFilterChain.java:162)
2022-03-26 10:37:23,009 ERROR [http-nio-8080-exec-6] s.c.a.ExceptionAdvice [ExceptionAdvice.java:33] org.springframework.web.filter.CharacterEncodingFilter.doFilterInternal(CharacterEncodingFilter.java:201)
2022-03-26 10:37:23,009 ERROR [http-nio-8080-exec-6] s.c.a.ExceptionAdvice [ExceptionAdvice.java:33] org.springframework.web.filter.OncePerRequestFilter.doFilter(OncePerRequestFilter.java:117)
2022-03-26 10:37:23,013 ERROR [http-nio-8080-exec-6] s.c.a.ExceptionAdvice [ExceptionAdvice.java:33] org.apache.catalina.core.ApplicationFilterChain.internalDoFilter(ApplicationFilterChain.java:189)
2022-03-26 10:37:23,013 ERROR [http-nio-8080-exec-6] s.c.a.ExceptionAdvice [ExceptionAdvice.java:33] org.apache.catalina.core.ApplicationFilterChain.doFilter(ApplicationFilterChain.java:162)
2022-03-26 10:37:23,013 ERROR [http-nio-8080-exec-6] s.c.a.ExceptionAdvice [ExceptionAdvice.java:33] org.apache.catalina.core.StandardWrapperValve.invoke(StandardWrapperValve.java:197)
2022-03-26 10:37:23,013 ERROR [http-nio-8080-exec-6] s.c.a.ExceptionAdvice [ExceptionAdvice.java:33] org.apache.catalina.core.StandardContextValve.invoke(StandardContextValve.java:97)
2022-03-26 10:37:23,013 ERROR [http-nio-8080-exec-6] s.c.a.ExceptionAdvice [ExceptionAdvice.java:33] org.apache.catalina.authenticator.AuthenticatorBase.invoke(AuthenticatorBase.java:540)
2022-03-26 10:37:23,013 ERROR [http-nio-8080-exec-6] s.c.a.ExceptionAdvice [ExceptionAdvice.java:33] org.apache.catalina.core.StandardHostValve.invoke(StandardHostValve.java:135)
2022-03-26 10:37:23,013 ERROR [http-nio-8080-exec-6] s.c.a.ExceptionAdvice [ExceptionAdvice.java:33] org.apache.catalina.valves.ErrorReportValve.invoke(ErrorReportValve.java:92)
2022-03-26 10:37:23,013 ERROR [http-nio-8080-exec-6] s.c.a.ExceptionAdvice [ExceptionAdvice.java:33] org.apache.catalina.core.StandardEngineValve.invoke(StandardEngineValve.java:78)
2022-03-26 10:37:23,013 ERROR [http-nio-8080-exec-6] s.c.a.ExceptionAdvice [ExceptionAdvice.java:33] org.apache.catalina.connector.CoyoteAdapter.service(CoyoteAdapter.java:359)
2022-03-26 10:37:23,013 ERROR [http-nio-8080-exec-6] s.c.a.ExceptionAdvice [ExceptionAdvice.java:33] org.apache.coyote.http11.Http11Processor.service(Http11Processor.java:399)
2022-03-26 10:37:23,013 ERROR [http-nio-8080-exec-6] s.c.a.ExceptionAdvice [ExceptionAdvice.java:33] org.apache.coyote.AbstractProcessorLight.process(AbstractProcessorLight.java:65)
2022-03-26 10:37:23,013 ERROR [http-nio-8080-exec-6] s.c.a.ExceptionAdvice [ExceptionAdvice.java:33] org.apache.coyote.AbstractProtocol$ConnectionHandler.process(AbstractProtocol.java:889)
2022-03-26 10:37:23,013 ERROR [http-nio-8080-exec-6] s.c.a.ExceptionAdvice [ExceptionAdvice.java:33] org.apache.tomcat.util.net.NioEndpoint$SocketProcessor.doRun(NioEndpoint.java:1735)
2022-03-26 10:37:23,013 ERROR [http-nio-8080-exec-6] s.c.a.ExceptionAdvice [ExceptionAdvice.java:33] org.apache.tomcat.util.net.SocketProcessorBase.run(SocketProcessorBase.java:49)
2022-03-26 10:37:23,013 ERROR [http-nio-8080-exec-6] s.c.a.ExceptionAdvice [ExceptionAdvice.java:33] org.apache.tomcat.util.threads.ThreadPoolExecutor.runWorker(ThreadPoolExecutor.java:1191)
2022-03-26 10:37:23,013 ERROR [http-nio-8080-exec-6] s.c.a.ExceptionAdvice [ExceptionAdvice.java:33] org.apache.tomcat.util.threads.ThreadPoolExecutor$Worker.run(ThreadPoolExecutor.java:659)
2022-03-26 10:37:23,013 ERROR [http-nio-8080-exec-6] s.c.a.ExceptionAdvice [ExceptionAdvice.java:33] org.apache.tomcat.util.threads.TaskThread$WrappingRunnable.run(TaskThread.java:61)
2022-03-26 10:37:23,013 ERROR [http-nio-8080-exec-6] s.c.a.ExceptionAdvice [ExceptionAdvice.java:33] java.lang.Thread.run(Thread.java:750)
2022-03-26 10:38:32,874 ERROR [http-nio-8080-exec-5] s.c.a.ExceptionAdvice [ExceptionAdvice.java:31] 服务器异常：An invalid character [32] was present in the Cookie value
2022-03-26 10:38:32,874 ERROR [http-nio-8080-exec-5] s.c.a.ExceptionAdvice [ExceptionAdvice.java:33] org.apache.tomcat.util.http.Rfc6265CookieProcessor.validateCookieValue(Rfc6265CookieProcessor.java:197)
2022-03-26 10:38:32,874 ERROR [http-nio-8080-exec-5] s.c.a.ExceptionAdvice [ExceptionAdvice.java:33] org.apache.tomcat.util.http.Rfc6265CookieProcessor.generateHeader(Rfc6265CookieProcessor.java:123)
2022-03-26 10:38:32,874 ERROR [http-nio-8080-exec-5] s.c.a.ExceptionAdvice [ExceptionAdvice.java:33] org.apache.catalina.connector.Response.generateCookieString(Response.java:1001)
2022-03-26 10:38:32,874 ERROR [http-nio-8080-exec-5] s.c.a.ExceptionAdvice [ExceptionAdvice.java:33] org.apache.catalina.connector.Response.addCookie(Response.java:953)
2022-03-26 10:38:32,878 ERROR [http-nio-8080-exec-5] s.c.a.ExceptionAdvice [ExceptionAdvice.java:33] org.apache.catalina.connector.ResponseFacade.addCookie(ResponseFacade.java:385)
2022-03-26 10:38:32,878 ERROR [http-nio-8080-exec-5] s.c.a.ExceptionAdvice [ExceptionAdvice.java:33] spring01.controller.LoginController.getKaptcha(LoginController.java:151)
2022-03-26 10:38:32,878 ERROR [http-nio-8080-exec-5] s.c.a.ExceptionAdvice [ExceptionAdvice.java:33] sun.reflect.NativeMethodAccessorImpl.invoke0(Native Method)
2022-03-26 10:38:32,878 ERROR [http-nio-8080-exec-5] s.c.a.ExceptionAdvice [ExceptionAdvice.java:33] sun.reflect.NativeMethodAccessorImpl.invoke(NativeMethodAccessorImpl.java:62)
2022-03-26 10:38:32,878 ERROR [http-nio-8080-exec-5] s.c.a.ExceptionAdvice [ExceptionAdvice.java:33] sun.reflect.DelegatingMethodAccessorImpl.invoke(DelegatingMethodAccessorImpl.java:43)
2022-03-26 10:38:32,878 ERROR [http-nio-8080-exec-5] s.c.a.ExceptionAdvice [ExceptionAdvice.java:33] java.lang.reflect.Method.invoke(Method.java:498)
2022-03-26 10:38:32,878 ERROR [http-nio-8080-exec-5] s.c.a.ExceptionAdvice [ExceptionAdvice.java:33] org.springframework.web.method.support.InvocableHandlerMethod.doInvoke(InvocableHandlerMethod.java:205)
2022-03-26 10:38:32,878 ERROR [http-nio-8080-exec-5] s.c.a.ExceptionAdvice [ExceptionAdvice.java:33] org.springframework.web.method.support.InvocableHandlerMethod.invokeForRequest(InvocableHandlerMethod.java:150)
2022-03-26 10:38:32,878 ERROR [http-nio-8080-exec-5] s.c.a.ExceptionAdvice [ExceptionAdvice.java:33] org.springframework.web.servlet.mvc.method.annotation.ServletInvocableHandlerMethod.invokeAndHandle(ServletInvocableHandlerMethod.java:117)
2022-03-26 10:38:32,878 ERROR [http-nio-8080-exec-5] s.c.a.ExceptionAdvice [ExceptionAdvice.java:33] org.springframework.web.servlet.mvc.method.annotation.RequestMappingHandlerAdapter.invokeHandlerMethod(RequestMappingHandlerAdapter.java:895)
2022-03-26 10:38:32,878 ERROR [http-nio-8080-exec-5] s.c.a.ExceptionAdvice [ExceptionAdvice.java:33] org.springframework.web.servlet.mvc.method.annotation.RequestMappingHandlerAdapter.handleInternal(RequestMappingHandlerAdapter.java:808)
2022-03-26 10:38:32,878 ERROR [http-nio-8080-exec-5] s.c.a.ExceptionAdvice [ExceptionAdvice.java:33] org.springframework.web.servlet.mvc.method.AbstractHandlerMethodAdapter.handle(AbstractHandlerMethodAdapter.java:87)
2022-03-26 10:38:32,878 ERROR [http-nio-8080-exec-5] s.c.a.ExceptionAdvice [ExceptionAdvice.java:33] org.springframework.web.servlet.DispatcherServlet.doDispatch(DispatcherServlet.java:1067)
2022-03-26 10:38:32,882 ERROR [http-nio-8080-exec-5] s.c.a.ExceptionAdvice [ExceptionAdvice.java:33] org.springframework.web.servlet.DispatcherServlet.doService(DispatcherServlet.java:963)
2022-03-26 10:38:32,882 ERROR [http-nio-8080-exec-5] s.c.a.ExceptionAdvice [ExceptionAdvice.java:33] org.springframework.web.servlet.FrameworkServlet.processRequest(FrameworkServlet.java:1006)
2022-03-26 10:38:32,883 ERROR [http-nio-8080-exec-5] s.c.a.ExceptionAdvice [ExceptionAdvice.java:33] org.springframework.web.servlet.FrameworkServlet.doGet(FrameworkServlet.java:898)
2022-03-26 10:38:32,883 ERROR [http-nio-8080-exec-5] s.c.a.ExceptionAdvice [ExceptionAdvice.java:33] javax.servlet.http.HttpServlet.service(HttpServlet.java:655)
2022-03-26 10:38:32,884 ERROR [http-nio-8080-exec-5] s.c.a.ExceptionAdvice [ExceptionAdvice.java:33] org.springframework.web.servlet.FrameworkServlet.service(FrameworkServlet.java:883)
2022-03-26 10:38:32,884 ERROR [http-nio-8080-exec-5] s.c.a.ExceptionAdvice [ExceptionAdvice.java:33] javax.servlet.http.HttpServlet.service(HttpServlet.java:764)
2022-03-26 10:38:32,884 ERROR [http-nio-8080-exec-5] s.c.a.ExceptionAdvice [ExceptionAdvice.java:33] org.apache.catalina.core.ApplicationFilterChain.internalDoFilter(ApplicationFilterChain.java:227)
2022-03-26 10:38:32,884 ERROR [http-nio-8080-exec-5] s.c.a.ExceptionAdvice [ExceptionAdvice.java:33] org.apache.catalina.core.ApplicationFilterChain.doFilter(ApplicationFilterChain.java:162)
2022-03-26 10:38:32,884 ERROR [http-nio-8080-exec-5] s.c.a.ExceptionAdvice [ExceptionAdvice.java:33] org.apache.tomcat.websocket.server.WsFilter.doFilter(WsFilter.java:53)
2022-03-26 10:38:32,884 ERROR [http-nio-8080-exec-5] s.c.a.ExceptionAdvice [ExceptionAdvice.java:33] org.apache.catalina.core.ApplicationFilterChain.internalDoFilter(ApplicationFilterChain.java:189)
2022-03-26 10:38:32,884 ERROR [http-nio-8080-exec-5] s.c.a.ExceptionAdvice [ExceptionAdvice.java:33] org.apache.catalina.core.ApplicationFilterChain.doFilter(ApplicationFilterChain.java:162)
2022-03-26 10:38:32,888 ERROR [http-nio-8080-exec-5] s.c.a.ExceptionAdvice [ExceptionAdvice.java:33] org.springframework.web.filter.RequestContextFilter.doFilterInternal(RequestContextFilter.java:100)
2022-03-26 10:38:32,888 ERROR [http-nio-8080-exec-5] s.c.a.ExceptionAdvice [ExceptionAdvice.java:33] org.springframework.web.filter.OncePerRequestFilter.doFilter(OncePerRequestFilter.java:117)
2022-03-26 10:38:32,888 ERROR [http-nio-8080-exec-5] s.c.a.ExceptionAdvice [ExceptionAdvice.java:33] org.apache.catalina.core.ApplicationFilterChain.internalDoFilter(ApplicationFilterChain.java:189)
2022-03-26 10:38:32,888 ERROR [http-nio-8080-exec-5] s.c.a.ExceptionAdvice [ExceptionAdvice.java:33] org.apache.catalina.core.ApplicationFilterChain.doFilter(ApplicationFilterChain.java:162)
2022-03-26 10:38:32,888 ERROR [http-nio-8080-exec-5] s.c.a.ExceptionAdvice [ExceptionAdvice.java:33] org.springframework.web.filter.FormContentFilter.doFilterInternal(FormContentFilter.java:93)
2022-03-26 10:38:32,888 ERROR [http-nio-8080-exec-5] s.c.a.ExceptionAdvice [ExceptionAdvice.java:33] org.springframework.web.filter.OncePerRequestFilter.doFilter(OncePerRequestFilter.java:117)
2022-03-26 10:38:32,888 ERROR [http-nio-8080-exec-5] s.c.a.ExceptionAdvice [ExceptionAdvice.java:33] org.apache.catalina.core.ApplicationFilterChain.internalDoFilter(ApplicationFilterChain.java:189)
2022-03-26 10:38:32,888 ERROR [http-nio-8080-exec-5] s.c.a.ExceptionAdvice [ExceptionAdvice.java:33] org.apache.catalina.core.ApplicationFilterChain.doFilter(ApplicationFilterChain.java:162)
2022-03-26 10:38:32,888 ERROR [http-nio-8080-exec-5] s.c.a.ExceptionAdvice [ExceptionAdvice.java:33] org.springframework.web.filter.CharacterEncodingFilter.doFilterInternal(CharacterEncodingFilter.java:201)
2022-03-26 10:38:32,892 ERROR [http-nio-8080-exec-5] s.c.a.ExceptionAdvice [ExceptionAdvice.java:33] org.springframework.web.filter.OncePerRequestFilter.doFilter(OncePerRequestFilter.java:117)
2022-03-26 10:38:32,892 ERROR [http-nio-8080-exec-5] s.c.a.ExceptionAdvice [ExceptionAdvice.java:33] org.apache.catalina.core.ApplicationFilterChain.internalDoFilter(ApplicationFilterChain.java:189)
2022-03-26 10:38:32,892 ERROR [http-nio-8080-exec-5] s.c.a.ExceptionAdvice [ExceptionAdvice.java:33] org.apache.catalina.core.ApplicationFilterChain.doFilter(ApplicationFilterChain.java:162)
2022-03-26 10:38:32,892 ERROR [http-nio-8080-exec-5] s.c.a.ExceptionAdvice [ExceptionAdvice.java:33] org.apache.catalina.core.StandardWrapperValve.invoke(StandardWrapperValve.java:197)
2022-03-26 10:38:32,892 ERROR [http-nio-8080-exec-5] s.c.a.ExceptionAdvice [ExceptionAdvice.java:33] org.apache.catalina.core.StandardContextValve.invoke(StandardContextValve.java:97)
2022-03-26 10:38:32,892 ERROR [http-nio-8080-exec-5] s.c.a.ExceptionAdvice [ExceptionAdvice.java:33] org.apache.catalina.authenticator.AuthenticatorBase.invoke(AuthenticatorBase.java:540)
2022-03-26 10:38:32,892 ERROR [http-nio-8080-exec-5] s.c.a.ExceptionAdvice [ExceptionAdvice.java:33] org.apache.catalina.core.StandardHostValve.invoke(StandardHostValve.java:135)
2022-03-26 10:38:32,892 ERROR [http-nio-8080-exec-5] s.c.a.ExceptionAdvice [ExceptionAdvice.java:33] org.apache.catalina.valves.ErrorReportValve.invoke(ErrorReportValve.java:92)
2022-03-26 10:38:32,896 ERROR [http-nio-8080-exec-5] s.c.a.ExceptionAdvice [ExceptionAdvice.java:33] org.apache.catalina.core.StandardEngineValve.invoke(StandardEngineValve.java:78)
2022-03-26 10:38:32,896 ERROR [http-nio-8080-exec-5] s.c.a.ExceptionAdvice [ExceptionAdvice.java:33] org.apache.catalina.connector.CoyoteAdapter.service(CoyoteAdapter.java:359)
2022-03-26 10:38:32,896 ERROR [http-nio-8080-exec-5] s.c.a.ExceptionAdvice [ExceptionAdvice.java:33] org.apache.coyote.http11.Http11Processor.service(Http11Processor.java:399)
2022-03-26 10:38:32,896 ERROR [http-nio-8080-exec-5] s.c.a.ExceptionAdvice [ExceptionAdvice.java:33] org.apache.coyote.AbstractProcessorLight.process(AbstractProcessorLight.java:65)
2022-03-26 10:38:32,896 ERROR [http-nio-8080-exec-5] s.c.a.ExceptionAdvice [ExceptionAdvice.java:33] org.apache.coyote.AbstractProtocol$ConnectionHandler.process(AbstractProtocol.java:889)
2022-03-26 10:38:32,896 ERROR [http-nio-8080-exec-5] s.c.a.ExceptionAdvice [ExceptionAdvice.java:33] org.apache.tomcat.util.net.NioEndpoint$SocketProcessor.doRun(NioEndpoint.java:1735)
2022-03-26 10:38:32,896 ERROR [http-nio-8080-exec-5] s.c.a.ExceptionAdvice [ExceptionAdvice.java:33] org.apache.tomcat.util.net.SocketProcessorBase.run(SocketProcessorBase.java:49)
2022-03-26 10:38:32,896 ERROR [http-nio-8080-exec-5] s.c.a.ExceptionAdvice [ExceptionAdvice.java:33] org.apache.tomcat.util.threads.ThreadPoolExecutor.runWorker(ThreadPoolExecutor.java:1191)
2022-03-26 10:38:32,896 ERROR [http-nio-8080-exec-5] s.c.a.ExceptionAdvice [ExceptionAdvice.java:33] org.apache.tomcat.util.threads.ThreadPoolExecutor$Worker.run(ThreadPoolExecutor.java:659)
2022-03-26 10:38:32,896 ERROR [http-nio-8080-exec-5] s.c.a.ExceptionAdvice [ExceptionAdvice.java:33] org.apache.tomcat.util.threads.TaskThread$WrappingRunnable.run(TaskThread.java:61)
2022-03-26 10:38:32,896 ERROR [http-nio-8080-exec-5] s.c.a.ExceptionAdvice [ExceptionAdvice.java:33] java.lang.Thread.run(Thread.java:750)
2022-03-26 10:38:34,278 ERROR [http-nio-8080-exec-1] s.c.a.ExceptionAdvice [ExceptionAdvice.java:31] 服务器异常：An invalid character [32] was present in the Cookie value
2022-03-26 10:38:34,278 ERROR [http-nio-8080-exec-1] s.c.a.ExceptionAdvice [ExceptionAdvice.java:33] org.apache.tomcat.util.http.Rfc6265CookieProcessor.validateCookieValue(Rfc6265CookieProcessor.java:197)
2022-03-26 10:38:34,278 ERROR [http-nio-8080-exec-1] s.c.a.ExceptionAdvice [ExceptionAdvice.java:33] org.apache.tomcat.util.http.Rfc6265CookieProcessor.generateHeader(Rfc6265CookieProcessor.java:123)
2022-03-26 10:38:34,282 ERROR [http-nio-8080-exec-1] s.c.a.ExceptionAdvice [ExceptionAdvice.java:33] org.apache.catalina.connector.Response.generateCookieString(Response.java:1001)
2022-03-26 10:38:34,282 ERROR [http-nio-8080-exec-1] s.c.a.ExceptionAdvice [ExceptionAdvice.java:33] org.apache.catalina.connector.Response.addCookie(Response.java:953)
2022-03-26 10:38:34,282 ERROR [http-nio-8080-exec-1] s.c.a.ExceptionAdvice [ExceptionAdvice.java:33] org.apache.catalina.connector.ResponseFacade.addCookie(ResponseFacade.java:385)
2022-03-26 10:38:34,282 ERROR [http-nio-8080-exec-1] s.c.a.ExceptionAdvice [ExceptionAdvice.java:33] spring01.controller.LoginController.getKaptcha(LoginController.java:151)
2022-03-26 10:38:34,282 ERROR [http-nio-8080-exec-1] s.c.a.ExceptionAdvice [ExceptionAdvice.java:33] sun.reflect.NativeMethodAccessorImpl.invoke0(Native Method)
2022-03-26 10:38:34,282 ERROR [http-nio-8080-exec-1] s.c.a.ExceptionAdvice [ExceptionAdvice.java:33] sun.reflect.NativeMethodAccessorImpl.invoke(NativeMethodAccessorImpl.java:62)
2022-03-26 10:38:34,282 ERROR [http-nio-8080-exec-1] s.c.a.ExceptionAdvice [ExceptionAdvice.java:33] sun.reflect.DelegatingMethodAccessorImpl.invoke(DelegatingMethodAccessorImpl.java:43)
2022-03-26 10:38:34,282 ERROR [http-nio-8080-exec-1] s.c.a.ExceptionAdvice [ExceptionAdvice.java:33] java.lang.reflect.Method.invoke(Method.java:498)
2022-03-26 10:38:34,282 ERROR [http-nio-8080-exec-1] s.c.a.ExceptionAdvice [ExceptionAdvice.java:33] org.springframework.web.method.support.InvocableHandlerMethod.doInvoke(InvocableHandlerMethod.java:205)
2022-03-26 10:38:34,282 ERROR [http-nio-8080-exec-1] s.c.a.ExceptionAdvice [ExceptionAdvice.java:33] org.springframework.web.method.support.InvocableHandlerMethod.invokeForRequest(InvocableHandlerMethod.java:150)
2022-03-26 10:38:34,282 ERROR [http-nio-8080-exec-1] s.c.a.ExceptionAdvice [ExceptionAdvice.java:33] org.springframework.web.servlet.mvc.method.annotation.ServletInvocableHandlerMethod.invokeAndHandle(ServletInvocableHandlerMethod.java:117)
2022-03-26 10:38:34,282 ERROR [http-nio-8080-exec-1] s.c.a.ExceptionAdvice [ExceptionAdvice.java:33] org.springframework.web.servlet.mvc.method.annotation.RequestMappingHandlerAdapter.invokeHandlerMethod(RequestMappingHandlerAdapter.java:895)
2022-03-26 10:38:34,282 ERROR [http-nio-8080-exec-1] s.c.a.ExceptionAdvice [ExceptionAdvice.java:33] org.springframework.web.servlet.mvc.method.annotation.RequestMappingHandlerAdapter.handleInternal(RequestMappingHandlerAdapter.java:808)
2022-03-26 10:38:34,282 ERROR [http-nio-8080-exec-1] s.c.a.ExceptionAdvice [ExceptionAdvice.java:33] org.springframework.web.servlet.mvc.method.AbstractHandlerMethodAdapter.handle(AbstractHandlerMethodAdapter.java:87)
2022-03-26 10:38:34,282 ERROR [http-nio-8080-exec-1] s.c.a.ExceptionAdvice [ExceptionAdvice.java:33] org.springframework.web.servlet.DispatcherServlet.doDispatch(DispatcherServlet.java:1067)
2022-03-26 10:38:34,282 ERROR [http-nio-8080-exec-1] s.c.a.ExceptionAdvice [ExceptionAdvice.java:33] org.springframework.web.servlet.DispatcherServlet.doService(DispatcherServlet.java:963)
2022-03-26 10:38:34,286 ERROR [http-nio-8080-exec-1] s.c.a.ExceptionAdvice [ExceptionAdvice.java:33] org.springframework.web.servlet.FrameworkServlet.processRequest(FrameworkServlet.java:1006)
2022-03-26 10:38:34,286 ERROR [http-nio-8080-exec-1] s.c.a.ExceptionAdvice [ExceptionAdvice.java:33] org.springframework.web.servlet.FrameworkServlet.doGet(FrameworkServlet.java:898)
2022-03-26 10:38:34,286 ERROR [http-nio-8080-exec-1] s.c.a.ExceptionAdvice [ExceptionAdvice.java:33] javax.servlet.http.HttpServlet.service(HttpServlet.java:655)
2022-03-26 10:38:34,286 ERROR [http-nio-8080-exec-1] s.c.a.ExceptionAdvice [ExceptionAdvice.java:33] org.springframework.web.servlet.FrameworkServlet.service(FrameworkServlet.java:883)
2022-03-26 10:38:34,286 ERROR [http-nio-8080-exec-1] s.c.a.ExceptionAdvice [ExceptionAdvice.java:33] javax.servlet.http.HttpServlet.service(HttpServlet.java:764)
2022-03-26 10:38:34,286 ERROR [http-nio-8080-exec-1] s.c.a.ExceptionAdvice [ExceptionAdvice.java:33] org.apache.catalina.core.ApplicationFilterChain.internalDoFilter(ApplicationFilterChain.java:227)
2022-03-26 10:38:34,286 ERROR [http-nio-8080-exec-1] s.c.a.ExceptionAdvice [ExceptionAdvice.java:33] org.apache.catalina.core.ApplicationFilterChain.doFilter(ApplicationFilterChain.java:162)
2022-03-26 10:38:34,286 ERROR [http-nio-8080-exec-1] s.c.a.ExceptionAdvice [ExceptionAdvice.java:33] org.apache.tomcat.websocket.server.WsFilter.doFilter(WsFilter.java:53)
2022-03-26 10:38:34,286 ERROR [http-nio-8080-exec-1] s.c.a.ExceptionAdvice [ExceptionAdvice.java:33] org.apache.catalina.core.ApplicationFilterChain.internalDoFilter(ApplicationFilterChain.java:189)
2022-03-26 10:38:34,286 ERROR [http-nio-8080-exec-1] s.c.a.ExceptionAdvice [ExceptionAdvice.java:33] org.apache.catalina.core.ApplicationFilterChain.doFilter(ApplicationFilterChain.java:162)
2022-03-26 10:38:34,286 ERROR [http-nio-8080-exec-1] s.c.a.ExceptionAdvice [ExceptionAdvice.java:33] org.springframework.web.filter.RequestContextFilter.doFilterInternal(RequestContextFilter.java:100)
2022-03-26 10:38:34,286 ERROR [http-nio-8080-exec-1] s.c.a.ExceptionAdvice [ExceptionAdvice.java:33] org.springframework.web.filter.OncePerRequestFilter.doFilter(OncePerRequestFilter.java:117)
2022-03-26 10:38:34,286 ERROR [http-nio-8080-exec-1] s.c.a.ExceptionAdvice [ExceptionAdvice.java:33] org.apache.catalina.core.ApplicationFilterChain.internalDoFilter(ApplicationFilterChain.java:189)
2022-03-26 10:38:34,286 ERROR [http-nio-8080-exec-1] s.c.a.ExceptionAdvice [ExceptionAdvice.java:33] org.apache.catalina.core.ApplicationFilterChain.doFilter(ApplicationFilterChain.java:162)
2022-03-26 10:38:34,286 ERROR [http-nio-8080-exec-1] s.c.a.ExceptionAdvice [ExceptionAdvice.java:33] org.springframework.web.filter.FormContentFilter.doFilterInternal(FormContentFilter.java:93)
2022-03-26 10:38:34,286 ERROR [http-nio-8080-exec-1] s.c.a.ExceptionAdvice [ExceptionAdvice.java:33] org.springframework.web.filter.OncePerRequestFilter.doFilter(OncePerRequestFilter.java:117)
2022-03-26 10:38:34,286 ERROR [http-nio-8080-exec-1] s.c.a.ExceptionAdvice [ExceptionAdvice.java:33] org.apache.catalina.core.ApplicationFilterChain.internalDoFilter(ApplicationFilterChain.java:189)
2022-03-26 10:38:34,286 ERROR [http-nio-8080-exec-1] s.c.a.ExceptionAdvice [ExceptionAdvice.java:33] org.apache.catalina.core.ApplicationFilterChain.doFilter(ApplicationFilterChain.java:162)
2022-03-26 10:38:34,286 ERROR [http-nio-8080-exec-1] s.c.a.ExceptionAdvice [ExceptionAdvice.java:33] org.springframework.web.filter.CharacterEncodingFilter.doFilterInternal(CharacterEncodingFilter.java:201)
2022-03-26 10:38:34,286 ERROR [http-nio-8080-exec-1] s.c.a.ExceptionAdvice [ExceptionAdvice.java:33] org.springframework.web.filter.OncePerRequestFilter.doFilter(OncePerRequestFilter.java:117)
2022-03-26 10:38:34,290 ERROR [http-nio-8080-exec-1] s.c.a.ExceptionAdvice [ExceptionAdvice.java:33] org.apache.catalina.core.ApplicationFilterChain.internalDoFilter(ApplicationFilterChain.java:189)
2022-03-26 10:38:34,290 ERROR [http-nio-8080-exec-1] s.c.a.ExceptionAdvice [ExceptionAdvice.java:33] org.apache.catalina.core.ApplicationFilterChain.doFilter(ApplicationFilterChain.java:162)
2022-03-26 10:38:34,290 ERROR [http-nio-8080-exec-1] s.c.a.ExceptionAdvice [ExceptionAdvice.java:33] org.apache.catalina.core.StandardWrapperValve.invoke(StandardWrapperValve.java:197)
2022-03-26 10:38:34,290 ERROR [http-nio-8080-exec-1] s.c.a.ExceptionAdvice [ExceptionAdvice.java:33] org.apache.catalina.core.StandardContextValve.invoke(StandardContextValve.java:97)
2022-03-26 10:38:34,290 ERROR [http-nio-8080-exec-1] s.c.a.ExceptionAdvice [ExceptionAdvice.java:33] org.apache.catalina.authenticator.AuthenticatorBase.invoke(AuthenticatorBase.java:540)
2022-03-26 10:38:34,290 ERROR [http-nio-8080-exec-1] s.c.a.ExceptionAdvice [ExceptionAdvice.java:33] org.apache.catalina.core.StandardHostValve.invoke(StandardHostValve.java:135)
2022-03-26 10:38:34,290 ERROR [http-nio-8080-exec-1] s.c.a.ExceptionAdvice [ExceptionAdvice.java:33] org.apache.catalina.valves.ErrorReportValve.invoke(ErrorReportValve.java:92)
2022-03-26 10:38:34,290 ERROR [http-nio-8080-exec-1] s.c.a.ExceptionAdvice [ExceptionAdvice.java:33] org.apache.catalina.core.StandardEngineValve.invoke(StandardEngineValve.java:78)
2022-03-26 10:38:34,290 ERROR [http-nio-8080-exec-1] s.c.a.ExceptionAdvice [ExceptionAdvice.java:33] org.apache.catalina.connector.CoyoteAdapter.service(CoyoteAdapter.java:359)
2022-03-26 10:38:34,290 ERROR [http-nio-8080-exec-1] s.c.a.ExceptionAdvice [ExceptionAdvice.java:33] org.apache.coyote.http11.Http11Processor.service(Http11Processor.java:399)
2022-03-26 10:38:34,290 ERROR [http-nio-8080-exec-1] s.c.a.ExceptionAdvice [ExceptionAdvice.java:33] org.apache.coyote.AbstractProcessorLight.process(AbstractProcessorLight.java:65)
2022-03-26 10:38:34,290 ERROR [http-nio-8080-exec-1] s.c.a.ExceptionAdvice [ExceptionAdvice.java:33] org.apache.coyote.AbstractProtocol$ConnectionHandler.process(AbstractProtocol.java:889)
2022-03-26 10:38:34,290 ERROR [http-nio-8080-exec-1] s.c.a.ExceptionAdvice [ExceptionAdvice.java:33] org.apache.tomcat.util.net.NioEndpoint$SocketProcessor.doRun(NioEndpoint.java:1735)
2022-03-26 10:38:34,290 ERROR [http-nio-8080-exec-1] s.c.a.ExceptionAdvice [ExceptionAdvice.java:33] org.apache.tomcat.util.net.SocketProcessorBase.run(SocketProcessorBase.java:49)
2022-03-26 10:38:34,290 ERROR [http-nio-8080-exec-1] s.c.a.ExceptionAdvice [ExceptionAdvice.java:33] org.apache.tomcat.util.threads.ThreadPoolExecutor.runWorker(ThreadPoolExecutor.java:1191)
2022-03-26 10:38:34,290 ERROR [http-nio-8080-exec-1] s.c.a.ExceptionAdvice [ExceptionAdvice.java:33] org.apache.tomcat.util.threads.ThreadPoolExecutor$Worker.run(ThreadPoolExecutor.java:659)
2022-03-26 10:38:34,290 ERROR [http-nio-8080-exec-1] s.c.a.ExceptionAdvice [ExceptionAdvice.java:33] org.apache.tomcat.util.threads.TaskThread$WrappingRunnable.run(TaskThread.java:61)
2022-03-26 10:38:34,290 ERROR [http-nio-8080-exec-1] s.c.a.ExceptionAdvice [ExceptionAdvice.java:33] java.lang.Thread.run(Thread.java:750)
2022-03-26 10:38:36,496 ERROR [http-nio-8080-exec-2] s.c.a.ExceptionAdvice [ExceptionAdvice.java:31] 服务器异常：An invalid character [32] was present in the Cookie value
2022-03-26 10:38:36,496 ERROR [http-nio-8080-exec-2] s.c.a.ExceptionAdvice [ExceptionAdvice.java:33] org.apache.tomcat.util.http.Rfc6265CookieProcessor.validateCookieValue(Rfc6265CookieProcessor.java:197)
2022-03-26 10:38:36,496 ERROR [http-nio-8080-exec-2] s.c.a.ExceptionAdvice [ExceptionAdvice.java:33] org.apache.tomcat.util.http.Rfc6265CookieProcessor.generateHeader(Rfc6265CookieProcessor.java:123)
2022-03-26 10:38:36,496 ERROR [http-nio-8080-exec-2] s.c.a.ExceptionAdvice [ExceptionAdvice.java:33] org.apache.catalina.connector.Response.generateCookieString(Response.java:1001)
2022-03-26 10:38:36,496 ERROR [http-nio-8080-exec-2] s.c.a.ExceptionAdvice [ExceptionAdvice.java:33] org.apache.catalina.connector.Response.addCookie(Response.java:953)
2022-03-26 10:38:36,496 ERROR [http-nio-8080-exec-2] s.c.a.ExceptionAdvice [ExceptionAdvice.java:33] org.apache.catalina.connector.ResponseFacade.addCookie(ResponseFacade.java:385)
2022-03-26 10:38:36,496 ERROR [http-nio-8080-exec-2] s.c.a.ExceptionAdvice [ExceptionAdvice.java:33] spring01.controller.LoginController.getKaptcha(LoginController.java:151)
2022-03-26 10:38:36,496 ERROR [http-nio-8080-exec-2] s.c.a.ExceptionAdvice [ExceptionAdvice.java:33] sun.reflect.NativeMethodAccessorImpl.invoke0(Native Method)
2022-03-26 10:38:36,496 ERROR [http-nio-8080-exec-2] s.c.a.ExceptionAdvice [ExceptionAdvice.java:33] sun.reflect.NativeMethodAccessorImpl.invoke(NativeMethodAccessorImpl.java:62)
2022-03-26 10:38:36,496 ERROR [http-nio-8080-exec-2] s.c.a.ExceptionAdvice [ExceptionAdvice.java:33] sun.reflect.DelegatingMethodAccessorImpl.invoke(DelegatingMethodAccessorImpl.java:43)
2022-03-26 10:38:36,496 ERROR [http-nio-8080-exec-2] s.c.a.ExceptionAdvice [ExceptionAdvice.java:33] java.lang.reflect.Method.invoke(Method.java:498)
2022-03-26 10:38:36,496 ERROR [http-nio-8080-exec-2] s.c.a.ExceptionAdvice [ExceptionAdvice.java:33] org.springframework.web.method.support.InvocableHandlerMethod.doInvoke(InvocableHandlerMethod.java:205)
2022-03-26 10:38:36,496 ERROR [http-nio-8080-exec-2] s.c.a.ExceptionAdvice [ExceptionAdvice.java:33] org.springframework.web.method.support.InvocableHandlerMethod.invokeForRequest(InvocableHandlerMethod.java:150)
2022-03-26 10:38:36,500 ERROR [http-nio-8080-exec-2] s.c.a.ExceptionAdvice [ExceptionAdvice.java:33] org.springframework.web.servlet.mvc.method.annotation.ServletInvocableHandlerMethod.invokeAndHandle(ServletInvocableHandlerMethod.java:117)
2022-03-26 10:38:36,500 ERROR [http-nio-8080-exec-2] s.c.a.ExceptionAdvice [ExceptionAdvice.java:33] org.springframework.web.servlet.mvc.method.annotation.RequestMappingHandlerAdapter.invokeHandlerMethod(RequestMappingHandlerAdapter.java:895)
2022-03-26 10:38:36,500 ERROR [http-nio-8080-exec-2] s.c.a.ExceptionAdvice [ExceptionAdvice.java:33] org.springframework.web.servlet.mvc.method.annotation.RequestMappingHandlerAdapter.handleInternal(RequestMappingHandlerAdapter.java:808)
2022-03-26 10:38:36,500 ERROR [http-nio-8080-exec-2] s.c.a.ExceptionAdvice [ExceptionAdvice.java:33] org.springframework.web.servlet.mvc.method.AbstractHandlerMethodAdapter.handle(AbstractHandlerMethodAdapter.java:87)
2022-03-26 10:38:36,500 ERROR [http-nio-8080-exec-2] s.c.a.ExceptionAdvice [ExceptionAdvice.java:33] org.springframework.web.servlet.DispatcherServlet.doDispatch(DispatcherServlet.java:1067)
2022-03-26 10:38:36,500 ERROR [http-nio-8080-exec-2] s.c.a.ExceptionAdvice [ExceptionAdvice.java:33] org.springframework.web.servlet.DispatcherServlet.doService(DispatcherServlet.java:963)
2022-03-26 10:38:36,500 ERROR [http-nio-8080-exec-2] s.c.a.ExceptionAdvice [ExceptionAdvice.java:33] org.springframework.web.servlet.FrameworkServlet.processRequest(FrameworkServlet.java:1006)
2022-03-26 10:38:36,500 ERROR [http-nio-8080-exec-2] s.c.a.ExceptionAdvice [ExceptionAdvice.java:33] org.springframework.web.servlet.FrameworkServlet.doGet(FrameworkServlet.java:898)
2022-03-26 10:38:36,500 ERROR [http-nio-8080-exec-2] s.c.a.ExceptionAdvice [ExceptionAdvice.java:33] javax.servlet.http.HttpServlet.service(HttpServlet.java:655)
2022-03-26 10:38:36,500 ERROR [http-nio-8080-exec-2] s.c.a.ExceptionAdvice [ExceptionAdvice.java:33] org.springframework.web.servlet.FrameworkServlet.service(FrameworkServlet.java:883)
2022-03-26 10:38:36,500 ERROR [http-nio-8080-exec-2] s.c.a.ExceptionAdvice [ExceptionAdvice.java:33] javax.servlet.http.HttpServlet.service(HttpServlet.java:764)
2022-03-26 10:38:36,500 ERROR [http-nio-8080-exec-2] s.c.a.ExceptionAdvice [ExceptionAdvice.java:33] org.apache.catalina.core.ApplicationFilterChain.internalDoFilter(ApplicationFilterChain.java:227)
2022-03-26 10:38:36,500 ERROR [http-nio-8080-exec-2] s.c.a.ExceptionAdvice [ExceptionAdvice.java:33] org.apache.catalina.core.ApplicationFilterChain.doFilter(ApplicationFilterChain.java:162)
2022-03-26 10:38:36,500 ERROR [http-nio-8080-exec-2] s.c.a.ExceptionAdvice [ExceptionAdvice.java:33] org.apache.tomcat.websocket.server.WsFilter.doFilter(WsFilter.java:53)
2022-03-26 10:38:36,500 ERROR [http-nio-8080-exec-2] s.c.a.ExceptionAdvice [ExceptionAdvice.java:33] org.apache.catalina.core.ApplicationFilterChain.internalDoFilter(ApplicationFilterChain.java:189)
2022-03-26 10:38:36,500 ERROR [http-nio-8080-exec-2] s.c.a.ExceptionAdvice [ExceptionAdvice.java:33] org.apache.catalina.core.ApplicationFilterChain.doFilter(ApplicationFilterChain.java:162)
2022-03-26 10:38:36,500 ERROR [http-nio-8080-exec-2] s.c.a.ExceptionAdvice [ExceptionAdvice.java:33] org.springframework.web.filter.RequestContextFilter.doFilterInternal(RequestContextFilter.java:100)
2022-03-26 10:38:36,500 ERROR [http-nio-8080-exec-2] s.c.a.ExceptionAdvice [ExceptionAdvice.java:33] org.springframework.web.filter.OncePerRequestFilter.doFilter(OncePerRequestFilter.java:117)
2022-03-26 10:38:36,500 ERROR [http-nio-8080-exec-2] s.c.a.ExceptionAdvice [ExceptionAdvice.java:33] org.apache.catalina.core.ApplicationFilterChain.internalDoFilter(ApplicationFilterChain.java:189)
2022-03-26 10:38:36,500 ERROR [http-nio-8080-exec-2] s.c.a.ExceptionAdvice [ExceptionAdvice.java:33] org.apache.catalina.core.ApplicationFilterChain.doFilter(ApplicationFilterChain.java:162)
2022-03-26 10:38:36,504 ERROR [http-nio-8080-exec-2] s.c.a.ExceptionAdvice [ExceptionAdvice.java:33] org.springframework.web.filter.FormContentFilter.doFilterInternal(FormContentFilter.java:93)
2022-03-26 10:38:36,504 ERROR [http-nio-8080-exec-2] s.c.a.ExceptionAdvice [ExceptionAdvice.java:33] org.springframework.web.filter.OncePerRequestFilter.doFilter(OncePerRequestFilter.java:117)
2022-03-26 10:38:36,504 ERROR [http-nio-8080-exec-2] s.c.a.ExceptionAdvice [ExceptionAdvice.java:33] org.apache.catalina.core.ApplicationFilterChain.internalDoFilter(ApplicationFilterChain.java:189)
2022-03-26 10:38:36,504 ERROR [http-nio-8080-exec-2] s.c.a.ExceptionAdvice [ExceptionAdvice.java:33] org.apache.catalina.core.ApplicationFilterChain.doFilter(ApplicationFilterChain.java:162)
2022-03-26 10:38:36,504 ERROR [http-nio-8080-exec-2] s.c.a.ExceptionAdvice [ExceptionAdvice.java:33] org.springframework.web.filter.CharacterEncodingFilter.doFilterInternal(CharacterEncodingFilter.java:201)
2022-03-26 10:38:36,504 ERROR [http-nio-8080-exec-2] s.c.a.ExceptionAdvice [ExceptionAdvice.java:33] org.springframework.web.filter.OncePerRequestFilter.doFilter(OncePerRequestFilter.java:117)
2022-03-26 10:38:36,504 ERROR [http-nio-8080-exec-2] s.c.a.ExceptionAdvice [ExceptionAdvice.java:33] org.apache.catalina.core.ApplicationFilterChain.internalDoFilter(ApplicationFilterChain.java:189)
2022-03-26 10:38:36,504 ERROR [http-nio-8080-exec-2] s.c.a.ExceptionAdvice [ExceptionAdvice.java:33] org.apache.catalina.core.ApplicationFilterChain.doFilter(ApplicationFilterChain.java:162)
2022-03-26 10:38:36,504 ERROR [http-nio-8080-exec-2] s.c.a.ExceptionAdvice [ExceptionAdvice.java:33] org.apache.catalina.core.StandardWrapperValve.invoke(StandardWrapperValve.java:197)
2022-03-26 10:38:36,504 ERROR [http-nio-8080-exec-2] s.c.a.ExceptionAdvice [ExceptionAdvice.java:33] org.apache.catalina.core.StandardContextValve.invoke(StandardContextValve.java:97)
2022-03-26 10:38:36,504 ERROR [http-nio-8080-exec-2] s.c.a.ExceptionAdvice [ExceptionAdvice.java:33] org.apache.catalina.authenticator.AuthenticatorBase.invoke(AuthenticatorBase.java:540)
2022-03-26 10:38:36,504 ERROR [http-nio-8080-exec-2] s.c.a.ExceptionAdvice [ExceptionAdvice.java:33] org.apache.catalina.core.StandardHostValve.invoke(StandardHostValve.java:135)
2022-03-26 10:38:36,504 ERROR [http-nio-8080-exec-2] s.c.a.ExceptionAdvice [ExceptionAdvice.java:33] org.apache.catalina.valves.ErrorReportValve.invoke(ErrorReportValve.java:92)
2022-03-26 10:38:36,504 ERROR [http-nio-8080-exec-2] s.c.a.ExceptionAdvice [ExceptionAdvice.java:33] org.apache.catalina.core.StandardEngineValve.invoke(StandardEngineValve.java:78)
2022-03-26 10:38:36,504 ERROR [http-nio-8080-exec-2] s.c.a.ExceptionAdvice [ExceptionAdvice.java:33] org.apache.catalina.connector.CoyoteAdapter.service(CoyoteAdapter.java:359)
2022-03-26 10:38:36,504 ERROR [http-nio-8080-exec-2] s.c.a.ExceptionAdvice [ExceptionAdvice.java:33] org.apache.coyote.http11.Http11Processor.service(Http11Processor.java:399)
2022-03-26 10:38:36,504 ERROR [http-nio-8080-exec-2] s.c.a.ExceptionAdvice [ExceptionAdvice.java:33] org.apache.coyote.AbstractProcessorLight.process(AbstractProcessorLight.java:65)
2022-03-26 10:38:36,504 ERROR [http-nio-8080-exec-2] s.c.a.ExceptionAdvice [ExceptionAdvice.java:33] org.apache.coyote.AbstractProtocol$ConnectionHandler.process(AbstractProtocol.java:889)
2022-03-26 10:38:36,508 ERROR [http-nio-8080-exec-2] s.c.a.ExceptionAdvice [ExceptionAdvice.java:33] org.apache.tomcat.util.net.NioEndpoint$SocketProcessor.doRun(NioEndpoint.java:1735)
2022-03-26 10:38:36,508 ERROR [http-nio-8080-exec-2] s.c.a.ExceptionAdvice [ExceptionAdvice.java:33] org.apache.tomcat.util.net.SocketProcessorBase.run(SocketProcessorBase.java:49)
2022-03-26 10:38:36,508 ERROR [http-nio-8080-exec-2] s.c.a.ExceptionAdvice [ExceptionAdvice.java:33] org.apache.tomcat.util.threads.ThreadPoolExecutor.runWorker(ThreadPoolExecutor.java:1191)
2022-03-26 10:38:36,508 ERROR [http-nio-8080-exec-2] s.c.a.ExceptionAdvice [ExceptionAdvice.java:33] org.apache.tomcat.util.threads.ThreadPoolExecutor$Worker.run(ThreadPoolExecutor.java:659)
2022-03-26 10:38:36,508 ERROR [http-nio-8080-exec-2] s.c.a.ExceptionAdvice [ExceptionAdvice.java:33] org.apache.tomcat.util.threads.TaskThread$WrappingRunnable.run(TaskThread.java:61)
2022-03-26 10:38:36,508 ERROR [http-nio-8080-exec-2] s.c.a.ExceptionAdvice [ExceptionAdvice.java:33] java.lang.Thread.run(Thread.java:750)
2022-03-26 10:53:04,879 ERROR [restartedMain] o.s.b.d.LoggingFailureAnalysisReporter [LoggingFailureAnalysisReporter.java:40] 

***************************
APPLICATION FAILED TO START
***************************

Description:

Field userService in spring01.controller.interceptor.LoginTicketInterceptor required a bean of type 'spring01.service.UserService' that could not be found.

The injection point has the following annotations:
	- @org.springframework.beans.factory.annotation.Autowired(required=true)


Action:

Consider defining a bean of type 'spring01.service.UserService' in your configuration.

2022-03-28 10:43:47,101 ERROR [http-nio-8080-exec-7] s.c.a.ExceptionAdvice [ExceptionAdvice.java:31] 服务器异常：Failed to convert value of type 'java.lang.String' to required type 'int'; nested exception is java.lang.NumberFormatException: For input string: ""
2022-03-28 10:43:47,104 ERROR [http-nio-8080-exec-7] s.c.a.ExceptionAdvice [ExceptionAdvice.java:33] org.springframework.web.method.annotation.AbstractNamedValueMethodArgumentResolver.resolveArgument(AbstractNamedValueMethodArgumentResolver.java:133)
2022-03-28 10:43:47,104 ERROR [http-nio-8080-exec-7] s.c.a.ExceptionAdvice [ExceptionAdvice.java:33] org.springframework.web.method.support.HandlerMethodArgumentResolverComposite.resolveArgument(HandlerMethodArgumentResolverComposite.java:122)
2022-03-28 10:43:47,104 ERROR [http-nio-8080-exec-7] s.c.a.ExceptionAdvice [ExceptionAdvice.java:33] org.springframework.web.method.support.InvocableHandlerMethod.getMethodArgumentValues(InvocableHandlerMethod.java:179)
2022-03-28 10:43:47,105 ERROR [http-nio-8080-exec-7] s.c.a.ExceptionAdvice [ExceptionAdvice.java:33] org.springframework.web.method.support.InvocableHandlerMethod.invokeForRequest(InvocableHandlerMethod.java:146)
2022-03-28 10:43:47,105 ERROR [http-nio-8080-exec-7] s.c.a.ExceptionAdvice [ExceptionAdvice.java:33] org.springframework.web.servlet.mvc.method.annotation.ServletInvocableHandlerMethod.invokeAndHandle(ServletInvocableHandlerMethod.java:117)
2022-03-28 10:43:47,106 ERROR [http-nio-8080-exec-7] s.c.a.ExceptionAdvice [ExceptionAdvice.java:33] org.springframework.web.servlet.mvc.method.annotation.RequestMappingHandlerAdapter.invokeHandlerMethod(RequestMappingHandlerAdapter.java:895)
2022-03-28 10:43:47,106 ERROR [http-nio-8080-exec-7] s.c.a.ExceptionAdvice [ExceptionAdvice.java:33] org.springframework.web.servlet.mvc.method.annotation.RequestMappingHandlerAdapter.handleInternal(RequestMappingHandlerAdapter.java:808)
2022-03-28 10:43:47,106 ERROR [http-nio-8080-exec-7] s.c.a.ExceptionAdvice [ExceptionAdvice.java:33] org.springframework.web.servlet.mvc.method.AbstractHandlerMethodAdapter.handle(AbstractHandlerMethodAdapter.java:87)
2022-03-28 10:43:47,107 ERROR [http-nio-8080-exec-7] s.c.a.ExceptionAdvice [ExceptionAdvice.java:33] org.springframework.web.servlet.DispatcherServlet.doDispatch(DispatcherServlet.java:1067)
2022-03-28 10:43:47,107 ERROR [http-nio-8080-exec-7] s.c.a.ExceptionAdvice [ExceptionAdvice.java:33] org.springframework.web.servlet.DispatcherServlet.doService(DispatcherServlet.java:963)
2022-03-28 10:43:47,107 ERROR [http-nio-8080-exec-7] s.c.a.ExceptionAdvice [ExceptionAdvice.java:33] org.springframework.web.servlet.FrameworkServlet.processRequest(FrameworkServlet.java:1006)
2022-03-28 10:43:47,108 ERROR [http-nio-8080-exec-7] s.c.a.ExceptionAdvice [ExceptionAdvice.java:33] org.springframework.web.servlet.FrameworkServlet.doPost(FrameworkServlet.java:909)
2022-03-28 10:43:47,108 ERROR [http-nio-8080-exec-7] s.c.a.ExceptionAdvice [ExceptionAdvice.java:33] javax.servlet.http.HttpServlet.service(HttpServlet.java:681)
2022-03-28 10:43:47,108 ERROR [http-nio-8080-exec-7] s.c.a.ExceptionAdvice [ExceptionAdvice.java:33] org.springframework.web.servlet.FrameworkServlet.service(FrameworkServlet.java:883)
2022-03-28 10:43:47,108 ERROR [http-nio-8080-exec-7] s.c.a.ExceptionAdvice [ExceptionAdvice.java:33] javax.servlet.http.HttpServlet.service(HttpServlet.java:764)
2022-03-28 10:43:47,109 ERROR [http-nio-8080-exec-7] s.c.a.ExceptionAdvice [ExceptionAdvice.java:33] org.apache.catalina.core.ApplicationFilterChain.internalDoFilter(ApplicationFilterChain.java:227)
2022-03-28 10:43:47,109 ERROR [http-nio-8080-exec-7] s.c.a.ExceptionAdvice [ExceptionAdvice.java:33] org.apache.catalina.core.ApplicationFilterChain.doFilter(ApplicationFilterChain.java:162)
2022-03-28 10:43:47,110 ERROR [http-nio-8080-exec-7] s.c.a.ExceptionAdvice [ExceptionAdvice.java:33] org.apache.tomcat.websocket.server.WsFilter.doFilter(WsFilter.java:53)
2022-03-28 10:43:47,110 ERROR [http-nio-8080-exec-7] s.c.a.ExceptionAdvice [ExceptionAdvice.java:33] org.apache.catalina.core.ApplicationFilterChain.internalDoFilter(ApplicationFilterChain.java:189)
2022-03-28 10:43:47,110 ERROR [http-nio-8080-exec-7] s.c.a.ExceptionAdvice [ExceptionAdvice.java:33] org.apache.catalina.core.ApplicationFilterChain.doFilter(ApplicationFilterChain.java:162)
2022-03-28 10:43:47,110 ERROR [http-nio-8080-exec-7] s.c.a.ExceptionAdvice [ExceptionAdvice.java:33] org.springframework.web.filter.RequestContextFilter.doFilterInternal(RequestContextFilter.java:100)
2022-03-28 10:43:47,110 ERROR [http-nio-8080-exec-7] s.c.a.ExceptionAdvice [ExceptionAdvice.java:33] org.springframework.web.filter.OncePerRequestFilter.doFilter(OncePerRequestFilter.java:117)
2022-03-28 10:43:47,111 ERROR [http-nio-8080-exec-7] s.c.a.ExceptionAdvice [ExceptionAdvice.java:33] org.apache.catalina.core.ApplicationFilterChain.internalDoFilter(ApplicationFilterChain.java:189)
2022-03-28 10:43:47,111 ERROR [http-nio-8080-exec-7] s.c.a.ExceptionAdvice [ExceptionAdvice.java:33] org.apache.catalina.core.ApplicationFilterChain.doFilter(ApplicationFilterChain.java:162)
2022-03-28 10:43:47,111 ERROR [http-nio-8080-exec-7] s.c.a.ExceptionAdvice [ExceptionAdvice.java:33] org.springframework.web.filter.FormContentFilter.doFilterInternal(FormContentFilter.java:93)
2022-03-28 10:43:47,111 ERROR [http-nio-8080-exec-7] s.c.a.ExceptionAdvice [ExceptionAdvice.java:33] org.springframework.web.filter.OncePerRequestFilter.doFilter(OncePerRequestFilter.java:117)
2022-03-28 10:43:47,112 ERROR [http-nio-8080-exec-7] s.c.a.ExceptionAdvice [ExceptionAdvice.java:33] org.apache.catalina.core.ApplicationFilterChain.internalDoFilter(ApplicationFilterChain.java:189)
2022-03-28 10:43:47,112 ERROR [http-nio-8080-exec-7] s.c.a.ExceptionAdvice [ExceptionAdvice.java:33] org.apache.catalina.core.ApplicationFilterChain.doFilter(ApplicationFilterChain.java:162)
2022-03-28 10:43:47,112 ERROR [http-nio-8080-exec-7] s.c.a.ExceptionAdvice [ExceptionAdvice.java:33] org.springframework.web.filter.CharacterEncodingFilter.doFilterInternal(CharacterEncodingFilter.java:201)
2022-03-28 10:43:47,113 ERROR [http-nio-8080-exec-7] s.c.a.ExceptionAdvice [ExceptionAdvice.java:33] org.springframework.web.filter.OncePerRequestFilter.doFilter(OncePerRequestFilter.java:117)
2022-03-28 10:43:47,113 ERROR [http-nio-8080-exec-7] s.c.a.ExceptionAdvice [ExceptionAdvice.java:33] org.apache.catalina.core.ApplicationFilterChain.internalDoFilter(ApplicationFilterChain.java:189)
2022-03-28 10:43:47,114 ERROR [http-nio-8080-exec-7] s.c.a.ExceptionAdvice [ExceptionAdvice.java:33] org.apache.catalina.core.ApplicationFilterChain.doFilter(ApplicationFilterChain.java:162)
2022-03-28 10:43:47,115 ERROR [http-nio-8080-exec-7] s.c.a.ExceptionAdvice [ExceptionAdvice.java:33] org.apache.catalina.core.StandardWrapperValve.invoke(StandardWrapperValve.java:197)
2022-03-28 10:43:47,116 ERROR [http-nio-8080-exec-7] s.c.a.ExceptionAdvice [ExceptionAdvice.java:33] org.apache.catalina.core.StandardContextValve.invoke(StandardContextValve.java:97)
2022-03-28 10:43:47,117 ERROR [http-nio-8080-exec-7] s.c.a.ExceptionAdvice [ExceptionAdvice.java:33] org.apache.catalina.authenticator.AuthenticatorBase.invoke(AuthenticatorBase.java:540)
2022-03-28 10:43:47,118 ERROR [http-nio-8080-exec-7] s.c.a.ExceptionAdvice [ExceptionAdvice.java:33] org.apache.catalina.core.StandardHostValve.invoke(StandardHostValve.java:135)
2022-03-28 10:43:47,118 ERROR [http-nio-8080-exec-7] s.c.a.ExceptionAdvice [ExceptionAdvice.java:33] org.apache.catalina.valves.ErrorReportValve.invoke(ErrorReportValve.java:92)
2022-03-28 10:43:47,119 ERROR [http-nio-8080-exec-7] s.c.a.ExceptionAdvice [ExceptionAdvice.java:33] org.apache.catalina.core.StandardEngineValve.invoke(StandardEngineValve.java:78)
2022-03-28 10:43:47,120 ERROR [http-nio-8080-exec-7] s.c.a.ExceptionAdvice [ExceptionAdvice.java:33] org.apache.catalina.connector.CoyoteAdapter.service(CoyoteAdapter.java:359)
2022-03-28 10:43:47,120 ERROR [http-nio-8080-exec-7] s.c.a.ExceptionAdvice [ExceptionAdvice.java:33] org.apache.coyote.http11.Http11Processor.service(Http11Processor.java:399)
2022-03-28 10:43:47,121 ERROR [http-nio-8080-exec-7] s.c.a.ExceptionAdvice [ExceptionAdvice.java:33] org.apache.coyote.AbstractProcessorLight.process(AbstractProcessorLight.java:65)
2022-03-28 10:43:47,121 ERROR [http-nio-8080-exec-7] s.c.a.ExceptionAdvice [ExceptionAdvice.java:33] org.apache.coyote.AbstractProtocol$ConnectionHandler.process(AbstractProtocol.java:889)
2022-03-28 10:43:47,121 ERROR [http-nio-8080-exec-7] s.c.a.ExceptionAdvice [ExceptionAdvice.java:33] org.apache.tomcat.util.net.NioEndpoint$SocketProcessor.doRun(NioEndpoint.java:1735)
2022-03-28 10:43:47,121 ERROR [http-nio-8080-exec-7] s.c.a.ExceptionAdvice [ExceptionAdvice.java:33] org.apache.tomcat.util.net.SocketProcessorBase.run(SocketProcessorBase.java:49)
2022-03-28 10:43:47,122 ERROR [http-nio-8080-exec-7] s.c.a.ExceptionAdvice [ExceptionAdvice.java:33] org.apache.tomcat.util.threads.ThreadPoolExecutor.runWorker(ThreadPoolExecutor.java:1191)
2022-03-28 10:43:47,122 ERROR [http-nio-8080-exec-7] s.c.a.ExceptionAdvice [ExceptionAdvice.java:33] org.apache.tomcat.util.threads.ThreadPoolExecutor$Worker.run(ThreadPoolExecutor.java:659)
2022-03-28 10:43:47,122 ERROR [http-nio-8080-exec-7] s.c.a.ExceptionAdvice [ExceptionAdvice.java:33] org.apache.tomcat.util.threads.TaskThread$WrappingRunnable.run(TaskThread.java:61)
2022-03-28 10:43:47,122 ERROR [http-nio-8080-exec-7] s.c.a.ExceptionAdvice [ExceptionAdvice.java:33] java.lang.Thread.run(Thread.java:750)
2022-03-28 10:43:54,730 ERROR [http-nio-8080-exec-8] s.c.a.ExceptionAdvice [ExceptionAdvice.java:31] 服务器异常：Failed to convert value of type 'java.lang.String' to required type 'int'; nested exception is java.lang.NumberFormatException: For input string: ""
2022-03-28 10:43:54,731 ERROR [http-nio-8080-exec-8] s.c.a.ExceptionAdvice [ExceptionAdvice.java:33] org.springframework.web.method.annotation.AbstractNamedValueMethodArgumentResolver.resolveArgument(AbstractNamedValueMethodArgumentResolver.java:133)
2022-03-28 10:43:54,732 ERROR [http-nio-8080-exec-8] s.c.a.ExceptionAdvice [ExceptionAdvice.java:33] org.springframework.web.method.support.HandlerMethodArgumentResolverComposite.resolveArgument(HandlerMethodArgumentResolverComposite.java:122)
2022-03-28 10:43:54,732 ERROR [http-nio-8080-exec-8] s.c.a.ExceptionAdvice [ExceptionAdvice.java:33] org.springframework.web.method.support.InvocableHandlerMethod.getMethodArgumentValues(InvocableHandlerMethod.java:179)
2022-03-28 10:43:54,732 ERROR [http-nio-8080-exec-8] s.c.a.ExceptionAdvice [ExceptionAdvice.java:33] org.springframework.web.method.support.InvocableHandlerMethod.invokeForRequest(InvocableHandlerMethod.java:146)
2022-03-28 10:43:54,733 ERROR [http-nio-8080-exec-8] s.c.a.ExceptionAdvice [ExceptionAdvice.java:33] org.springframework.web.servlet.mvc.method.annotation.ServletInvocableHandlerMethod.invokeAndHandle(ServletInvocableHandlerMethod.java:117)
2022-03-28 10:43:54,733 ERROR [http-nio-8080-exec-8] s.c.a.ExceptionAdvice [ExceptionAdvice.java:33] org.springframework.web.servlet.mvc.method.annotation.RequestMappingHandlerAdapter.invokeHandlerMethod(RequestMappingHandlerAdapter.java:895)
2022-03-28 10:43:54,733 ERROR [http-nio-8080-exec-8] s.c.a.ExceptionAdvice [ExceptionAdvice.java:33] org.springframework.web.servlet.mvc.method.annotation.RequestMappingHandlerAdapter.handleInternal(RequestMappingHandlerAdapter.java:808)
2022-03-28 10:43:54,734 ERROR [http-nio-8080-exec-8] s.c.a.ExceptionAdvice [ExceptionAdvice.java:33] org.springframework.web.servlet.mvc.method.AbstractHandlerMethodAdapter.handle(AbstractHandlerMethodAdapter.java:87)
2022-03-28 10:43:54,734 ERROR [http-nio-8080-exec-8] s.c.a.ExceptionAdvice [ExceptionAdvice.java:33] org.springframework.web.servlet.DispatcherServlet.doDispatch(DispatcherServlet.java:1067)
2022-03-28 10:43:54,735 ERROR [http-nio-8080-exec-8] s.c.a.ExceptionAdvice [ExceptionAdvice.java:33] org.springframework.web.servlet.DispatcherServlet.doService(DispatcherServlet.java:963)
2022-03-28 10:43:54,735 ERROR [http-nio-8080-exec-8] s.c.a.ExceptionAdvice [ExceptionAdvice.java:33] org.springframework.web.servlet.FrameworkServlet.processRequest(FrameworkServlet.java:1006)
2022-03-28 10:43:54,736 ERROR [http-nio-8080-exec-8] s.c.a.ExceptionAdvice [ExceptionAdvice.java:33] org.springframework.web.servlet.FrameworkServlet.doPost(FrameworkServlet.java:909)
2022-03-28 10:43:54,736 ERROR [http-nio-8080-exec-8] s.c.a.ExceptionAdvice [ExceptionAdvice.java:33] javax.servlet.http.HttpServlet.service(HttpServlet.java:681)
2022-03-28 10:43:54,736 ERROR [http-nio-8080-exec-8] s.c.a.ExceptionAdvice [ExceptionAdvice.java:33] org.springframework.web.servlet.FrameworkServlet.service(FrameworkServlet.java:883)
2022-03-28 10:43:54,737 ERROR [http-nio-8080-exec-8] s.c.a.ExceptionAdvice [ExceptionAdvice.java:33] javax.servlet.http.HttpServlet.service(HttpServlet.java:764)
2022-03-28 10:43:54,737 ERROR [http-nio-8080-exec-8] s.c.a.ExceptionAdvice [ExceptionAdvice.java:33] org.apache.catalina.core.ApplicationFilterChain.internalDoFilter(ApplicationFilterChain.java:227)
2022-03-28 10:43:54,737 ERROR [http-nio-8080-exec-8] s.c.a.ExceptionAdvice [ExceptionAdvice.java:33] org.apache.catalina.core.ApplicationFilterChain.doFilter(ApplicationFilterChain.java:162)
2022-03-28 10:43:54,738 ERROR [http-nio-8080-exec-8] s.c.a.ExceptionAdvice [ExceptionAdvice.java:33] org.apache.tomcat.websocket.server.WsFilter.doFilter(WsFilter.java:53)
2022-03-28 10:43:54,738 ERROR [http-nio-8080-exec-8] s.c.a.ExceptionAdvice [ExceptionAdvice.java:33] org.apache.catalina.core.ApplicationFilterChain.internalDoFilter(ApplicationFilterChain.java:189)
2022-03-28 10:43:54,739 ERROR [http-nio-8080-exec-8] s.c.a.ExceptionAdvice [ExceptionAdvice.java:33] org.apache.catalina.core.ApplicationFilterChain.doFilter(ApplicationFilterChain.java:162)
2022-03-28 10:43:54,740 ERROR [http-nio-8080-exec-8] s.c.a.ExceptionAdvice [ExceptionAdvice.java:33] org.springframework.web.filter.RequestContextFilter.doFilterInternal(RequestContextFilter.java:100)
2022-03-28 10:43:54,741 ERROR [http-nio-8080-exec-8] s.c.a.ExceptionAdvice [ExceptionAdvice.java:33] org.springframework.web.filter.OncePerRequestFilter.doFilter(OncePerRequestFilter.java:117)
2022-03-28 10:43:54,741 ERROR [http-nio-8080-exec-8] s.c.a.ExceptionAdvice [ExceptionAdvice.java:33] org.apache.catalina.core.ApplicationFilterChain.internalDoFilter(ApplicationFilterChain.java:189)
2022-03-28 10:43:54,742 ERROR [http-nio-8080-exec-8] s.c.a.ExceptionAdvice [ExceptionAdvice.java:33] org.apache.catalina.core.ApplicationFilterChain.doFilter(ApplicationFilterChain.java:162)
2022-03-28 10:43:54,743 ERROR [http-nio-8080-exec-8] s.c.a.ExceptionAdvice [ExceptionAdvice.java:33] org.springframework.web.filter.FormContentFilter.doFilterInternal(FormContentFilter.java:93)
2022-03-28 10:43:54,743 ERROR [http-nio-8080-exec-8] s.c.a.ExceptionAdvice [ExceptionAdvice.java:33] org.springframework.web.filter.OncePerRequestFilter.doFilter(OncePerRequestFilter.java:117)
2022-03-28 10:43:54,744 ERROR [http-nio-8080-exec-8] s.c.a.ExceptionAdvice [ExceptionAdvice.java:33] org.apache.catalina.core.ApplicationFilterChain.internalDoFilter(ApplicationFilterChain.java:189)
2022-03-28 10:43:54,745 ERROR [http-nio-8080-exec-8] s.c.a.ExceptionAdvice [ExceptionAdvice.java:33] org.apache.catalina.core.ApplicationFilterChain.doFilter(ApplicationFilterChain.java:162)
2022-03-28 10:43:54,745 ERROR [http-nio-8080-exec-8] s.c.a.ExceptionAdvice [ExceptionAdvice.java:33] org.springframework.web.filter.CharacterEncodingFilter.doFilterInternal(CharacterEncodingFilter.java:201)
2022-03-28 10:43:54,745 ERROR [http-nio-8080-exec-8] s.c.a.ExceptionAdvice [ExceptionAdvice.java:33] org.springframework.web.filter.OncePerRequestFilter.doFilter(OncePerRequestFilter.java:117)
2022-03-28 10:43:54,746 ERROR [http-nio-8080-exec-8] s.c.a.ExceptionAdvice [ExceptionAdvice.java:33] org.apache.catalina.core.ApplicationFilterChain.internalDoFilter(ApplicationFilterChain.java:189)
2022-03-28 10:43:54,746 ERROR [http-nio-8080-exec-8] s.c.a.ExceptionAdvice [ExceptionAdvice.java:33] org.apache.catalina.core.ApplicationFilterChain.doFilter(ApplicationFilterChain.java:162)
2022-03-28 10:43:54,746 ERROR [http-nio-8080-exec-8] s.c.a.ExceptionAdvice [ExceptionAdvice.java:33] org.apache.catalina.core.StandardWrapperValve.invoke(StandardWrapperValve.java:197)
2022-03-28 10:43:54,747 ERROR [http-nio-8080-exec-8] s.c.a.ExceptionAdvice [ExceptionAdvice.java:33] org.apache.catalina.core.StandardContextValve.invoke(StandardContextValve.java:97)
2022-03-28 10:43:54,747 ERROR [http-nio-8080-exec-8] s.c.a.ExceptionAdvice [ExceptionAdvice.java:33] org.apache.catalina.authenticator.AuthenticatorBase.invoke(AuthenticatorBase.java:540)
2022-03-28 10:43:54,748 ERROR [http-nio-8080-exec-8] s.c.a.ExceptionAdvice [ExceptionAdvice.java:33] org.apache.catalina.core.StandardHostValve.invoke(StandardHostValve.java:135)
2022-03-28 10:43:54,748 ERROR [http-nio-8080-exec-8] s.c.a.ExceptionAdvice [ExceptionAdvice.java:33] org.apache.catalina.valves.ErrorReportValve.invoke(ErrorReportValve.java:92)
2022-03-28 10:43:54,749 ERROR [http-nio-8080-exec-8] s.c.a.ExceptionAdvice [ExceptionAdvice.java:33] org.apache.catalina.core.StandardEngineValve.invoke(StandardEngineValve.java:78)
2022-03-28 10:43:54,749 ERROR [http-nio-8080-exec-8] s.c.a.ExceptionAdvice [ExceptionAdvice.java:33] org.apache.catalina.connector.CoyoteAdapter.service(CoyoteAdapter.java:359)
2022-03-28 10:43:54,749 ERROR [http-nio-8080-exec-8] s.c.a.ExceptionAdvice [ExceptionAdvice.java:33] org.apache.coyote.http11.Http11Processor.service(Http11Processor.java:399)
2022-03-28 10:43:54,749 ERROR [http-nio-8080-exec-8] s.c.a.ExceptionAdvice [ExceptionAdvice.java:33] org.apache.coyote.AbstractProcessorLight.process(AbstractProcessorLight.java:65)
2022-03-28 10:43:54,750 ERROR [http-nio-8080-exec-8] s.c.a.ExceptionAdvice [ExceptionAdvice.java:33] org.apache.coyote.AbstractProtocol$ConnectionHandler.process(AbstractProtocol.java:889)
2022-03-28 10:43:54,751 ERROR [http-nio-8080-exec-8] s.c.a.ExceptionAdvice [ExceptionAdvice.java:33] org.apache.tomcat.util.net.NioEndpoint$SocketProcessor.doRun(NioEndpoint.java:1735)
2022-03-28 10:43:54,752 ERROR [http-nio-8080-exec-8] s.c.a.ExceptionAdvice [ExceptionAdvice.java:33] org.apache.tomcat.util.net.SocketProcessorBase.run(SocketProcessorBase.java:49)
2022-03-28 10:43:54,753 ERROR [http-nio-8080-exec-8] s.c.a.ExceptionAdvice [ExceptionAdvice.java:33] org.apache.tomcat.util.threads.ThreadPoolExecutor.runWorker(ThreadPoolExecutor.java:1191)
2022-03-28 10:43:54,754 ERROR [http-nio-8080-exec-8] s.c.a.ExceptionAdvice [ExceptionAdvice.java:33] org.apache.tomcat.util.threads.ThreadPoolExecutor$Worker.run(ThreadPoolExecutor.java:659)
2022-03-28 10:43:54,756 ERROR [http-nio-8080-exec-8] s.c.a.ExceptionAdvice [ExceptionAdvice.java:33] org.apache.tomcat.util.threads.TaskThread$WrappingRunnable.run(TaskThread.java:61)
2022-03-28 10:43:54,757 ERROR [http-nio-8080-exec-8] s.c.a.ExceptionAdvice [ExceptionAdvice.java:33] java.lang.Thread.run(Thread.java:750)
2022-03-28 10:43:58,122 ERROR [http-nio-8080-exec-9] s.c.a.ExceptionAdvice [ExceptionAdvice.java:31] 服务器异常：Failed to convert value of type 'java.lang.String' to required type 'int'; nested exception is java.lang.NumberFormatException: For input string: ""
2022-03-28 10:43:58,123 ERROR [http-nio-8080-exec-9] s.c.a.ExceptionAdvice [ExceptionAdvice.java:33] org.springframework.web.method.annotation.AbstractNamedValueMethodArgumentResolver.resolveArgument(AbstractNamedValueMethodArgumentResolver.java:133)
2022-03-28 10:43:58,123 ERROR [http-nio-8080-exec-9] s.c.a.ExceptionAdvice [ExceptionAdvice.java:33] org.springframework.web.method.support.HandlerMethodArgumentResolverComposite.resolveArgument(HandlerMethodArgumentResolverComposite.java:122)
2022-03-28 10:43:58,123 ERROR [http-nio-8080-exec-9] s.c.a.ExceptionAdvice [ExceptionAdvice.java:33] org.springframework.web.method.support.InvocableHandlerMethod.getMethodArgumentValues(InvocableHandlerMethod.java:179)
2022-03-28 10:43:58,123 ERROR [http-nio-8080-exec-9] s.c.a.ExceptionAdvice [ExceptionAdvice.java:33] org.springframework.web.method.support.InvocableHandlerMethod.invokeForRequest(InvocableHandlerMethod.java:146)
2022-03-28 10:43:58,123 ERROR [http-nio-8080-exec-9] s.c.a.ExceptionAdvice [ExceptionAdvice.java:33] org.springframework.web.servlet.mvc.method.annotation.ServletInvocableHandlerMethod.invokeAndHandle(ServletInvocableHandlerMethod.java:117)
2022-03-28 10:43:58,124 ERROR [http-nio-8080-exec-9] s.c.a.ExceptionAdvice [ExceptionAdvice.java:33] org.springframework.web.servlet.mvc.method.annotation.RequestMappingHandlerAdapter.invokeHandlerMethod(RequestMappingHandlerAdapter.java:895)
2022-03-28 10:43:58,124 ERROR [http-nio-8080-exec-9] s.c.a.ExceptionAdvice [ExceptionAdvice.java:33] org.springframework.web.servlet.mvc.method.annotation.RequestMappingHandlerAdapter.handleInternal(RequestMappingHandlerAdapter.java:808)
2022-03-28 10:43:58,124 ERROR [http-nio-8080-exec-9] s.c.a.ExceptionAdvice [ExceptionAdvice.java:33] org.springframework.web.servlet.mvc.method.AbstractHandlerMethodAdapter.handle(AbstractHandlerMethodAdapter.java:87)
2022-03-28 10:43:58,124 ERROR [http-nio-8080-exec-9] s.c.a.ExceptionAdvice [ExceptionAdvice.java:33] org.springframework.web.servlet.DispatcherServlet.doDispatch(DispatcherServlet.java:1067)
2022-03-28 10:43:58,125 ERROR [http-nio-8080-exec-9] s.c.a.ExceptionAdvice [ExceptionAdvice.java:33] org.springframework.web.servlet.DispatcherServlet.doService(DispatcherServlet.java:963)
2022-03-28 10:43:58,126 ERROR [http-nio-8080-exec-9] s.c.a.ExceptionAdvice [ExceptionAdvice.java:33] org.springframework.web.servlet.FrameworkServlet.processRequest(FrameworkServlet.java:1006)
2022-03-28 10:43:58,127 ERROR [http-nio-8080-exec-9] s.c.a.ExceptionAdvice [ExceptionAdvice.java:33] org.springframework.web.servlet.FrameworkServlet.doPost(FrameworkServlet.java:909)
2022-03-28 10:43:58,127 ERROR [http-nio-8080-exec-9] s.c.a.ExceptionAdvice [ExceptionAdvice.java:33] javax.servlet.http.HttpServlet.service(HttpServlet.java:681)
2022-03-28 10:43:58,128 ERROR [http-nio-8080-exec-9] s.c.a.ExceptionAdvice [ExceptionAdvice.java:33] org.springframework.web.servlet.FrameworkServlet.service(FrameworkServlet.java:883)
2022-03-28 10:43:58,129 ERROR [http-nio-8080-exec-9] s.c.a.ExceptionAdvice [ExceptionAdvice.java:33] javax.servlet.http.HttpServlet.service(HttpServlet.java:764)
2022-03-28 10:43:58,129 ERROR [http-nio-8080-exec-9] s.c.a.ExceptionAdvice [ExceptionAdvice.java:33] org.apache.catalina.core.ApplicationFilterChain.internalDoFilter(ApplicationFilterChain.java:227)
2022-03-28 10:43:58,130 ERROR [http-nio-8080-exec-9] s.c.a.ExceptionAdvice [ExceptionAdvice.java:33] org.apache.catalina.core.ApplicationFilterChain.doFilter(ApplicationFilterChain.java:162)
2022-03-28 10:43:58,130 ERROR [http-nio-8080-exec-9] s.c.a.ExceptionAdvice [ExceptionAdvice.java:33] org.apache.tomcat.websocket.server.WsFilter.doFilter(WsFilter.java:53)
2022-03-28 10:43:58,130 ERROR [http-nio-8080-exec-9] s.c.a.ExceptionAdvice [ExceptionAdvice.java:33] org.apache.catalina.core.ApplicationFilterChain.internalDoFilter(ApplicationFilterChain.java:189)
2022-03-28 10:43:58,130 ERROR [http-nio-8080-exec-9] s.c.a.ExceptionAdvice [ExceptionAdvice.java:33] org.apache.catalina.core.ApplicationFilterChain.doFilter(ApplicationFilterChain.java:162)
2022-03-28 10:43:58,131 ERROR [http-nio-8080-exec-9] s.c.a.ExceptionAdvice [ExceptionAdvice.java:33] org.springframework.web.filter.RequestContextFilter.doFilterInternal(RequestContextFilter.java:100)
2022-03-28 10:43:58,131 ERROR [http-nio-8080-exec-9] s.c.a.ExceptionAdvice [ExceptionAdvice.java:33] org.springframework.web.filter.OncePerRequestFilter.doFilter(OncePerRequestFilter.java:117)
2022-03-28 10:43:58,131 ERROR [http-nio-8080-exec-9] s.c.a.ExceptionAdvice [ExceptionAdvice.java:33] org.apache.catalina.core.ApplicationFilterChain.internalDoFilter(ApplicationFilterChain.java:189)
2022-03-28 10:43:58,131 ERROR [http-nio-8080-exec-9] s.c.a.ExceptionAdvice [ExceptionAdvice.java:33] org.apache.catalina.core.ApplicationFilterChain.doFilter(ApplicationFilterChain.java:162)
2022-03-28 10:43:58,131 ERROR [http-nio-8080-exec-9] s.c.a.ExceptionAdvice [ExceptionAdvice.java:33] org.springframework.web.filter.FormContentFilter.doFilterInternal(FormContentFilter.java:93)
2022-03-28 10:43:58,132 ERROR [http-nio-8080-exec-9] s.c.a.ExceptionAdvice [ExceptionAdvice.java:33] org.springframework.web.filter.OncePerRequestFilter.doFilter(OncePerRequestFilter.java:117)
2022-03-28 10:43:58,132 ERROR [http-nio-8080-exec-9] s.c.a.ExceptionAdvice [ExceptionAdvice.java:33] org.apache.catalina.core.ApplicationFilterChain.internalDoFilter(ApplicationFilterChain.java:189)
2022-03-28 10:43:58,132 ERROR [http-nio-8080-exec-9] s.c.a.ExceptionAdvice [ExceptionAdvice.java:33] org.apache.catalina.core.ApplicationFilterChain.doFilter(ApplicationFilterChain.java:162)
2022-03-28 10:43:58,132 ERROR [http-nio-8080-exec-9] s.c.a.ExceptionAdvice [ExceptionAdvice.java:33] org.springframework.web.filter.CharacterEncodingFilter.doFilterInternal(CharacterEncodingFilter.java:201)
2022-03-28 10:43:58,133 ERROR [http-nio-8080-exec-9] s.c.a.ExceptionAdvice [ExceptionAdvice.java:33] org.springframework.web.filter.OncePerRequestFilter.doFilter(OncePerRequestFilter.java:117)
2022-03-28 10:43:58,134 ERROR [http-nio-8080-exec-9] s.c.a.ExceptionAdvice [ExceptionAdvice.java:33] org.apache.catalina.core.ApplicationFilterChain.internalDoFilter(ApplicationFilterChain.java:189)
2022-03-28 10:43:58,134 ERROR [http-nio-8080-exec-9] s.c.a.ExceptionAdvice [ExceptionAdvice.java:33] org.apache.catalina.core.ApplicationFilterChain.doFilter(ApplicationFilterChain.java:162)
2022-03-28 10:43:58,134 ERROR [http-nio-8080-exec-9] s.c.a.ExceptionAdvice [ExceptionAdvice.java:33] org.apache.catalina.core.StandardWrapperValve.invoke(StandardWrapperValve.java:197)
2022-03-28 10:43:58,135 ERROR [http-nio-8080-exec-9] s.c.a.ExceptionAdvice [ExceptionAdvice.java:33] org.apache.catalina.core.StandardContextValve.invoke(StandardContextValve.java:97)
2022-03-28 10:43:58,135 ERROR [http-nio-8080-exec-9] s.c.a.ExceptionAdvice [ExceptionAdvice.java:33] org.apache.catalina.authenticator.AuthenticatorBase.invoke(AuthenticatorBase.java:540)
2022-03-28 10:43:58,135 ERROR [http-nio-8080-exec-9] s.c.a.ExceptionAdvice [ExceptionAdvice.java:33] org.apache.catalina.core.StandardHostValve.invoke(StandardHostValve.java:135)
2022-03-28 10:43:58,135 ERROR [http-nio-8080-exec-9] s.c.a.ExceptionAdvice [ExceptionAdvice.java:33] org.apache.catalina.valves.ErrorReportValve.invoke(ErrorReportValve.java:92)
2022-03-28 10:43:58,135 ERROR [http-nio-8080-exec-9] s.c.a.ExceptionAdvice [ExceptionAdvice.java:33] org.apache.catalina.core.StandardEngineValve.invoke(StandardEngineValve.java:78)
2022-03-28 10:43:58,135 ERROR [http-nio-8080-exec-9] s.c.a.ExceptionAdvice [ExceptionAdvice.java:33] org.apache.catalina.connector.CoyoteAdapter.service(CoyoteAdapter.java:359)
2022-03-28 10:43:58,136 ERROR [http-nio-8080-exec-9] s.c.a.ExceptionAdvice [ExceptionAdvice.java:33] org.apache.coyote.http11.Http11Processor.service(Http11Processor.java:399)
2022-03-28 10:43:58,136 ERROR [http-nio-8080-exec-9] s.c.a.ExceptionAdvice [ExceptionAdvice.java:33] org.apache.coyote.AbstractProcessorLight.process(AbstractProcessorLight.java:65)
2022-03-28 10:43:58,136 ERROR [http-nio-8080-exec-9] s.c.a.ExceptionAdvice [ExceptionAdvice.java:33] org.apache.coyote.AbstractProtocol$ConnectionHandler.process(AbstractProtocol.java:889)
2022-03-28 10:43:58,136 ERROR [http-nio-8080-exec-9] s.c.a.ExceptionAdvice [ExceptionAdvice.java:33] org.apache.tomcat.util.net.NioEndpoint$SocketProcessor.doRun(NioEndpoint.java:1735)
2022-03-28 10:43:58,136 ERROR [http-nio-8080-exec-9] s.c.a.ExceptionAdvice [ExceptionAdvice.java:33] org.apache.tomcat.util.net.SocketProcessorBase.run(SocketProcessorBase.java:49)
2022-03-28 10:43:58,136 ERROR [http-nio-8080-exec-9] s.c.a.ExceptionAdvice [ExceptionAdvice.java:33] org.apache.tomcat.util.threads.ThreadPoolExecutor.runWorker(ThreadPoolExecutor.java:1191)
2022-03-28 10:43:58,136 ERROR [http-nio-8080-exec-9] s.c.a.ExceptionAdvice [ExceptionAdvice.java:33] org.apache.tomcat.util.threads.ThreadPoolExecutor$Worker.run(ThreadPoolExecutor.java:659)
2022-03-28 10:43:58,137 ERROR [http-nio-8080-exec-9] s.c.a.ExceptionAdvice [ExceptionAdvice.java:33] org.apache.tomcat.util.threads.TaskThread$WrappingRunnable.run(TaskThread.java:61)
2022-03-28 10:43:58,137 ERROR [http-nio-8080-exec-9] s.c.a.ExceptionAdvice [ExceptionAdvice.java:33] java.lang.Thread.run(Thread.java:750)
2022-03-28 10:44:00,646 ERROR [http-nio-8080-exec-10] s.c.a.ExceptionAdvice [ExceptionAdvice.java:31] 服务器异常：For input string: "profile.html"
2022-03-28 10:44:00,647 ERROR [http-nio-8080-exec-10] s.c.a.ExceptionAdvice [ExceptionAdvice.java:33] java.lang.NumberFormatException.forInputString(NumberFormatException.java:65)
2022-03-28 10:44:00,647 ERROR [http-nio-8080-exec-10] s.c.a.ExceptionAdvice [ExceptionAdvice.java:33] java.lang.Integer.parseInt(Integer.java:580)
2022-03-28 10:44:00,648 ERROR [http-nio-8080-exec-10] s.c.a.ExceptionAdvice [ExceptionAdvice.java:33] java.lang.Integer.parseInt(Integer.java:615)
2022-03-28 10:44:00,648 ERROR [http-nio-8080-exec-10] s.c.a.ExceptionAdvice [ExceptionAdvice.java:33] spring01.controller.MessageController.getLetterTarget(MessageController.java:111)
2022-03-28 10:44:00,648 ERROR [http-nio-8080-exec-10] s.c.a.ExceptionAdvice [ExceptionAdvice.java:33] spring01.controller.MessageController.getLetterDetail(MessageController.java:98)
2022-03-28 10:44:00,648 ERROR [http-nio-8080-exec-10] s.c.a.ExceptionAdvice [ExceptionAdvice.java:33] sun.reflect.NativeMethodAccessorImpl.invoke0(Native Method)
2022-03-28 10:44:00,649 ERROR [http-nio-8080-exec-10] s.c.a.ExceptionAdvice [ExceptionAdvice.java:33] sun.reflect.NativeMethodAccessorImpl.invoke(NativeMethodAccessorImpl.java:62)
2022-03-28 10:44:00,649 ERROR [http-nio-8080-exec-10] s.c.a.ExceptionAdvice [ExceptionAdvice.java:33] sun.reflect.DelegatingMethodAccessorImpl.invoke(DelegatingMethodAccessorImpl.java:43)
2022-03-28 10:44:00,649 ERROR [http-nio-8080-exec-10] s.c.a.ExceptionAdvice [ExceptionAdvice.java:33] java.lang.reflect.Method.invoke(Method.java:498)
2022-03-28 10:44:00,649 ERROR [http-nio-8080-exec-10] s.c.a.ExceptionAdvice [ExceptionAdvice.java:33] org.springframework.web.method.support.InvocableHandlerMethod.doInvoke(InvocableHandlerMethod.java:205)
2022-03-28 10:44:00,650 ERROR [http-nio-8080-exec-10] s.c.a.ExceptionAdvice [ExceptionAdvice.java:33] org.springframework.web.method.support.InvocableHandlerMethod.invokeForRequest(InvocableHandlerMethod.java:150)
2022-03-28 10:44:00,650 ERROR [http-nio-8080-exec-10] s.c.a.ExceptionAdvice [ExceptionAdvice.java:33] org.springframework.web.servlet.mvc.method.annotation.ServletInvocableHandlerMethod.invokeAndHandle(ServletInvocableHandlerMethod.java:117)
2022-03-28 10:44:00,650 ERROR [http-nio-8080-exec-10] s.c.a.ExceptionAdvice [ExceptionAdvice.java:33] org.springframework.web.servlet.mvc.method.annotation.RequestMappingHandlerAdapter.invokeHandlerMethod(RequestMappingHandlerAdapter.java:895)
2022-03-28 10:44:00,650 ERROR [http-nio-8080-exec-10] s.c.a.ExceptionAdvice [ExceptionAdvice.java:33] org.springframework.web.servlet.mvc.method.annotation.RequestMappingHandlerAdapter.handleInternal(RequestMappingHandlerAdapter.java:808)
2022-03-28 10:44:00,651 ERROR [http-nio-8080-exec-10] s.c.a.ExceptionAdvice [ExceptionAdvice.java:33] org.springframework.web.servlet.mvc.method.AbstractHandlerMethodAdapter.handle(AbstractHandlerMethodAdapter.java:87)
2022-03-28 10:44:00,651 ERROR [http-nio-8080-exec-10] s.c.a.ExceptionAdvice [ExceptionAdvice.java:33] org.springframework.web.servlet.DispatcherServlet.doDispatch(DispatcherServlet.java:1067)
2022-03-28 10:44:00,651 ERROR [http-nio-8080-exec-10] s.c.a.ExceptionAdvice [ExceptionAdvice.java:33] org.springframework.web.servlet.DispatcherServlet.doService(DispatcherServlet.java:963)
2022-03-28 10:44:00,651 ERROR [http-nio-8080-exec-10] s.c.a.ExceptionAdvice [ExceptionAdvice.java:33] org.springframework.web.servlet.FrameworkServlet.processRequest(FrameworkServlet.java:1006)
2022-03-28 10:44:00,651 ERROR [http-nio-8080-exec-10] s.c.a.ExceptionAdvice [ExceptionAdvice.java:33] org.springframework.web.servlet.FrameworkServlet.doGet(FrameworkServlet.java:898)
2022-03-28 10:44:00,651 ERROR [http-nio-8080-exec-10] s.c.a.ExceptionAdvice [ExceptionAdvice.java:33] javax.servlet.http.HttpServlet.service(HttpServlet.java:655)
2022-03-28 10:44:00,651 ERROR [http-nio-8080-exec-10] s.c.a.ExceptionAdvice [ExceptionAdvice.java:33] org.springframework.web.servlet.FrameworkServlet.service(FrameworkServlet.java:883)
2022-03-28 10:44:00,652 ERROR [http-nio-8080-exec-10] s.c.a.ExceptionAdvice [ExceptionAdvice.java:33] javax.servlet.http.HttpServlet.service(HttpServlet.java:764)
2022-03-28 10:44:00,652 ERROR [http-nio-8080-exec-10] s.c.a.ExceptionAdvice [ExceptionAdvice.java:33] org.apache.catalina.core.ApplicationFilterChain.internalDoFilter(ApplicationFilterChain.java:227)
2022-03-28 10:44:00,652 ERROR [http-nio-8080-exec-10] s.c.a.ExceptionAdvice [ExceptionAdvice.java:33] org.apache.catalina.core.ApplicationFilterChain.doFilter(ApplicationFilterChain.java:162)
2022-03-28 10:44:00,652 ERROR [http-nio-8080-exec-10] s.c.a.ExceptionAdvice [ExceptionAdvice.java:33] org.apache.tomcat.websocket.server.WsFilter.doFilter(WsFilter.java:53)
2022-03-28 10:44:00,652 ERROR [http-nio-8080-exec-10] s.c.a.ExceptionAdvice [ExceptionAdvice.java:33] org.apache.catalina.core.ApplicationFilterChain.internalDoFilter(ApplicationFilterChain.java:189)
2022-03-28 10:44:00,652 ERROR [http-nio-8080-exec-10] s.c.a.ExceptionAdvice [ExceptionAdvice.java:33] org.apache.catalina.core.ApplicationFilterChain.doFilter(ApplicationFilterChain.java:162)
2022-03-28 10:44:00,652 ERROR [http-nio-8080-exec-10] s.c.a.ExceptionAdvice [ExceptionAdvice.java:33] org.springframework.web.filter.RequestContextFilter.doFilterInternal(RequestContextFilter.java:100)
2022-03-28 10:44:00,653 ERROR [http-nio-8080-exec-10] s.c.a.ExceptionAdvice [ExceptionAdvice.java:33] org.springframework.web.filter.OncePerRequestFilter.doFilter(OncePerRequestFilter.java:117)
2022-03-28 10:44:00,653 ERROR [http-nio-8080-exec-10] s.c.a.ExceptionAdvice [ExceptionAdvice.java:33] org.apache.catalina.core.ApplicationFilterChain.internalDoFilter(ApplicationFilterChain.java:189)
2022-03-28 10:44:00,654 ERROR [http-nio-8080-exec-10] s.c.a.ExceptionAdvice [ExceptionAdvice.java:33] org.apache.catalina.core.ApplicationFilterChain.doFilter(ApplicationFilterChain.java:162)
2022-03-28 10:44:00,654 ERROR [http-nio-8080-exec-10] s.c.a.ExceptionAdvice [ExceptionAdvice.java:33] org.springframework.web.filter.FormContentFilter.doFilterInternal(FormContentFilter.java:93)
2022-03-28 10:44:00,654 ERROR [http-nio-8080-exec-10] s.c.a.ExceptionAdvice [ExceptionAdvice.java:33] org.springframework.web.filter.OncePerRequestFilter.doFilter(OncePerRequestFilter.java:117)
2022-03-28 10:44:00,654 ERROR [http-nio-8080-exec-10] s.c.a.ExceptionAdvice [ExceptionAdvice.java:33] org.apache.catalina.core.ApplicationFilterChain.internalDoFilter(ApplicationFilterChain.java:189)
2022-03-28 10:44:00,655 ERROR [http-nio-8080-exec-10] s.c.a.ExceptionAdvice [ExceptionAdvice.java:33] org.apache.catalina.core.ApplicationFilterChain.doFilter(ApplicationFilterChain.java:162)
2022-03-28 10:44:00,655 ERROR [http-nio-8080-exec-10] s.c.a.ExceptionAdvice [ExceptionAdvice.java:33] org.springframework.web.filter.CharacterEncodingFilter.doFilterInternal(CharacterEncodingFilter.java:201)
2022-03-28 10:44:00,655 ERROR [http-nio-8080-exec-10] s.c.a.ExceptionAdvice [ExceptionAdvice.java:33] org.springframework.web.filter.OncePerRequestFilter.doFilter(OncePerRequestFilter.java:117)
2022-03-28 10:44:00,655 ERROR [http-nio-8080-exec-10] s.c.a.ExceptionAdvice [ExceptionAdvice.java:33] org.apache.catalina.core.ApplicationFilterChain.internalDoFilter(ApplicationFilterChain.java:189)
2022-03-28 10:44:00,655 ERROR [http-nio-8080-exec-10] s.c.a.ExceptionAdvice [ExceptionAdvice.java:33] org.apache.catalina.core.ApplicationFilterChain.doFilter(ApplicationFilterChain.java:162)
2022-03-28 10:44:00,655 ERROR [http-nio-8080-exec-10] s.c.a.ExceptionAdvice [ExceptionAdvice.java:33] org.apache.catalina.core.StandardWrapperValve.invoke(StandardWrapperValve.java:197)
2022-03-28 10:44:00,656 ERROR [http-nio-8080-exec-10] s.c.a.ExceptionAdvice [ExceptionAdvice.java:33] org.apache.catalina.core.StandardContextValve.invoke(StandardContextValve.java:97)
2022-03-28 10:44:00,656 ERROR [http-nio-8080-exec-10] s.c.a.ExceptionAdvice [ExceptionAdvice.java:33] org.apache.catalina.authenticator.AuthenticatorBase.invoke(AuthenticatorBase.java:540)
2022-03-28 10:44:00,656 ERROR [http-nio-8080-exec-10] s.c.a.ExceptionAdvice [ExceptionAdvice.java:33] org.apache.catalina.core.StandardHostValve.invoke(StandardHostValve.java:135)
2022-03-28 10:44:00,656 ERROR [http-nio-8080-exec-10] s.c.a.ExceptionAdvice [ExceptionAdvice.java:33] org.apache.catalina.valves.ErrorReportValve.invoke(ErrorReportValve.java:92)
2022-03-28 10:44:00,656 ERROR [http-nio-8080-exec-10] s.c.a.ExceptionAdvice [ExceptionAdvice.java:33] org.apache.catalina.core.StandardEngineValve.invoke(StandardEngineValve.java:78)
2022-03-28 10:44:00,657 ERROR [http-nio-8080-exec-10] s.c.a.ExceptionAdvice [ExceptionAdvice.java:33] org.apache.catalina.connector.CoyoteAdapter.service(CoyoteAdapter.java:359)
2022-03-28 10:44:00,657 ERROR [http-nio-8080-exec-10] s.c.a.ExceptionAdvice [ExceptionAdvice.java:33] org.apache.coyote.http11.Http11Processor.service(Http11Processor.java:399)
2022-03-28 10:44:00,657 ERROR [http-nio-8080-exec-10] s.c.a.ExceptionAdvice [ExceptionAdvice.java:33] org.apache.coyote.AbstractProcessorLight.process(AbstractProcessorLight.java:65)
2022-03-28 10:44:00,657 ERROR [http-nio-8080-exec-10] s.c.a.ExceptionAdvice [ExceptionAdvice.java:33] org.apache.coyote.AbstractProtocol$ConnectionHandler.process(AbstractProtocol.java:889)
2022-03-28 10:44:00,657 ERROR [http-nio-8080-exec-10] s.c.a.ExceptionAdvice [ExceptionAdvice.java:33] org.apache.tomcat.util.net.NioEndpoint$SocketProcessor.doRun(NioEndpoint.java:1735)
2022-03-28 10:44:00,658 ERROR [http-nio-8080-exec-10] s.c.a.ExceptionAdvice [ExceptionAdvice.java:33] org.apache.tomcat.util.net.SocketProcessorBase.run(SocketProcessorBase.java:49)
2022-03-28 10:44:00,658 ERROR [http-nio-8080-exec-10] s.c.a.ExceptionAdvice [ExceptionAdvice.java:33] org.apache.tomcat.util.threads.ThreadPoolExecutor.runWorker(ThreadPoolExecutor.java:1191)
2022-03-28 10:44:00,658 ERROR [http-nio-8080-exec-10] s.c.a.ExceptionAdvice [ExceptionAdvice.java:33] org.apache.tomcat.util.threads.ThreadPoolExecutor$Worker.run(ThreadPoolExecutor.java:659)
2022-03-28 10:44:00,658 ERROR [http-nio-8080-exec-10] s.c.a.ExceptionAdvice [ExceptionAdvice.java:33] org.apache.tomcat.util.threads.TaskThread$WrappingRunnable.run(TaskThread.java:61)
2022-03-28 10:44:00,658 ERROR [http-nio-8080-exec-10] s.c.a.ExceptionAdvice [ExceptionAdvice.java:33] java.lang.Thread.run(Thread.java:750)
