2022-03-29 07:55:33,636 INFO [restartedMain] s.Spring01Application [StartupInfoLogger.java:55] Starting Spring01Application using Java 1.8.0_322 on LAPTOP-2SKG1DTD with PID 35096 (E:\SoftwareDevelopmentJava\8-SpringBoot\spring01\target\classes started by Peter in E:\SoftwareDevelopmentJava\8-SpringBoot\spring01)
2022-03-29 07:55:33,648 INFO [restartedMain] s.Spring01Application [SpringApplication.java:640] No active profile set, falling back to 1 default profile: "default"
2022-03-29 07:55:33,742 INFO [restartedMain] o.s.b.d.e.DevToolsPropertyDefaultsPostProcessor [DeferredLog.java:255] Devtools property defaults active! Set 'spring.devtools.add-properties' to 'false' to disable
2022-03-29 07:55:33,742 INFO [restartedMain] o.s.b.d.e.DevToolsPropertyDefaultsPostProcessor [DeferredLog.java:255] For additional web related logging consider setting the 'logging.level.web' property to 'DEBUG'
2022-03-29 07:55:35,062 INFO [restartedMain] o.s.d.r.c.RepositoryConfigurationDelegate [RepositoryConfigurationDelegate.java:262] Multiple Spring Data modules found, entering strict repository configuration mode!
2022-03-29 07:55:35,067 INFO [restartedMain] o.s.d.r.c.RepositoryConfigurationDelegate [RepositoryConfigurationDelegate.java:132] Bootstrapping Spring Data Redis repositories in DEFAULT mode.
2022-03-29 07:55:35,105 INFO [restartedMain] o.s.d.r.c.RepositoryConfigurationDelegate [RepositoryConfigurationDelegate.java:201] Finished Spring Data repository scanning in 17 ms. Found 0 Redis repository interfaces.
2022-03-29 07:55:36,083 INFO [restartedMain] o.s.b.w.e.t.TomcatWebServer [TomcatWebServer.java:108] Tomcat initialized with port(s): 8080 (http)
2022-03-29 07:55:36,093 INFO [restartedMain] o.a.c.h.Http11NioProtocol [DirectJDKLog.java:173] Initializing ProtocolHandler ["http-nio-8080"]
2022-03-29 07:55:36,094 INFO [restartedMain] o.a.c.c.StandardService [DirectJDKLog.java:173] Starting service [Tomcat]
2022-03-29 07:55:36,094 INFO [restartedMain] o.a.c.c.StandardEngine [DirectJDKLog.java:173] Starting Servlet engine: [Apache Tomcat/9.0.58]
2022-03-29 07:55:36,176 INFO [restartedMain] o.a.c.c.C.[.[.[/community] [DirectJDKLog.java:173] Initializing Spring embedded WebApplicationContext
2022-03-29 07:55:36,177 INFO [restartedMain] o.s.b.w.s.c.ServletWebServerApplicationContext [ServletWebServerApplicationContext.java:290] Root WebApplicationContext: initialization completed in 2434 ms
2022-03-29 07:55:37,586 INFO [restartedMain] o.s.b.a.w.s.WelcomePageHandlerMapping [WelcomePageHandlerMapping.java:57] Adding welcome page template: index
2022-03-29 07:55:38,117 INFO [restartedMain] o.s.b.d.a.OptionalLiveReloadServer [OptionalLiveReloadServer.java:58] LiveReload server is running on port 35729
2022-03-29 07:55:38,167 INFO [restartedMain] o.a.c.h.Http11NioProtocol [DirectJDKLog.java:173] Starting ProtocolHandler ["http-nio-8080"]
2022-03-29 07:55:38,211 INFO [restartedMain] o.s.b.w.e.t.TomcatWebServer [TomcatWebServer.java:220] Tomcat started on port(s): 8080 (http) with context path '/community'
2022-03-29 07:55:38,239 INFO [restartedMain] s.Spring01Application [StartupInfoLogger.java:61] Started Spring01Application in 5.258 seconds (JVM running for 7.206)
2022-03-29 07:55:48,461 INFO [http-nio-8080-exec-1] o.a.c.c.C.[.[.[/community] [DirectJDKLog.java:173] Initializing Spring DispatcherServlet 'dispatcherServlet'
2022-03-29 07:55:48,461 INFO [http-nio-8080-exec-1] o.s.w.s.DispatcherServlet [FrameworkServlet.java:525] Initializing Servlet 'dispatcherServlet'
2022-03-29 07:55:48,463 INFO [http-nio-8080-exec-1] o.s.w.s.DispatcherServlet [FrameworkServlet.java:547] Completed initialization in 1 ms
2022-03-29 07:55:48,558 INFO [http-nio-8080-exec-1] s.a.ServiceLogAspect [ServiceLogAspect.java:46] User-[0:0:0:0:0:0:0:1], at [2022-03-29 07:55:48] visits [spring01.service.DiscussPostService.findDiscussPostRows].
2022-03-29 07:55:48,650 INFO [http-nio-8080-exec-1] c.z.h.HikariDataSource [HikariDataSource.java:110] HikariPool-1 - Starting...
2022-03-29 07:55:48,895 INFO [http-nio-8080-exec-1] c.z.h.HikariDataSource [HikariDataSource.java:123] HikariPool-1 - Start completed.
2022-03-29 07:55:48,968 INFO [http-nio-8080-exec-1] s.a.ServiceLogAspect [ServiceLogAspect.java:46] User-[0:0:0:0:0:0:0:1], at [2022-03-29 07:55:48] visits [spring01.service.DiscussPostService.findDiscussPosts].
2022-03-29 07:55:48,984 INFO [http-nio-8080-exec-1] s.a.ServiceLogAspect [ServiceLogAspect.java:46] User-[0:0:0:0:0:0:0:1], at [2022-03-29 07:55:48] visits [spring01.service.UserService.findUserById].
2022-03-29 07:55:50,781 INFO [http-nio-8080-exec-1] s.a.ServiceLogAspect [ServiceLogAspect.java:46] User-[0:0:0:0:0:0:0:1], at [2022-03-29 07:55:50] visits [spring01.service.LikeService.findEntityLikeCount].
2022-03-29 07:55:50,792 INFO [http-nio-8080-exec-1] s.a.ServiceLogAspect [ServiceLogAspect.java:46] User-[0:0:0:0:0:0:0:1], at [2022-03-29 07:55:50] visits [spring01.service.UserService.findUserById].
2022-03-29 07:55:50,801 INFO [http-nio-8080-exec-1] s.a.ServiceLogAspect [ServiceLogAspect.java:46] User-[0:0:0:0:0:0:0:1], at [2022-03-29 07:55:50] visits [spring01.service.LikeService.findEntityLikeCount].
2022-03-29 07:55:50,809 INFO [http-nio-8080-exec-1] s.a.ServiceLogAspect [ServiceLogAspect.java:46] User-[0:0:0:0:0:0:0:1], at [2022-03-29 07:55:50] visits [spring01.service.UserService.findUserById].
2022-03-29 07:55:50,818 INFO [http-nio-8080-exec-1] s.a.ServiceLogAspect [ServiceLogAspect.java:46] User-[0:0:0:0:0:0:0:1], at [2022-03-29 07:55:50] visits [spring01.service.LikeService.findEntityLikeCount].
2022-03-29 07:55:50,821 INFO [http-nio-8080-exec-1] s.a.ServiceLogAspect [ServiceLogAspect.java:46] User-[0:0:0:0:0:0:0:1], at [2022-03-29 07:55:50] visits [spring01.service.UserService.findUserById].
2022-03-29 07:55:50,830 INFO [http-nio-8080-exec-1] s.a.ServiceLogAspect [ServiceLogAspect.java:46] User-[0:0:0:0:0:0:0:1], at [2022-03-29 07:55:50] visits [spring01.service.LikeService.findEntityLikeCount].
2022-03-29 07:55:50,835 INFO [http-nio-8080-exec-1] s.a.ServiceLogAspect [ServiceLogAspect.java:46] User-[0:0:0:0:0:0:0:1], at [2022-03-29 07:55:50] visits [spring01.service.UserService.findUserById].
2022-03-29 07:55:50,925 INFO [http-nio-8080-exec-1] s.a.ServiceLogAspect [ServiceLogAspect.java:46] User-[0:0:0:0:0:0:0:1], at [2022-03-29 07:55:50] visits [spring01.service.LikeService.findEntityLikeCount].
2022-03-29 07:55:50,928 INFO [http-nio-8080-exec-1] s.a.ServiceLogAspect [ServiceLogAspect.java:46] User-[0:0:0:0:0:0:0:1], at [2022-03-29 07:55:50] visits [spring01.service.UserService.findUserById].
2022-03-29 07:55:50,931 INFO [http-nio-8080-exec-1] s.a.ServiceLogAspect [ServiceLogAspect.java:46] User-[0:0:0:0:0:0:0:1], at [2022-03-29 07:55:50] visits [spring01.service.LikeService.findEntityLikeCount].
2022-03-29 07:55:50,933 INFO [http-nio-8080-exec-1] s.a.ServiceLogAspect [ServiceLogAspect.java:46] User-[0:0:0:0:0:0:0:1], at [2022-03-29 07:55:50] visits [spring01.service.UserService.findUserById].
2022-03-29 07:55:50,937 INFO [http-nio-8080-exec-1] s.a.ServiceLogAspect [ServiceLogAspect.java:46] User-[0:0:0:0:0:0:0:1], at [2022-03-29 07:55:50] visits [spring01.service.LikeService.findEntityLikeCount].
2022-03-29 07:55:50,939 INFO [http-nio-8080-exec-1] s.a.ServiceLogAspect [ServiceLogAspect.java:46] User-[0:0:0:0:0:0:0:1], at [2022-03-29 07:55:50] visits [spring01.service.UserService.findUserById].
2022-03-29 07:55:50,945 INFO [http-nio-8080-exec-1] s.a.ServiceLogAspect [ServiceLogAspect.java:46] User-[0:0:0:0:0:0:0:1], at [2022-03-29 07:55:50] visits [spring01.service.LikeService.findEntityLikeCount].
2022-03-29 07:55:50,947 INFO [http-nio-8080-exec-1] s.a.ServiceLogAspect [ServiceLogAspect.java:46] User-[0:0:0:0:0:0:0:1], at [2022-03-29 07:55:50] visits [spring01.service.UserService.findUserById].
2022-03-29 07:55:50,950 INFO [http-nio-8080-exec-1] s.a.ServiceLogAspect [ServiceLogAspect.java:46] User-[0:0:0:0:0:0:0:1], at [2022-03-29 07:55:50] visits [spring01.service.LikeService.findEntityLikeCount].
2022-03-29 07:55:50,952 INFO [http-nio-8080-exec-1] s.a.ServiceLogAspect [ServiceLogAspect.java:46] User-[0:0:0:0:0:0:0:1], at [2022-03-29 07:55:50] visits [spring01.service.UserService.findUserById].
2022-03-29 07:55:50,954 INFO [http-nio-8080-exec-1] s.a.ServiceLogAspect [ServiceLogAspect.java:46] User-[0:0:0:0:0:0:0:1], at [2022-03-29 07:55:50] visits [spring01.service.LikeService.findEntityLikeCount].
2022-03-29 07:56:10,999 INFO [http-nio-8080-exec-10] s.a.ServiceLogAspect [ServiceLogAspect.java:46] User-[0:0:0:0:0:0:0:1], at [2022-03-29 07:56:10] visits [spring01.service.UserService.login].
2022-03-29 07:56:11,046 INFO [http-nio-8080-exec-6] s.a.ServiceLogAspect [ServiceLogAspect.java:46] User-[0:0:0:0:0:0:0:1], at [2022-03-29 07:56:11] visits [spring01.service.UserService.findLoginTicket].
2022-03-29 07:56:11,051 INFO [http-nio-8080-exec-6] s.a.ServiceLogAspect [ServiceLogAspect.java:46] User-[0:0:0:0:0:0:0:1], at [2022-03-29 07:56:11] visits [spring01.service.UserService.findUserById].
2022-03-29 07:56:11,057 INFO [http-nio-8080-exec-6] s.a.ServiceLogAspect [ServiceLogAspect.java:46] User-[0:0:0:0:0:0:0:1], at [2022-03-29 07:56:11] visits [spring01.service.DiscussPostService.findDiscussPostRows].
2022-03-29 07:56:11,062 INFO [http-nio-8080-exec-6] s.a.ServiceLogAspect [ServiceLogAspect.java:46] User-[0:0:0:0:0:0:0:1], at [2022-03-29 07:56:11] visits [spring01.service.DiscussPostService.findDiscussPosts].
2022-03-29 07:56:11,077 INFO [http-nio-8080-exec-6] s.a.ServiceLogAspect [ServiceLogAspect.java:46] User-[0:0:0:0:0:0:0:1], at [2022-03-29 07:56:11] visits [spring01.service.UserService.findUserById].
2022-03-29 07:56:11,081 INFO [http-nio-8080-exec-6] s.a.ServiceLogAspect [ServiceLogAspect.java:46] User-[0:0:0:0:0:0:0:1], at [2022-03-29 07:56:11] visits [spring01.service.LikeService.findEntityLikeCount].
2022-03-29 07:56:11,083 INFO [http-nio-8080-exec-6] s.a.ServiceLogAspect [ServiceLogAspect.java:46] User-[0:0:0:0:0:0:0:1], at [2022-03-29 07:56:11] visits [spring01.service.UserService.findUserById].
2022-03-29 07:56:11,086 INFO [http-nio-8080-exec-6] s.a.ServiceLogAspect [ServiceLogAspect.java:46] User-[0:0:0:0:0:0:0:1], at [2022-03-29 07:56:11] visits [spring01.service.LikeService.findEntityLikeCount].
2022-03-29 07:56:11,089 INFO [http-nio-8080-exec-6] s.a.ServiceLogAspect [ServiceLogAspect.java:46] User-[0:0:0:0:0:0:0:1], at [2022-03-29 07:56:11] visits [spring01.service.UserService.findUserById].
2022-03-29 07:56:11,093 INFO [http-nio-8080-exec-6] s.a.ServiceLogAspect [ServiceLogAspect.java:46] User-[0:0:0:0:0:0:0:1], at [2022-03-29 07:56:11] visits [spring01.service.LikeService.findEntityLikeCount].
2022-03-29 07:56:11,096 INFO [http-nio-8080-exec-6] s.a.ServiceLogAspect [ServiceLogAspect.java:46] User-[0:0:0:0:0:0:0:1], at [2022-03-29 07:56:11] visits [spring01.service.UserService.findUserById].
2022-03-29 07:56:11,104 INFO [http-nio-8080-exec-6] s.a.ServiceLogAspect [ServiceLogAspect.java:46] User-[0:0:0:0:0:0:0:1], at [2022-03-29 07:56:11] visits [spring01.service.LikeService.findEntityLikeCount].
2022-03-29 07:56:11,107 INFO [http-nio-8080-exec-6] s.a.ServiceLogAspect [ServiceLogAspect.java:46] User-[0:0:0:0:0:0:0:1], at [2022-03-29 07:56:11] visits [spring01.service.UserService.findUserById].
2022-03-29 07:56:11,110 INFO [http-nio-8080-exec-6] s.a.ServiceLogAspect [ServiceLogAspect.java:46] User-[0:0:0:0:0:0:0:1], at [2022-03-29 07:56:11] visits [spring01.service.LikeService.findEntityLikeCount].
2022-03-29 07:56:11,112 INFO [http-nio-8080-exec-6] s.a.ServiceLogAspect [ServiceLogAspect.java:46] User-[0:0:0:0:0:0:0:1], at [2022-03-29 07:56:11] visits [spring01.service.UserService.findUserById].
2022-03-29 07:56:11,115 INFO [http-nio-8080-exec-6] s.a.ServiceLogAspect [ServiceLogAspect.java:46] User-[0:0:0:0:0:0:0:1], at [2022-03-29 07:56:11] visits [spring01.service.LikeService.findEntityLikeCount].
2022-03-29 07:56:11,118 INFO [http-nio-8080-exec-6] s.a.ServiceLogAspect [ServiceLogAspect.java:46] User-[0:0:0:0:0:0:0:1], at [2022-03-29 07:56:11] visits [spring01.service.UserService.findUserById].
2022-03-29 07:56:11,121 INFO [http-nio-8080-exec-6] s.a.ServiceLogAspect [ServiceLogAspect.java:46] User-[0:0:0:0:0:0:0:1], at [2022-03-29 07:56:11] visits [spring01.service.LikeService.findEntityLikeCount].
2022-03-29 07:56:11,124 INFO [http-nio-8080-exec-6] s.a.ServiceLogAspect [ServiceLogAspect.java:46] User-[0:0:0:0:0:0:0:1], at [2022-03-29 07:56:11] visits [spring01.service.UserService.findUserById].
2022-03-29 07:56:11,129 INFO [http-nio-8080-exec-6] s.a.ServiceLogAspect [ServiceLogAspect.java:46] User-[0:0:0:0:0:0:0:1], at [2022-03-29 07:56:11] visits [spring01.service.LikeService.findEntityLikeCount].
2022-03-29 07:56:11,132 INFO [http-nio-8080-exec-6] s.a.ServiceLogAspect [ServiceLogAspect.java:46] User-[0:0:0:0:0:0:0:1], at [2022-03-29 07:56:11] visits [spring01.service.UserService.findUserById].
2022-03-29 07:56:11,135 INFO [http-nio-8080-exec-6] s.a.ServiceLogAspect [ServiceLogAspect.java:46] User-[0:0:0:0:0:0:0:1], at [2022-03-29 07:56:11] visits [spring01.service.LikeService.findEntityLikeCount].
2022-03-29 07:56:11,137 INFO [http-nio-8080-exec-6] s.a.ServiceLogAspect [ServiceLogAspect.java:46] User-[0:0:0:0:0:0:0:1], at [2022-03-29 07:56:11] visits [spring01.service.UserService.findUserById].
2022-03-29 07:56:11,140 INFO [http-nio-8080-exec-6] s.a.ServiceLogAspect [ServiceLogAspect.java:46] User-[0:0:0:0:0:0:0:1], at [2022-03-29 07:56:11] visits [spring01.service.LikeService.findEntityLikeCount].
2022-03-29 07:56:14,746 INFO [http-nio-8080-exec-7] s.a.ServiceLogAspect [ServiceLogAspect.java:46] User-[0:0:0:0:0:0:0:1], at [2022-03-29 07:56:14] visits [spring01.service.UserService.findLoginTicket].
2022-03-29 07:56:14,750 INFO [http-nio-8080-exec-7] s.a.ServiceLogAspect [ServiceLogAspect.java:46] User-[0:0:0:0:0:0:0:1], at [2022-03-29 07:56:14] visits [spring01.service.UserService.findUserById].
2022-03-29 07:56:14,753 INFO [http-nio-8080-exec-7] s.a.ServiceLogAspect [ServiceLogAspect.java:46] User-[0:0:0:0:0:0:0:1], at [2022-03-29 07:56:14] visits [spring01.service.UserService.findUserById].
2022-03-29 07:56:14,756 INFO [http-nio-8080-exec-7] s.a.ServiceLogAspect [ServiceLogAspect.java:46] User-[0:0:0:0:0:0:0:1], at [2022-03-29 07:56:14] visits [spring01.service.LikeService.findUserLikeCount].
2022-03-29 07:56:14,758 INFO [http-nio-8080-exec-7] s.a.ServiceLogAspect [ServiceLogAspect.java:46] User-[0:0:0:0:0:0:0:1], at [2022-03-29 07:56:14] visits [spring01.service.FollowService.findFolloweeCount].
2022-03-29 07:56:14,767 INFO [http-nio-8080-exec-7] s.a.ServiceLogAspect [ServiceLogAspect.java:46] User-[0:0:0:0:0:0:0:1], at [2022-03-29 07:56:14] visits [spring01.service.FollowService.findFollowerCount].
2022-03-29 07:56:14,769 INFO [http-nio-8080-exec-7] s.a.ServiceLogAspect [ServiceLogAspect.java:46] User-[0:0:0:0:0:0:0:1], at [2022-03-29 07:56:14] visits [spring01.service.FollowService.hasFollowed].
2022-03-29 07:56:18,058 INFO [http-nio-8080-exec-4] s.a.ServiceLogAspect [ServiceLogAspect.java:46] User-[0:0:0:0:0:0:0:1], at [2022-03-29 07:56:18] visits [spring01.service.UserService.findLoginTicket].
2022-03-29 07:56:18,062 INFO [http-nio-8080-exec-4] s.a.ServiceLogAspect [ServiceLogAspect.java:46] User-[0:0:0:0:0:0:0:1], at [2022-03-29 07:56:18] visits [spring01.service.UserService.findUserById].
2022-03-29 07:56:18,073 INFO [http-nio-8080-exec-4] s.a.ServiceLogAspect [ServiceLogAspect.java:46] User-[0:0:0:0:0:0:0:1], at [2022-03-29 07:56:18] visits [spring01.service.UserService.findUserById].
2022-03-29 07:56:18,077 INFO [http-nio-8080-exec-4] s.a.ServiceLogAspect [ServiceLogAspect.java:46] User-[0:0:0:0:0:0:0:1], at [2022-03-29 07:56:18] visits [spring01.service.CommentService.findCommentsCountByUserIdForPost].
2022-03-29 07:56:18,088 INFO [http-nio-8080-exec-4] s.a.ServiceLogAspect [ServiceLogAspect.java:46] User-[0:0:0:0:0:0:0:1], at [2022-03-29 07:56:18] visits [spring01.service.CommentService.findCommentsByUserIdForPost].
2022-03-29 07:56:18,095 INFO [http-nio-8080-exec-4] s.a.ServiceLogAspect [ServiceLogAspect.java:46] User-[0:0:0:0:0:0:0:1], at [2022-03-29 07:56:18] visits [spring01.service.DiscussPostService.findDiscussPostById].
2022-03-29 07:56:18,099 INFO [http-nio-8080-exec-4] s.a.ServiceLogAspect [ServiceLogAspect.java:46] User-[0:0:0:0:0:0:0:1], at [2022-03-29 07:56:18] visits [spring01.service.DiscussPostService.findDiscussPostById].
2022-03-29 07:56:18,102 INFO [http-nio-8080-exec-4] s.a.ServiceLogAspect [ServiceLogAspect.java:46] User-[0:0:0:0:0:0:0:1], at [2022-03-29 07:56:18] visits [spring01.service.DiscussPostService.findDiscussPostById].
2022-03-29 07:56:18,106 INFO [http-nio-8080-exec-4] s.a.ServiceLogAspect [ServiceLogAspect.java:46] User-[0:0:0:0:0:0:0:1], at [2022-03-29 07:56:18] visits [spring01.service.DiscussPostService.findDiscussPostById].
2022-03-29 07:56:18,110 INFO [http-nio-8080-exec-4] s.a.ServiceLogAspect [ServiceLogAspect.java:46] User-[0:0:0:0:0:0:0:1], at [2022-03-29 07:56:18] visits [spring01.service.DiscussPostService.findDiscussPostById].
2022-03-29 07:56:18,113 INFO [http-nio-8080-exec-4] s.a.ServiceLogAspect [ServiceLogAspect.java:46] User-[0:0:0:0:0:0:0:1], at [2022-03-29 07:56:18] visits [spring01.service.DiscussPostService.findDiscussPostById].
2022-03-29 07:56:18,117 INFO [http-nio-8080-exec-4] s.a.ServiceLogAspect [ServiceLogAspect.java:46] User-[0:0:0:0:0:0:0:1], at [2022-03-29 07:56:18] visits [spring01.service.DiscussPostService.findDiscussPostById].
2022-03-29 07:56:18,122 INFO [http-nio-8080-exec-4] s.a.ServiceLogAspect [ServiceLogAspect.java:46] User-[0:0:0:0:0:0:0:1], at [2022-03-29 07:56:18] visits [spring01.service.DiscussPostService.findDiscussPostById].
2022-03-29 07:56:18,127 INFO [http-nio-8080-exec-4] s.a.ServiceLogAspect [ServiceLogAspect.java:46] User-[0:0:0:0:0:0:0:1], at [2022-03-29 07:56:18] visits [spring01.service.DiscussPostService.findDiscussPostById].
2022-03-29 07:56:18,130 INFO [http-nio-8080-exec-4] s.a.ServiceLogAspect [ServiceLogAspect.java:46] User-[0:0:0:0:0:0:0:1], at [2022-03-29 07:56:18] visits [spring01.service.DiscussPostService.findDiscussPostById].
2022-03-29 07:56:19,135 INFO [http-nio-8080-exec-3] s.a.ServiceLogAspect [ServiceLogAspect.java:46] User-[0:0:0:0:0:0:0:1], at [2022-03-29 07:56:19] visits [spring01.service.UserService.findLoginTicket].
2022-03-29 07:56:19,137 INFO [http-nio-8080-exec-3] s.a.ServiceLogAspect [ServiceLogAspect.java:46] User-[0:0:0:0:0:0:0:1], at [2022-03-29 07:56:19] visits [spring01.service.UserService.findUserById].
2022-03-29 07:56:19,140 INFO [http-nio-8080-exec-3] s.a.ServiceLogAspect [ServiceLogAspect.java:46] User-[0:0:0:0:0:0:0:1], at [2022-03-29 07:56:19] visits [spring01.service.UserService.findUserById].
2022-03-29 07:56:19,141 INFO [http-nio-8080-exec-3] s.a.ServiceLogAspect [ServiceLogAspect.java:46] User-[0:0:0:0:0:0:0:1], at [2022-03-29 07:56:19] visits [spring01.service.DiscussPostService.findDiscussPostRows].
2022-03-29 07:56:19,150 INFO [http-nio-8080-exec-3] s.a.ServiceLogAspect [ServiceLogAspect.java:46] User-[0:0:0:0:0:0:0:1], at [2022-03-29 07:56:19] visits [spring01.service.DiscussPostService.findDiscussPosts].
2022-03-29 07:56:19,154 INFO [http-nio-8080-exec-3] s.a.ServiceLogAspect [ServiceLogAspect.java:46] User-[0:0:0:0:0:0:0:1], at [2022-03-29 07:56:19] visits [spring01.service.LikeService.findEntityLikeCount].
2022-03-29 07:56:19,156 INFO [http-nio-8080-exec-3] s.a.ServiceLogAspect [ServiceLogAspect.java:46] User-[0:0:0:0:0:0:0:1], at [2022-03-29 07:56:19] visits [spring01.service.LikeService.findEntityLikeCount].
2022-03-29 07:56:19,157 INFO [http-nio-8080-exec-3] s.a.ServiceLogAspect [ServiceLogAspect.java:46] User-[0:0:0:0:0:0:0:1], at [2022-03-29 07:56:19] visits [spring01.service.LikeService.findEntityLikeCount].
2022-03-29 07:56:19,158 INFO [http-nio-8080-exec-3] s.a.ServiceLogAspect [ServiceLogAspect.java:46] User-[0:0:0:0:0:0:0:1], at [2022-03-29 07:56:19] visits [spring01.service.LikeService.findEntityLikeCount].
2022-03-29 07:56:19,160 INFO [http-nio-8080-exec-3] s.a.ServiceLogAspect [ServiceLogAspect.java:46] User-[0:0:0:0:0:0:0:1], at [2022-03-29 07:56:19] visits [spring01.service.LikeService.findEntityLikeCount].
2022-03-29 07:56:19,162 INFO [http-nio-8080-exec-3] s.a.ServiceLogAspect [ServiceLogAspect.java:46] User-[0:0:0:0:0:0:0:1], at [2022-03-29 07:56:19] visits [spring01.service.LikeService.findEntityLikeCount].
2022-03-29 07:56:19,164 INFO [http-nio-8080-exec-3] s.a.ServiceLogAspect [ServiceLogAspect.java:46] User-[0:0:0:0:0:0:0:1], at [2022-03-29 07:56:19] visits [spring01.service.LikeService.findEntityLikeCount].
2022-03-29 07:56:19,166 INFO [http-nio-8080-exec-3] s.a.ServiceLogAspect [ServiceLogAspect.java:46] User-[0:0:0:0:0:0:0:1], at [2022-03-29 07:56:19] visits [spring01.service.LikeService.findEntityLikeCount].
2022-03-29 07:56:19,168 INFO [http-nio-8080-exec-3] s.a.ServiceLogAspect [ServiceLogAspect.java:46] User-[0:0:0:0:0:0:0:1], at [2022-03-29 07:56:19] visits [spring01.service.LikeService.findEntityLikeCount].
2022-03-29 07:56:19,170 INFO [http-nio-8080-exec-3] s.a.ServiceLogAspect [ServiceLogAspect.java:46] User-[0:0:0:0:0:0:0:1], at [2022-03-29 07:56:19] visits [spring01.service.LikeService.findEntityLikeCount].
2022-03-29 07:56:32,566 INFO [http-nio-8080-exec-10] s.a.ServiceLogAspect [ServiceLogAspect.java:46] User-[0:0:0:0:0:0:0:1], at [2022-03-29 07:56:32] visits [spring01.service.UserService.findLoginTicket].
2022-03-29 07:56:32,569 INFO [http-nio-8080-exec-10] s.a.ServiceLogAspect [ServiceLogAspect.java:46] User-[0:0:0:0:0:0:0:1], at [2022-03-29 07:56:32] visits [spring01.service.UserService.findUserById].
2022-03-29 07:56:32,584 INFO [http-nio-8080-exec-10] s.a.ServiceLogAspect [ServiceLogAspect.java:46] User-[0:0:0:0:0:0:0:1], at [2022-03-29 07:56:32] visits [spring01.service.UserService.findLoginTicket].
2022-03-29 07:56:32,586 INFO [http-nio-8080-exec-10] s.a.ServiceLogAspect [ServiceLogAspect.java:46] User-[0:0:0:0:0:0:0:1], at [2022-03-29 07:56:32] visits [spring01.service.UserService.findUserById].
2022-03-29 07:56:51,394 INFO [http-nio-8080-exec-9] s.a.ServiceLogAspect [ServiceLogAspect.java:46] User-[0:0:0:0:0:0:0:1], at [2022-03-29 07:56:51] visits [spring01.service.UserService.findLoginTicket].
2022-03-29 07:56:51,397 INFO [http-nio-8080-exec-9] s.a.ServiceLogAspect [ServiceLogAspect.java:46] User-[0:0:0:0:0:0:0:1], at [2022-03-29 07:56:51] visits [spring01.service.UserService.findUserById].
2022-03-29 07:56:51,411 INFO [http-nio-8080-exec-9] s.a.ServiceLogAspect [ServiceLogAspect.java:46] User-[0:0:0:0:0:0:0:1], at [2022-03-29 07:56:51] visits [spring01.service.UserService.findLoginTicket].
2022-03-29 07:56:51,413 INFO [http-nio-8080-exec-9] s.a.ServiceLogAspect [ServiceLogAspect.java:46] User-[0:0:0:0:0:0:0:1], at [2022-03-29 07:56:51] visits [spring01.service.UserService.findUserById].
2022-03-29 07:57:26,062 INFO [Thread-16] c.z.h.HikariDataSource [HikariDataSource.java:350] HikariPool-1 - Shutdown initiated...
2022-03-29 07:57:26,073 INFO [Thread-16] c.z.h.HikariDataSource [HikariDataSource.java:352] HikariPool-1 - Shutdown completed.
2022-03-29 07:57:26,380 INFO [restartedMain] s.Spring01Application [StartupInfoLogger.java:55] Starting Spring01Application using Java 1.8.0_322 on LAPTOP-2SKG1DTD with PID 35096 (E:\SoftwareDevelopmentJava\8-SpringBoot\spring01\target\classes started by Peter in E:\SoftwareDevelopmentJava\8-SpringBoot\spring01)
2022-03-29 07:57:26,381 INFO [restartedMain] s.Spring01Application [SpringApplication.java:640] No active profile set, falling back to 1 default profile: "default"
2022-03-29 07:57:27,042 INFO [restartedMain] o.s.d.r.c.RepositoryConfigurationDelegate [RepositoryConfigurationDelegate.java:262] Multiple Spring Data modules found, entering strict repository configuration mode!
2022-03-29 07:57:27,042 INFO [restartedMain] o.s.d.r.c.RepositoryConfigurationDelegate [RepositoryConfigurationDelegate.java:132] Bootstrapping Spring Data Redis repositories in DEFAULT mode.
2022-03-29 07:57:27,063 INFO [restartedMain] o.s.d.r.c.RepositoryConfigurationDelegate [RepositoryConfigurationDelegate.java:201] Finished Spring Data repository scanning in 20 ms. Found 0 Redis repository interfaces.
2022-03-29 07:57:27,391 INFO [restartedMain] o.s.b.w.e.t.TomcatWebServer [TomcatWebServer.java:108] Tomcat initialized with port(s): 8080 (http)
2022-03-29 07:57:27,393 INFO [restartedMain] o.a.c.h.Http11NioProtocol [DirectJDKLog.java:173] Initializing ProtocolHandler ["http-nio-8080"]
2022-03-29 07:57:27,393 INFO [restartedMain] o.a.c.c.StandardService [DirectJDKLog.java:173] Starting service [Tomcat]
2022-03-29 07:57:27,394 INFO [restartedMain] o.a.c.c.StandardEngine [DirectJDKLog.java:173] Starting Servlet engine: [Apache Tomcat/9.0.58]
2022-03-29 07:57:27,449 INFO [restartedMain] o.a.c.c.C.[.[.[/community] [DirectJDKLog.java:173] Initializing Spring embedded WebApplicationContext
2022-03-29 07:57:27,449 INFO [restartedMain] o.s.b.w.s.c.ServletWebServerApplicationContext [ServletWebServerApplicationContext.java:290] Root WebApplicationContext: initialization completed in 1061 ms
2022-03-29 07:57:27,962 INFO [restartedMain] o.s.b.a.w.s.WelcomePageHandlerMapping [WelcomePageHandlerMapping.java:57] Adding welcome page template: index
2022-03-29 07:57:28,192 INFO [restartedMain] o.s.b.d.a.OptionalLiveReloadServer [OptionalLiveReloadServer.java:58] LiveReload server is running on port 35729
2022-03-29 07:57:28,205 INFO [restartedMain] o.a.c.h.Http11NioProtocol [DirectJDKLog.java:173] Starting ProtocolHandler ["http-nio-8080"]
2022-03-29 07:57:28,208 INFO [restartedMain] o.s.b.w.e.t.TomcatWebServer [TomcatWebServer.java:220] Tomcat started on port(s): 8080 (http) with context path '/community'
2022-03-29 07:57:28,213 INFO [restartedMain] s.Spring01Application [StartupInfoLogger.java:61] Started Spring01Application in 1.931 seconds (JVM running for 117.181)
2022-03-29 07:57:28,215 INFO [restartedMain] o.s.b.d.a.ConditionEvaluationDeltaLoggingListener [ConditionEvaluationDeltaLoggingListener.java:63] Condition evaluation unchanged
2022-03-29 07:57:30,357 INFO [restartedMain] s.Spring01Application [StartupInfoLogger.java:55] Starting Spring01Application using Java 1.8.0_322 on LAPTOP-2SKG1DTD with PID 35096 (E:\SoftwareDevelopmentJava\8-SpringBoot\spring01\target\classes started by Peter in E:\SoftwareDevelopmentJava\8-SpringBoot\spring01)
2022-03-29 07:57:30,358 INFO [restartedMain] s.Spring01Application [SpringApplication.java:640] No active profile set, falling back to 1 default profile: "default"
2022-03-29 07:57:30,657 INFO [restartedMain] o.s.d.r.c.RepositoryConfigurationDelegate [RepositoryConfigurationDelegate.java:262] Multiple Spring Data modules found, entering strict repository configuration mode!
2022-03-29 07:57:30,657 INFO [restartedMain] o.s.d.r.c.RepositoryConfigurationDelegate [RepositoryConfigurationDelegate.java:132] Bootstrapping Spring Data Redis repositories in DEFAULT mode.
2022-03-29 07:57:30,667 INFO [restartedMain] o.s.d.r.c.RepositoryConfigurationDelegate [RepositoryConfigurationDelegate.java:201] Finished Spring Data repository scanning in 9 ms. Found 0 Redis repository interfaces.
2022-03-29 07:57:30,819 INFO [restartedMain] o.s.b.w.e.t.TomcatWebServer [TomcatWebServer.java:108] Tomcat initialized with port(s): 8080 (http)
2022-03-29 07:57:30,819 INFO [restartedMain] o.a.c.h.Http11NioProtocol [DirectJDKLog.java:173] Initializing ProtocolHandler ["http-nio-8080"]
2022-03-29 07:57:30,819 INFO [restartedMain] o.a.c.c.StandardService [DirectJDKLog.java:173] Starting service [Tomcat]
2022-03-29 07:57:30,820 INFO [restartedMain] o.a.c.c.StandardEngine [DirectJDKLog.java:173] Starting Servlet engine: [Apache Tomcat/9.0.58]
2022-03-29 07:57:30,838 INFO [restartedMain] o.a.c.c.C.[.[.[/community] [DirectJDKLog.java:173] Initializing Spring embedded WebApplicationContext
2022-03-29 07:57:30,839 INFO [restartedMain] o.s.b.w.s.c.ServletWebServerApplicationContext [ServletWebServerApplicationContext.java:290] Root WebApplicationContext: initialization completed in 473 ms
2022-03-29 07:57:31,235 INFO [restartedMain] o.s.b.a.w.s.WelcomePageHandlerMapping [WelcomePageHandlerMapping.java:57] Adding welcome page template: index
2022-03-29 07:57:31,393 INFO [restartedMain] o.s.b.d.a.OptionalLiveReloadServer [OptionalLiveReloadServer.java:58] LiveReload server is running on port 35729
2022-03-29 07:57:31,402 INFO [restartedMain] o.a.c.h.Http11NioProtocol [DirectJDKLog.java:173] Starting ProtocolHandler ["http-nio-8080"]
2022-03-29 07:57:31,404 INFO [restartedMain] o.s.b.w.e.t.TomcatWebServer [TomcatWebServer.java:220] Tomcat started on port(s): 8080 (http) with context path '/community'
2022-03-29 07:57:31,407 INFO [restartedMain] s.Spring01Application [StartupInfoLogger.java:61] Started Spring01Application in 1.111 seconds (JVM running for 120.375)
2022-03-29 07:57:31,409 INFO [restartedMain] o.s.b.d.a.ConditionEvaluationDeltaLoggingListener [ConditionEvaluationDeltaLoggingListener.java:63] Condition evaluation unchanged
2022-03-29 07:57:34,354 INFO [http-nio-8080-exec-1] o.a.c.c.C.[.[.[/community] [DirectJDKLog.java:173] Initializing Spring DispatcherServlet 'dispatcherServlet'
2022-03-29 07:57:34,355 INFO [http-nio-8080-exec-1] o.s.w.s.DispatcherServlet [FrameworkServlet.java:525] Initializing Servlet 'dispatcherServlet'
2022-03-29 07:57:34,356 INFO [http-nio-8080-exec-1] o.s.w.s.DispatcherServlet [FrameworkServlet.java:547] Completed initialization in 1 ms
2022-03-29 07:57:34,362 INFO [http-nio-8080-exec-1] s.a.ServiceLogAspect [ServiceLogAspect.java:46] User-[0:0:0:0:0:0:0:1], at [2022-03-29 07:57:34] visits [spring01.service.UserService.findLoginTicket].
2022-03-29 07:57:34,389 INFO [http-nio-8080-exec-1] s.a.ServiceLogAspect [ServiceLogAspect.java:46] User-[0:0:0:0:0:0:0:1], at [2022-03-29 07:57:34] visits [spring01.service.UserService.findUserById].
2022-03-29 07:57:34,400 INFO [http-nio-8080-exec-1] s.a.ServiceLogAspect [ServiceLogAspect.java:46] User-[0:0:0:0:0:0:0:1], at [2022-03-29 07:57:34] visits [spring01.service.UserService.findUserById].
2022-03-29 07:57:34,402 INFO [http-nio-8080-exec-1] s.a.ServiceLogAspect [ServiceLogAspect.java:46] User-[0:0:0:0:0:0:0:1], at [2022-03-29 07:57:34] visits [spring01.service.DiscussPostService.findDiscussPostRows].
2022-03-29 07:57:34,411 INFO [http-nio-8080-exec-1] c.z.h.HikariDataSource [HikariDataSource.java:110] HikariPool-2 - Starting...
2022-03-29 07:57:34,426 INFO [http-nio-8080-exec-1] c.z.h.HikariDataSource [HikariDataSource.java:123] HikariPool-2 - Start completed.
2022-03-29 07:57:34,429 INFO [http-nio-8080-exec-1] s.a.ServiceLogAspect [ServiceLogAspect.java:46] User-[0:0:0:0:0:0:0:1], at [2022-03-29 07:57:34] visits [spring01.service.DiscussPostService.findDiscussPosts].
2022-03-29 07:57:34,433 INFO [http-nio-8080-exec-1] s.a.ServiceLogAspect [ServiceLogAspect.java:46] User-[0:0:0:0:0:0:0:1], at [2022-03-29 07:57:34] visits [spring01.service.LikeService.findEntityLikeCount].
2022-03-29 07:57:34,438 INFO [http-nio-8080-exec-1] s.a.ServiceLogAspect [ServiceLogAspect.java:46] User-[0:0:0:0:0:0:0:1], at [2022-03-29 07:57:34] visits [spring01.service.LikeService.findEntityLikeCount].
2022-03-29 07:57:34,440 INFO [http-nio-8080-exec-1] s.a.ServiceLogAspect [ServiceLogAspect.java:46] User-[0:0:0:0:0:0:0:1], at [2022-03-29 07:57:34] visits [spring01.service.LikeService.findEntityLikeCount].
2022-03-29 07:57:34,442 INFO [http-nio-8080-exec-1] s.a.ServiceLogAspect [ServiceLogAspect.java:46] User-[0:0:0:0:0:0:0:1], at [2022-03-29 07:57:34] visits [spring01.service.LikeService.findEntityLikeCount].
2022-03-29 07:57:34,444 INFO [http-nio-8080-exec-1] s.a.ServiceLogAspect [ServiceLogAspect.java:46] User-[0:0:0:0:0:0:0:1], at [2022-03-29 07:57:34] visits [spring01.service.LikeService.findEntityLikeCount].
2022-03-29 07:57:34,446 INFO [http-nio-8080-exec-1] s.a.ServiceLogAspect [ServiceLogAspect.java:46] User-[0:0:0:0:0:0:0:1], at [2022-03-29 07:57:34] visits [spring01.service.LikeService.findEntityLikeCount].
2022-03-29 07:57:34,448 INFO [http-nio-8080-exec-1] s.a.ServiceLogAspect [ServiceLogAspect.java:46] User-[0:0:0:0:0:0:0:1], at [2022-03-29 07:57:34] visits [spring01.service.LikeService.findEntityLikeCount].
2022-03-29 07:57:34,450 INFO [http-nio-8080-exec-1] s.a.ServiceLogAspect [ServiceLogAspect.java:46] User-[0:0:0:0:0:0:0:1], at [2022-03-29 07:57:34] visits [spring01.service.LikeService.findEntityLikeCount].
2022-03-29 07:57:34,452 INFO [http-nio-8080-exec-1] s.a.ServiceLogAspect [ServiceLogAspect.java:46] User-[0:0:0:0:0:0:0:1], at [2022-03-29 07:57:34] visits [spring01.service.LikeService.findEntityLikeCount].
2022-03-29 07:57:34,453 INFO [http-nio-8080-exec-1] s.a.ServiceLogAspect [ServiceLogAspect.java:46] User-[0:0:0:0:0:0:0:1], at [2022-03-29 07:57:34] visits [spring01.service.LikeService.findEntityLikeCount].
2022-03-29 07:57:36,207 INFO [http-nio-8080-exec-5] s.a.ServiceLogAspect [ServiceLogAspect.java:46] User-[0:0:0:0:0:0:0:1], at [2022-03-29 07:57:36] visits [spring01.service.UserService.findLoginTicket].
2022-03-29 07:57:36,209 INFO [http-nio-8080-exec-5] s.a.ServiceLogAspect [ServiceLogAspect.java:46] User-[0:0:0:0:0:0:0:1], at [2022-03-29 07:57:36] visits [spring01.service.UserService.findUserById].
2022-03-29 07:57:36,211 INFO [http-nio-8080-exec-5] s.a.ServiceLogAspect [ServiceLogAspect.java:46] User-[0:0:0:0:0:0:0:1], at [2022-03-29 07:57:36] visits [spring01.service.UserService.findUserById].
2022-03-29 07:57:36,213 INFO [http-nio-8080-exec-5] s.a.ServiceLogAspect [ServiceLogAspect.java:46] User-[0:0:0:0:0:0:0:1], at [2022-03-29 07:57:36] visits [spring01.service.DiscussPostService.findDiscussPostRows].
2022-03-29 07:57:36,216 INFO [http-nio-8080-exec-5] s.a.ServiceLogAspect [ServiceLogAspect.java:46] User-[0:0:0:0:0:0:0:1], at [2022-03-29 07:57:36] visits [spring01.service.DiscussPostService.findDiscussPosts].
2022-03-29 07:57:36,222 INFO [http-nio-8080-exec-5] s.a.ServiceLogAspect [ServiceLogAspect.java:46] User-[0:0:0:0:0:0:0:1], at [2022-03-29 07:57:36] visits [spring01.service.LikeService.findEntityLikeCount].
2022-03-29 07:57:36,224 INFO [http-nio-8080-exec-5] s.a.ServiceLogAspect [ServiceLogAspect.java:46] User-[0:0:0:0:0:0:0:1], at [2022-03-29 07:57:36] visits [spring01.service.LikeService.findEntityLikeCount].
2022-03-29 07:57:36,225 INFO [http-nio-8080-exec-5] s.a.ServiceLogAspect [ServiceLogAspect.java:46] User-[0:0:0:0:0:0:0:1], at [2022-03-29 07:57:36] visits [spring01.service.LikeService.findEntityLikeCount].
2022-03-29 07:57:36,226 INFO [http-nio-8080-exec-5] s.a.ServiceLogAspect [ServiceLogAspect.java:46] User-[0:0:0:0:0:0:0:1], at [2022-03-29 07:57:36] visits [spring01.service.LikeService.findEntityLikeCount].
2022-03-29 07:57:36,227 INFO [http-nio-8080-exec-5] s.a.ServiceLogAspect [ServiceLogAspect.java:46] User-[0:0:0:0:0:0:0:1], at [2022-03-29 07:57:36] visits [spring01.service.LikeService.findEntityLikeCount].
2022-03-29 07:57:36,229 INFO [http-nio-8080-exec-5] s.a.ServiceLogAspect [ServiceLogAspect.java:46] User-[0:0:0:0:0:0:0:1], at [2022-03-29 07:57:36] visits [spring01.service.LikeService.findEntityLikeCount].
2022-03-29 07:57:36,231 INFO [http-nio-8080-exec-5] s.a.ServiceLogAspect [ServiceLogAspect.java:46] User-[0:0:0:0:0:0:0:1], at [2022-03-29 07:57:36] visits [spring01.service.LikeService.findEntityLikeCount].
2022-03-29 07:57:36,232 INFO [http-nio-8080-exec-5] s.a.ServiceLogAspect [ServiceLogAspect.java:46] User-[0:0:0:0:0:0:0:1], at [2022-03-29 07:57:36] visits [spring01.service.LikeService.findEntityLikeCount].
2022-03-29 07:57:36,233 INFO [http-nio-8080-exec-5] s.a.ServiceLogAspect [ServiceLogAspect.java:46] User-[0:0:0:0:0:0:0:1], at [2022-03-29 07:57:36] visits [spring01.service.LikeService.findEntityLikeCount].
2022-03-29 07:57:36,234 INFO [http-nio-8080-exec-5] s.a.ServiceLogAspect [ServiceLogAspect.java:46] User-[0:0:0:0:0:0:0:1], at [2022-03-29 07:57:36] visits [spring01.service.LikeService.findEntityLikeCount].
2022-03-29 07:57:42,300 INFO [http-nio-8080-exec-10] s.a.ServiceLogAspect [ServiceLogAspect.java:46] User-[0:0:0:0:0:0:0:1], at [2022-03-29 07:57:42] visits [spring01.service.UserService.findLoginTicket].
2022-03-29 07:57:42,304 INFO [http-nio-8080-exec-10] s.a.ServiceLogAspect [ServiceLogAspect.java:46] User-[0:0:0:0:0:0:0:1], at [2022-03-29 07:57:42] visits [spring01.service.UserService.findUserById].
2022-03-29 07:57:42,307 INFO [http-nio-8080-exec-10] s.a.ServiceLogAspect [ServiceLogAspect.java:46] User-[0:0:0:0:0:0:0:1], at [2022-03-29 07:57:42] visits [spring01.service.UserService.findUserById].
2022-03-29 07:57:42,309 INFO [http-nio-8080-exec-10] s.a.ServiceLogAspect [ServiceLogAspect.java:46] User-[0:0:0:0:0:0:0:1], at [2022-03-29 07:57:42] visits [spring01.service.DiscussPostService.findDiscussPostRows].
2022-03-29 07:57:42,312 INFO [http-nio-8080-exec-10] s.a.ServiceLogAspect [ServiceLogAspect.java:46] User-[0:0:0:0:0:0:0:1], at [2022-03-29 07:57:42] visits [spring01.service.DiscussPostService.findDiscussPosts].
2022-03-29 07:57:42,317 INFO [http-nio-8080-exec-10] s.a.ServiceLogAspect [ServiceLogAspect.java:46] User-[0:0:0:0:0:0:0:1], at [2022-03-29 07:57:42] visits [spring01.service.LikeService.findEntityLikeCount].
2022-03-29 07:57:42,319 INFO [http-nio-8080-exec-10] s.a.ServiceLogAspect [ServiceLogAspect.java:46] User-[0:0:0:0:0:0:0:1], at [2022-03-29 07:57:42] visits [spring01.service.LikeService.findEntityLikeCount].
2022-03-29 07:57:42,322 INFO [http-nio-8080-exec-10] s.a.ServiceLogAspect [ServiceLogAspect.java:46] User-[0:0:0:0:0:0:0:1], at [2022-03-29 07:57:42] visits [spring01.service.LikeService.findEntityLikeCount].
2022-03-29 07:57:43,961 INFO [http-nio-8080-exec-2] s.a.ServiceLogAspect [ServiceLogAspect.java:46] User-[0:0:0:0:0:0:0:1], at [2022-03-29 07:57:43] visits [spring01.service.UserService.findLoginTicket].
2022-03-29 07:57:43,963 INFO [http-nio-8080-exec-2] s.a.ServiceLogAspect [ServiceLogAspect.java:46] User-[0:0:0:0:0:0:0:1], at [2022-03-29 07:57:43] visits [spring01.service.UserService.findUserById].
2022-03-29 07:57:43,965 INFO [http-nio-8080-exec-2] s.a.ServiceLogAspect [ServiceLogAspect.java:46] User-[0:0:0:0:0:0:0:1], at [2022-03-29 07:57:43] visits [spring01.service.UserService.findUserById].
2022-03-29 07:57:43,966 INFO [http-nio-8080-exec-2] s.a.ServiceLogAspect [ServiceLogAspect.java:46] User-[0:0:0:0:0:0:0:1], at [2022-03-29 07:57:43] visits [spring01.service.DiscussPostService.findDiscussPostRows].
2022-03-29 07:57:43,969 INFO [http-nio-8080-exec-2] s.a.ServiceLogAspect [ServiceLogAspect.java:46] User-[0:0:0:0:0:0:0:1], at [2022-03-29 07:57:43] visits [spring01.service.DiscussPostService.findDiscussPosts].
2022-03-29 07:57:43,972 INFO [http-nio-8080-exec-2] s.a.ServiceLogAspect [ServiceLogAspect.java:46] User-[0:0:0:0:0:0:0:1], at [2022-03-29 07:57:43] visits [spring01.service.LikeService.findEntityLikeCount].
2022-03-29 07:57:43,973 INFO [http-nio-8080-exec-2] s.a.ServiceLogAspect [ServiceLogAspect.java:46] User-[0:0:0:0:0:0:0:1], at [2022-03-29 07:57:43] visits [spring01.service.LikeService.findEntityLikeCount].
2022-03-29 07:57:43,974 INFO [http-nio-8080-exec-2] s.a.ServiceLogAspect [ServiceLogAspect.java:46] User-[0:0:0:0:0:0:0:1], at [2022-03-29 07:57:43] visits [spring01.service.LikeService.findEntityLikeCount].
