2022-03-12 14:16:28,979 INFO [main] s.EmailTests [StartupInfoLogger.java:55] Starting EmailTests using Java 1.8.0_322 on LAPTOP-2SKG1DTD with PID 2024 (started by Peter in E:\SoftwareDevelopmentJava\8-SpringBoot\spring01)
2022-03-12 14:16:28,995 INFO [main] s.EmailTests [SpringApplication.java:640] No active profile set, falling back to 1 default profile: "default"
2022-03-12 14:16:32,010 INFO [main] o.s.b.a.w.s.WelcomePageHandlerMapping [WelcomePageHandlerMapping.java:57] Adding welcome page template: index
2022-03-12 14:16:32,644 INFO [main] s.EmailTests [StartupInfoLogger.java:61] Started EmailTests in 4.329 seconds (JVM running for 6.634)
2022-03-12 14:30:01,411 INFO [main] s.EmailTests [StartupInfoLogger.java:55] Starting EmailTests using Java 1.8.0_322 on LAPTOP-2SKG1DTD with PID 4288 (started by Peter in E:\SoftwareDevelopmentJava\8-SpringBoot\spring01)
2022-03-12 14:30:01,414 INFO [main] s.EmailTests [SpringApplication.java:640] No active profile set, falling back to 1 default profile: "default"
2022-03-12 14:30:04,683 INFO [main] o.s.b.a.w.s.WelcomePageHandlerMapping [WelcomePageHandlerMapping.java:57] Adding welcome page template: index
2022-03-12 14:30:05,246 INFO [main] s.EmailTests [StartupInfoLogger.java:61] Started EmailTests in 4.565 seconds (JVM running for 6.049)
2022-03-12 14:31:51,558 INFO [main] s.EmailTests [StartupInfoLogger.java:55] Starting EmailTests using Java 1.8.0_322 on LAPTOP-2SKG1DTD with PID 32760 (started by Peter in E:\SoftwareDevelopmentJava\8-SpringBoot\spring01)
2022-03-12 14:31:51,561 INFO [main] s.EmailTests [SpringApplication.java:640] No active profile set, falling back to 1 default profile: "default"
2022-03-12 14:31:54,995 INFO [main] o.s.b.a.w.s.WelcomePageHandlerMapping [WelcomePageHandlerMapping.java:57] Adding welcome page template: index
2022-03-12 14:31:55,528 INFO [main] s.EmailTests [StartupInfoLogger.java:61] Started EmailTests in 4.73 seconds (JVM running for 6.217)
2022-03-12 15:18:56,031 INFO [main] s.EmailTests [StartupInfoLogger.java:55] Starting EmailTests using Java 1.8.0_322 on LAPTOP-2SKG1DTD with PID 23572 (started by Peter in E:\SoftwareDevelopmentJava\8-SpringBoot\spring01)
2022-03-12 15:18:56,034 INFO [main] s.EmailTests [SpringApplication.java:640] No active profile set, falling back to 1 default profile: "default"
2022-03-12 15:18:59,438 INFO [main] o.s.b.a.w.s.WelcomePageHandlerMapping [WelcomePageHandlerMapping.java:57] Adding welcome page template: index
2022-03-12 15:18:59,956 INFO [main] s.EmailTests [StartupInfoLogger.java:61] Started EmailTests in 4.695 seconds (JVM running for 6.232)
2022-03-12 15:20:33,473 INFO [main] s.EmailTests [StartupInfoLogger.java:55] Starting EmailTests using Java 1.8.0_322 on LAPTOP-2SKG1DTD with PID 30608 (started by Peter in E:\SoftwareDevelopmentJava\8-SpringBoot\spring01)
2022-03-12 15:20:33,476 INFO [main] s.EmailTests [SpringApplication.java:640] No active profile set, falling back to 1 default profile: "default"
2022-03-12 15:20:36,899 INFO [main] o.s.b.a.w.s.WelcomePageHandlerMapping [WelcomePageHandlerMapping.java:57] Adding welcome page template: index
2022-03-12 15:20:37,404 INFO [main] s.EmailTests [StartupInfoLogger.java:61] Started EmailTests in 4.744 seconds (JVM running for 6.307)
2022-03-12 15:33:29,828 INFO [restartedMain] s.Spring01Application [StartupInfoLogger.java:55] Starting Spring01Application using Java 1.8.0_322 on LAPTOP-2SKG1DTD with PID 21676 (E:\SoftwareDevelopmentJava\8-SpringBoot\spring01\target\classes started by Peter in E:\SoftwareDevelopmentJava\8-SpringBoot\spring01)
2022-03-12 15:33:29,829 INFO [restartedMain] s.Spring01Application [SpringApplication.java:640] No active profile set, falling back to 1 default profile: "default"
2022-03-12 15:33:29,876 INFO [restartedMain] o.s.b.d.e.DevToolsPropertyDefaultsPostProcessor [DeferredLog.java:255] Devtools property defaults active! Set 'spring.devtools.add-properties' to 'false' to disable
2022-03-12 15:33:29,877 INFO [restartedMain] o.s.b.d.e.DevToolsPropertyDefaultsPostProcessor [DeferredLog.java:255] For additional web related logging consider setting the 'logging.level.web' property to 'DEBUG'
2022-03-12 15:33:31,312 INFO [restartedMain] o.s.b.w.e.t.TomcatWebServer [TomcatWebServer.java:108] Tomcat initialized with port(s): 8080 (http)
2022-03-12 15:33:31,320 INFO [restartedMain] o.a.c.h.Http11NioProtocol [DirectJDKLog.java:173] Initializing ProtocolHandler ["http-nio-8080"]
2022-03-12 15:33:31,320 INFO [restartedMain] o.a.c.c.StandardService [DirectJDKLog.java:173] Starting service [Tomcat]
2022-03-12 15:33:31,321 INFO [restartedMain] o.a.c.c.StandardEngine [DirectJDKLog.java:173] Starting Servlet engine: [Apache Tomcat/9.0.58]
2022-03-12 15:33:31,405 INFO [restartedMain] o.a.c.c.C.[.[.[/community] [DirectJDKLog.java:173] Initializing Spring embedded WebApplicationContext
2022-03-12 15:33:31,405 INFO [restartedMain] o.s.b.w.s.c.ServletWebServerApplicationContext [ServletWebServerApplicationContext.java:290] Root WebApplicationContext: initialization completed in 1527 ms
2022-03-12 15:33:31,983 INFO [restartedMain] o.s.b.a.w.s.WelcomePageHandlerMapping [WelcomePageHandlerMapping.java:57] Adding welcome page template: index
2022-03-12 15:33:32,208 INFO [restartedMain] o.s.b.d.a.OptionalLiveReloadServer [OptionalLiveReloadServer.java:58] LiveReload server is running on port 35729
2022-03-12 15:33:32,226 INFO [restartedMain] o.a.c.h.Http11NioProtocol [DirectJDKLog.java:173] Starting ProtocolHandler ["http-nio-8080"]
2022-03-12 15:33:32,241 INFO [restartedMain] o.s.b.w.e.t.TomcatWebServer [TomcatWebServer.java:220] Tomcat started on port(s): 8080 (http) with context path '/community'
2022-03-12 15:33:32,252 INFO [restartedMain] s.Spring01Application [StartupInfoLogger.java:61] Started Spring01Application in 3.123 seconds (JVM running for 4.893)
2022-03-12 15:34:03,217 INFO [http-nio-8080-exec-4] o.a.c.c.C.[.[.[/community] [DirectJDKLog.java:173] Initializing Spring DispatcherServlet 'dispatcherServlet'
2022-03-12 15:34:03,218 INFO [http-nio-8080-exec-4] o.s.w.s.DispatcherServlet [FrameworkServlet.java:525] Initializing Servlet 'dispatcherServlet'
2022-03-12 15:34:03,221 INFO [http-nio-8080-exec-4] o.s.w.s.DispatcherServlet [FrameworkServlet.java:547] Completed initialization in 2 ms
2022-03-12 15:34:03,314 INFO [http-nio-8080-exec-4] c.z.h.HikariDataSource [HikariDataSource.java:110] HikariPool-1 - Starting...
2022-03-12 15:34:44,624 INFO [http-nio-8080-exec-3] c.z.h.HikariDataSource [HikariDataSource.java:110] HikariPool-1 - Starting...
2022-03-12 15:35:07,643 INFO [restartedMain] s.Spring01Application [StartupInfoLogger.java:55] Starting Spring01Application using Java 1.8.0_322 on LAPTOP-2SKG1DTD with PID 21092 (E:\SoftwareDevelopmentJava\8-SpringBoot\spring01\target\classes started by Peter in E:\SoftwareDevelopmentJava\8-SpringBoot\spring01)
2022-03-12 15:35:07,644 INFO [restartedMain] s.Spring01Application [SpringApplication.java:640] No active profile set, falling back to 1 default profile: "default"
2022-03-12 15:35:07,711 INFO [restartedMain] o.s.b.d.e.DevToolsPropertyDefaultsPostProcessor [DeferredLog.java:255] Devtools property defaults active! Set 'spring.devtools.add-properties' to 'false' to disable
2022-03-12 15:35:07,711 INFO [restartedMain] o.s.b.d.e.DevToolsPropertyDefaultsPostProcessor [DeferredLog.java:255] For additional web related logging consider setting the 'logging.level.web' property to 'DEBUG'
2022-03-12 15:35:09,672 INFO [restartedMain] o.s.b.w.e.t.TomcatWebServer [TomcatWebServer.java:108] Tomcat initialized with port(s): 8080 (http)
2022-03-12 15:35:09,683 INFO [restartedMain] o.a.c.h.Http11NioProtocol [DirectJDKLog.java:173] Initializing ProtocolHandler ["http-nio-8080"]
2022-03-12 15:35:09,684 INFO [restartedMain] o.a.c.c.StandardService [DirectJDKLog.java:173] Starting service [Tomcat]
2022-03-12 15:35:09,684 INFO [restartedMain] o.a.c.c.StandardEngine [DirectJDKLog.java:173] Starting Servlet engine: [Apache Tomcat/9.0.58]
2022-03-12 15:35:09,866 INFO [restartedMain] o.a.c.c.C.[.[.[/community] [DirectJDKLog.java:173] Initializing Spring embedded WebApplicationContext
2022-03-12 15:35:09,867 INFO [restartedMain] o.s.b.w.s.c.ServletWebServerApplicationContext [ServletWebServerApplicationContext.java:290] Root WebApplicationContext: initialization completed in 2155 ms
2022-03-12 15:35:10,633 INFO [restartedMain] o.s.b.a.w.s.WelcomePageHandlerMapping [WelcomePageHandlerMapping.java:57] Adding welcome page template: index
2022-03-12 15:35:10,926 INFO [restartedMain] o.s.b.d.a.OptionalLiveReloadServer [OptionalLiveReloadServer.java:58] LiveReload server is running on port 35729
2022-03-12 15:35:10,947 INFO [restartedMain] o.a.c.h.Http11NioProtocol [DirectJDKLog.java:173] Starting ProtocolHandler ["http-nio-8080"]
2022-03-12 15:35:10,977 INFO [restartedMain] o.s.b.w.e.t.TomcatWebServer [TomcatWebServer.java:220] Tomcat started on port(s): 8080 (http) with context path '/community'
2022-03-12 15:35:11,001 INFO [restartedMain] s.Spring01Application [StartupInfoLogger.java:61] Started Spring01Application in 4.116 seconds (JVM running for 5.97)
2022-03-12 15:35:29,936 INFO [http-nio-8080-exec-1] o.a.c.c.C.[.[.[/community] [DirectJDKLog.java:173] Initializing Spring DispatcherServlet 'dispatcherServlet'
2022-03-12 15:35:29,936 INFO [http-nio-8080-exec-1] o.s.w.s.DispatcherServlet [FrameworkServlet.java:525] Initializing Servlet 'dispatcherServlet'
2022-03-12 15:35:29,937 INFO [http-nio-8080-exec-1] o.s.w.s.DispatcherServlet [FrameworkServlet.java:547] Completed initialization in 1 ms
2022-03-12 15:35:30,033 INFO [http-nio-8080-exec-1] c.z.h.HikariDataSource [HikariDataSource.java:110] HikariPool-1 - Starting...
2022-03-12 15:35:53,614 INFO [http-nio-8080-exec-2] c.z.h.HikariDataSource [HikariDataSource.java:110] HikariPool-1 - Starting...
2022-03-12 15:43:04,191 INFO [http-nio-8080-exec-8] c.z.h.HikariDataSource [HikariDataSource.java:110] HikariPool-1 - Starting...
2022-03-12 15:43:24,464 INFO [restartedMain] s.Spring01Application [StartupInfoLogger.java:55] Starting Spring01Application using Java 1.8.0_322 on LAPTOP-2SKG1DTD with PID 32036 (E:\SoftwareDevelopmentJava\8-SpringBoot\spring01\target\classes started by Peter in E:\SoftwareDevelopmentJava\8-SpringBoot\spring01)
2022-03-12 15:43:24,466 INFO [restartedMain] s.Spring01Application [SpringApplication.java:640] No active profile set, falling back to 1 default profile: "default"
2022-03-12 15:43:24,542 INFO [restartedMain] o.s.b.d.e.DevToolsPropertyDefaultsPostProcessor [DeferredLog.java:255] Devtools property defaults active! Set 'spring.devtools.add-properties' to 'false' to disable
2022-03-12 15:43:24,542 INFO [restartedMain] o.s.b.d.e.DevToolsPropertyDefaultsPostProcessor [DeferredLog.java:255] For additional web related logging consider setting the 'logging.level.web' property to 'DEBUG'
2022-03-12 15:43:26,281 INFO [restartedMain] o.s.b.w.e.t.TomcatWebServer [TomcatWebServer.java:108] Tomcat initialized with port(s): 8080 (http)
2022-03-12 15:43:26,290 INFO [restartedMain] o.a.c.h.Http11NioProtocol [DirectJDKLog.java:173] Initializing ProtocolHandler ["http-nio-8080"]
2022-03-12 15:43:26,291 INFO [restartedMain] o.a.c.c.StandardService [DirectJDKLog.java:173] Starting service [Tomcat]
2022-03-12 15:43:26,292 INFO [restartedMain] o.a.c.c.StandardEngine [DirectJDKLog.java:173] Starting Servlet engine: [Apache Tomcat/9.0.58]
2022-03-12 15:43:26,431 INFO [restartedMain] o.a.c.c.C.[.[.[/community] [DirectJDKLog.java:173] Initializing Spring embedded WebApplicationContext
2022-03-12 15:43:26,432 INFO [restartedMain] o.s.b.w.s.c.ServletWebServerApplicationContext [ServletWebServerApplicationContext.java:290] Root WebApplicationContext: initialization completed in 1889 ms
2022-03-12 15:43:26,949 INFO [restartedMain] o.s.b.a.w.s.WelcomePageHandlerMapping [WelcomePageHandlerMapping.java:57] Adding welcome page template: index
2022-03-12 15:43:27,145 INFO [restartedMain] o.s.b.d.a.OptionalLiveReloadServer [OptionalLiveReloadServer.java:58] LiveReload server is running on port 35729
2022-03-12 15:43:27,161 INFO [restartedMain] o.a.c.h.Http11NioProtocol [DirectJDKLog.java:173] Starting ProtocolHandler ["http-nio-8080"]
2022-03-12 15:43:27,175 INFO [restartedMain] o.s.b.w.e.t.TomcatWebServer [TomcatWebServer.java:220] Tomcat started on port(s): 8080 (http) with context path '/community'
2022-03-12 15:43:27,185 INFO [restartedMain] s.Spring01Application [StartupInfoLogger.java:61] Started Spring01Application in 3.443 seconds (JVM running for 5.263)
2022-03-12 15:44:12,632 INFO [http-nio-8080-exec-2] o.a.c.c.C.[.[.[/community] [DirectJDKLog.java:173] Initializing Spring DispatcherServlet 'dispatcherServlet'
2022-03-12 15:44:12,634 INFO [http-nio-8080-exec-2] o.s.w.s.DispatcherServlet [FrameworkServlet.java:525] Initializing Servlet 'dispatcherServlet'
2022-03-12 15:44:12,636 INFO [http-nio-8080-exec-2] o.s.w.s.DispatcherServlet [FrameworkServlet.java:547] Completed initialization in 2 ms
2022-03-12 15:44:12,764 INFO [http-nio-8080-exec-2] c.z.h.HikariDataSource [HikariDataSource.java:110] HikariPool-1 - Starting...
2022-03-12 15:49:22,624 INFO [restartedMain] s.Spring01Application [StartupInfoLogger.java:55] Starting Spring01Application using Java 1.8.0_322 on LAPTOP-2SKG1DTD with PID 30004 (E:\SoftwareDevelopmentJava\8-SpringBoot\spring01\target\classes started by Peter in E:\SoftwareDevelopmentJava\8-SpringBoot\spring01)
2022-03-12 15:49:22,626 INFO [restartedMain] s.Spring01Application [SpringApplication.java:640] No active profile set, falling back to 1 default profile: "default"
2022-03-12 15:49:22,689 INFO [restartedMain] o.s.b.d.e.DevToolsPropertyDefaultsPostProcessor [DeferredLog.java:255] Devtools property defaults active! Set 'spring.devtools.add-properties' to 'false' to disable
2022-03-12 15:49:22,689 INFO [restartedMain] o.s.b.d.e.DevToolsPropertyDefaultsPostProcessor [DeferredLog.java:255] For additional web related logging consider setting the 'logging.level.web' property to 'DEBUG'
2022-03-12 15:49:24,479 INFO [restartedMain] o.s.b.w.e.t.TomcatWebServer [TomcatWebServer.java:108] Tomcat initialized with port(s): 8080 (http)
2022-03-12 15:49:24,491 INFO [restartedMain] o.a.c.h.Http11NioProtocol [DirectJDKLog.java:173] Initializing ProtocolHandler ["http-nio-8080"]
2022-03-12 15:49:24,492 INFO [restartedMain] o.a.c.c.StandardService [DirectJDKLog.java:173] Starting service [Tomcat]
2022-03-12 15:49:24,492 INFO [restartedMain] o.a.c.c.StandardEngine [DirectJDKLog.java:173] Starting Servlet engine: [Apache Tomcat/9.0.58]
2022-03-12 15:49:24,619 INFO [restartedMain] o.a.c.c.C.[.[.[/community] [DirectJDKLog.java:173] Initializing Spring embedded WebApplicationContext
2022-03-12 15:49:24,619 INFO [restartedMain] o.s.b.w.s.c.ServletWebServerApplicationContext [ServletWebServerApplicationContext.java:290] Root WebApplicationContext: initialization completed in 1929 ms
2022-03-12 15:49:25,259 INFO [restartedMain] o.s.b.a.w.s.WelcomePageHandlerMapping [WelcomePageHandlerMapping.java:57] Adding welcome page template: index
2022-03-12 15:49:25,656 INFO [restartedMain] o.s.b.d.a.OptionalLiveReloadServer [OptionalLiveReloadServer.java:58] LiveReload server is running on port 35729
2022-03-12 15:49:25,673 INFO [restartedMain] o.a.c.h.Http11NioProtocol [DirectJDKLog.java:173] Starting ProtocolHandler ["http-nio-8080"]
2022-03-12 15:49:25,699 INFO [restartedMain] o.s.b.w.e.t.TomcatWebServer [TomcatWebServer.java:220] Tomcat started on port(s): 8080 (http) with context path '/community'
2022-03-12 15:49:25,711 INFO [restartedMain] s.Spring01Application [StartupInfoLogger.java:61] Started Spring01Application in 3.805 seconds (JVM running for 5.577)
2022-03-12 15:49:31,021 INFO [http-nio-8080-exec-1] o.a.c.c.C.[.[.[/community] [DirectJDKLog.java:173] Initializing Spring DispatcherServlet 'dispatcherServlet'
2022-03-12 15:49:31,022 INFO [http-nio-8080-exec-1] o.s.w.s.DispatcherServlet [FrameworkServlet.java:525] Initializing Servlet 'dispatcherServlet'
2022-03-12 15:49:31,023 INFO [http-nio-8080-exec-1] o.s.w.s.DispatcherServlet [FrameworkServlet.java:547] Completed initialization in 1 ms
2022-03-12 15:49:31,132 INFO [http-nio-8080-exec-1] c.z.h.HikariDataSource [HikariDataSource.java:110] HikariPool-1 - Starting...
2022-03-12 20:25:36,736 INFO [restartedMain] s.Spring01Application [StartupInfoLogger.java:55] Starting Spring01Application using Java 1.8.0_322 on LAPTOP-2SKG1DTD with PID 19792 (E:\SoftwareDevelopmentJava\8-SpringBoot\spring01\target\classes started by Peter in E:\SoftwareDevelopmentJava\8-SpringBoot\spring01)
2022-03-12 20:25:36,737 INFO [restartedMain] s.Spring01Application [SpringApplication.java:640] No active profile set, falling back to 1 default profile: "default"
2022-03-12 20:25:36,780 INFO [restartedMain] o.s.b.d.e.DevToolsPropertyDefaultsPostProcessor [DeferredLog.java:255] Devtools property defaults active! Set 'spring.devtools.add-properties' to 'false' to disable
2022-03-12 20:25:36,780 INFO [restartedMain] o.s.b.d.e.DevToolsPropertyDefaultsPostProcessor [DeferredLog.java:255] For additional web related logging consider setting the 'logging.level.web' property to 'DEBUG'
2022-03-12 20:25:37,703 INFO [restartedMain] o.s.b.w.e.t.TomcatWebServer [TomcatWebServer.java:108] Tomcat initialized with port(s): 8080 (http)
2022-03-12 20:25:37,709 INFO [restartedMain] o.a.c.h.Http11NioProtocol [DirectJDKLog.java:173] Initializing ProtocolHandler ["http-nio-8080"]
2022-03-12 20:25:37,710 INFO [restartedMain] o.a.c.c.StandardService [DirectJDKLog.java:173] Starting service [Tomcat]
2022-03-12 20:25:37,710 INFO [restartedMain] o.a.c.c.StandardEngine [DirectJDKLog.java:173] Starting Servlet engine: [Apache Tomcat/9.0.58]
2022-03-12 20:25:37,774 INFO [restartedMain] o.a.c.c.C.[.[.[/community] [DirectJDKLog.java:173] Initializing Spring embedded WebApplicationContext
2022-03-12 20:25:37,774 INFO [restartedMain] o.s.b.w.s.c.ServletWebServerApplicationContext [ServletWebServerApplicationContext.java:290] Root WebApplicationContext: initialization completed in 993 ms
2022-03-12 20:25:38,173 INFO [restartedMain] o.s.b.a.w.s.WelcomePageHandlerMapping [WelcomePageHandlerMapping.java:57] Adding welcome page template: index
2022-03-12 20:25:38,366 INFO [restartedMain] o.s.b.d.a.OptionalLiveReloadServer [OptionalLiveReloadServer.java:58] LiveReload server is running on port 35729
2022-03-12 20:25:38,381 INFO [restartedMain] o.a.c.h.Http11NioProtocol [DirectJDKLog.java:173] Starting ProtocolHandler ["http-nio-8080"]
2022-03-12 20:25:38,394 INFO [restartedMain] o.s.b.w.e.t.TomcatWebServer [TomcatWebServer.java:220] Tomcat started on port(s): 8080 (http) with context path '/community'
2022-03-12 20:25:38,404 INFO [restartedMain] s.Spring01Application [StartupInfoLogger.java:61] Started Spring01Application in 2.11 seconds (JVM running for 3.05)
2022-03-12 20:25:45,719 INFO [http-nio-8080-exec-1] o.a.c.c.C.[.[.[/community] [DirectJDKLog.java:173] Initializing Spring DispatcherServlet 'dispatcherServlet'
2022-03-12 20:25:45,720 INFO [http-nio-8080-exec-1] o.s.w.s.DispatcherServlet [FrameworkServlet.java:525] Initializing Servlet 'dispatcherServlet'
2022-03-12 20:25:45,721 INFO [http-nio-8080-exec-1] o.s.w.s.DispatcherServlet [FrameworkServlet.java:547] Completed initialization in 1 ms
2022-03-12 20:25:45,773 INFO [http-nio-8080-exec-1] c.z.h.HikariDataSource [HikariDataSource.java:110] HikariPool-1 - Starting...
2022-03-12 20:25:45,862 INFO [http-nio-8080-exec-1] c.z.h.HikariDataSource [HikariDataSource.java:123] HikariPool-1 - Start completed.
2022-03-12 20:27:57,459 INFO [SpringApplicationShutdownHook] c.z.h.HikariDataSource [HikariDataSource.java:350] HikariPool-1 - Shutdown initiated...
2022-03-12 20:27:57,466 INFO [SpringApplicationShutdownHook] c.z.h.HikariDataSource [HikariDataSource.java:352] HikariPool-1 - Shutdown completed.
2022-03-12 20:30:32,169 INFO [main] s.EmailTests [StartupInfoLogger.java:55] Starting EmailTests using Java 1.8.0_322 on LAPTOP-2SKG1DTD with PID 25276 (started by Peter in E:\SoftwareDevelopmentJava\8-SpringBoot\spring01)
2022-03-12 20:30:32,171 INFO [main] s.EmailTests [SpringApplication.java:640] No active profile set, falling back to 1 default profile: "default"
2022-03-12 20:30:34,372 INFO [main] o.s.b.a.w.s.WelcomePageHandlerMapping [WelcomePageHandlerMapping.java:57] Adding welcome page template: index
2022-03-12 20:30:34,881 INFO [main] s.EmailTests [StartupInfoLogger.java:61] Started EmailTests in 3.193 seconds (JVM running for 4.179)
