2022-03-26 10:37:05,625 INFO [restartedMain] s.Spring01Application [StartupInfoLogger.java:55] Starting Spring01Application using Java 1.8.0_322 on LAPTOP-2SKG1DTD with PID 4364 (E:\SoftwareDevelopmentJava\8-SpringBoot\spring01\target\classes started by Peter in E:\SoftwareDevelopmentJava\8-SpringBoot\spring01)
2022-03-26 10:37:05,629 INFO [restartedMain] s.Spring01Application [SpringApplication.java:640] No active profile set, falling back to 1 default profile: "default"
2022-03-26 10:37:05,693 INFO [restartedMain] o.s.b.d.e.DevToolsPropertyDefaultsPostProcessor [DeferredLog.java:255] Devtools property defaults active! Set 'spring.devtools.add-properties' to 'false' to disable
2022-03-26 10:37:05,693 INFO [restartedMain] o.s.b.d.e.DevToolsPropertyDefaultsPostProcessor [DeferredLog.java:255] For additional web related logging consider setting the 'logging.level.web' property to 'DEBUG'
2022-03-26 10:37:06,793 INFO [restartedMain] o.s.d.r.c.RepositoryConfigurationDelegate [RepositoryConfigurationDelegate.java:262] Multiple Spring Data modules found, entering strict repository configuration mode!
2022-03-26 10:37:06,797 INFO [restartedMain] o.s.d.r.c.RepositoryConfigurationDelegate [RepositoryConfigurationDelegate.java:132] Bootstrapping Spring Data Redis repositories in DEFAULT mode.
2022-03-26 10:37:06,841 INFO [restartedMain] o.s.d.r.c.RepositoryConfigurationDelegate [RepositoryConfigurationDelegate.java:201] Finished Spring Data repository scanning in 18 ms. Found 0 Redis repository interfaces.
2022-03-26 10:37:07,897 INFO [restartedMain] o.s.b.w.e.t.TomcatWebServer [TomcatWebServer.java:108] Tomcat initialized with port(s): 8080 (http)
2022-03-26 10:37:07,909 INFO [restartedMain] o.a.c.h.Http11NioProtocol [DirectJDKLog.java:173] Initializing ProtocolHandler ["http-nio-8080"]
2022-03-26 10:37:07,909 INFO [restartedMain] o.a.c.c.StandardService [DirectJDKLog.java:173] Starting service [Tomcat]
2022-03-26 10:37:07,909 INFO [restartedMain] o.a.c.c.StandardEngine [DirectJDKLog.java:173] Starting Servlet engine: [Apache Tomcat/9.0.58]
2022-03-26 10:37:07,997 INFO [restartedMain] o.a.c.c.C.[.[.[/community] [DirectJDKLog.java:173] Initializing Spring embedded WebApplicationContext
2022-03-26 10:37:07,997 INFO [restartedMain] o.s.b.w.s.c.ServletWebServerApplicationContext [ServletWebServerApplicationContext.java:290] Root WebApplicationContext: initialization completed in 2304 ms
2022-03-26 10:37:09,773 INFO [restartedMain] o.s.b.a.w.s.WelcomePageHandlerMapping [WelcomePageHandlerMapping.java:57] Adding welcome page template: index
2022-03-26 10:37:10,188 INFO [restartedMain] o.s.b.d.a.OptionalLiveReloadServer [OptionalLiveReloadServer.java:58] LiveReload server is running on port 35729
2022-03-26 10:37:10,212 INFO [restartedMain] o.a.c.h.Http11NioProtocol [DirectJDKLog.java:173] Starting ProtocolHandler ["http-nio-8080"]
2022-03-26 10:37:10,232 INFO [restartedMain] o.s.b.w.e.t.TomcatWebServer [TomcatWebServer.java:220] Tomcat started on port(s): 8080 (http) with context path '/community'
2022-03-26 10:37:10,244 INFO [restartedMain] s.Spring01Application [StartupInfoLogger.java:61] Started Spring01Application in 5.228 seconds (JVM running for 7.02)
2022-03-26 10:37:13,053 INFO [http-nio-8080-exec-1] o.a.c.c.C.[.[.[/community] [DirectJDKLog.java:173] Initializing Spring DispatcherServlet 'dispatcherServlet'
2022-03-26 10:37:13,057 INFO [http-nio-8080-exec-1] o.s.w.s.DispatcherServlet [FrameworkServlet.java:525] Initializing Servlet 'dispatcherServlet'
2022-03-26 10:37:13,057 INFO [http-nio-8080-exec-1] o.s.w.s.DispatcherServlet [FrameworkServlet.java:547] Completed initialization in 0 ms
2022-03-26 10:37:13,089 INFO [http-nio-8080-exec-1] s.a.ServiceLogAspect [ServiceLogAspect.java:46] User-[0:0:0:0:0:0:0:1], at [2022-03-26 10:37:13] visits [spring01.service.UserService.findLoginTicket].
2022-03-26 10:37:13,121 INFO [http-nio-8080-exec-1] c.z.h.HikariDataSource [HikariDataSource.java:110] HikariPool-1 - Starting...
2022-03-26 10:37:13,309 INFO [http-nio-8080-exec-1] c.z.h.HikariDataSource [HikariDataSource.java:123] HikariPool-1 - Start completed.
2022-03-26 10:37:13,409 INFO [http-nio-8080-exec-1] s.a.ServiceLogAspect [ServiceLogAspect.java:46] User-[0:0:0:0:0:0:0:1], at [2022-03-26 10:37:13] visits [spring01.service.UserService.findUserById].
2022-03-26 10:37:13,453 INFO [http-nio-8080-exec-1] s.a.ServiceLogAspect [ServiceLogAspect.java:46] User-[0:0:0:0:0:0:0:1], at [2022-03-26 10:37:13] visits [spring01.service.DiscussPostService.findDiscussPostRows].
2022-03-26 10:37:13,481 INFO [http-nio-8080-exec-1] s.a.ServiceLogAspect [ServiceLogAspect.java:46] User-[0:0:0:0:0:0:0:1], at [2022-03-26 10:37:13] visits [spring01.service.DiscussPostService.findDiscussPosts].
2022-03-26 10:37:13,485 INFO [http-nio-8080-exec-1] s.a.ServiceLogAspect [ServiceLogAspect.java:46] User-[0:0:0:0:0:0:0:1], at [2022-03-26 10:37:13] visits [spring01.service.UserService.findUserById].
2022-03-26 10:37:13,489 INFO [http-nio-8080-exec-1] s.a.ServiceLogAspect [ServiceLogAspect.java:46] User-[0:0:0:0:0:0:0:1], at [2022-03-26 10:37:13] visits [spring01.service.LikeService.findEntityLikeCount].
2022-03-26 10:37:15,116 INFO [http-nio-8080-exec-1] s.a.ServiceLogAspect [ServiceLogAspect.java:46] User-[0:0:0:0:0:0:0:1], at [2022-03-26 10:37:15] visits [spring01.service.UserService.findUserById].
2022-03-26 10:37:15,120 INFO [http-nio-8080-exec-1] s.a.ServiceLogAspect [ServiceLogAspect.java:46] User-[0:0:0:0:0:0:0:1], at [2022-03-26 10:37:15] visits [spring01.service.LikeService.findEntityLikeCount].
2022-03-26 10:37:15,120 INFO [http-nio-8080-exec-1] s.a.ServiceLogAspect [ServiceLogAspect.java:46] User-[0:0:0:0:0:0:0:1], at [2022-03-26 10:37:15] visits [spring01.service.UserService.findUserById].
2022-03-26 10:37:15,124 INFO [http-nio-8080-exec-1] s.a.ServiceLogAspect [ServiceLogAspect.java:46] User-[0:0:0:0:0:0:0:1], at [2022-03-26 10:37:15] visits [spring01.service.LikeService.findEntityLikeCount].
2022-03-26 10:37:15,124 INFO [http-nio-8080-exec-1] s.a.ServiceLogAspect [ServiceLogAspect.java:46] User-[0:0:0:0:0:0:0:1], at [2022-03-26 10:37:15] visits [spring01.service.UserService.findUserById].
2022-03-26 10:37:15,128 INFO [http-nio-8080-exec-1] s.a.ServiceLogAspect [ServiceLogAspect.java:46] User-[0:0:0:0:0:0:0:1], at [2022-03-26 10:37:15] visits [spring01.service.LikeService.findEntityLikeCount].
2022-03-26 10:37:15,132 INFO [http-nio-8080-exec-1] s.a.ServiceLogAspect [ServiceLogAspect.java:46] User-[0:0:0:0:0:0:0:1], at [2022-03-26 10:37:15] visits [spring01.service.UserService.findUserById].
2022-03-26 10:37:15,132 INFO [http-nio-8080-exec-1] s.a.ServiceLogAspect [ServiceLogAspect.java:46] User-[0:0:0:0:0:0:0:1], at [2022-03-26 10:37:15] visits [spring01.service.LikeService.findEntityLikeCount].
2022-03-26 10:37:15,136 INFO [http-nio-8080-exec-1] s.a.ServiceLogAspect [ServiceLogAspect.java:46] User-[0:0:0:0:0:0:0:1], at [2022-03-26 10:37:15] visits [spring01.service.UserService.findUserById].
2022-03-26 10:37:15,140 INFO [http-nio-8080-exec-1] s.a.ServiceLogAspect [ServiceLogAspect.java:46] User-[0:0:0:0:0:0:0:1], at [2022-03-26 10:37:15] visits [spring01.service.LikeService.findEntityLikeCount].
2022-03-26 10:37:15,144 INFO [http-nio-8080-exec-1] s.a.ServiceLogAspect [ServiceLogAspect.java:46] User-[0:0:0:0:0:0:0:1], at [2022-03-26 10:37:15] visits [spring01.service.UserService.findUserById].
2022-03-26 10:37:15,144 INFO [http-nio-8080-exec-1] s.a.ServiceLogAspect [ServiceLogAspect.java:46] User-[0:0:0:0:0:0:0:1], at [2022-03-26 10:37:15] visits [spring01.service.LikeService.findEntityLikeCount].
2022-03-26 10:37:15,148 INFO [http-nio-8080-exec-1] s.a.ServiceLogAspect [ServiceLogAspect.java:46] User-[0:0:0:0:0:0:0:1], at [2022-03-26 10:37:15] visits [spring01.service.UserService.findUserById].
2022-03-26 10:37:15,148 INFO [http-nio-8080-exec-1] s.a.ServiceLogAspect [ServiceLogAspect.java:46] User-[0:0:0:0:0:0:0:1], at [2022-03-26 10:37:15] visits [spring01.service.LikeService.findEntityLikeCount].
2022-03-26 10:37:15,152 INFO [http-nio-8080-exec-1] s.a.ServiceLogAspect [ServiceLogAspect.java:46] User-[0:0:0:0:0:0:0:1], at [2022-03-26 10:37:15] visits [spring01.service.UserService.findUserById].
2022-03-26 10:37:15,156 INFO [http-nio-8080-exec-1] s.a.ServiceLogAspect [ServiceLogAspect.java:46] User-[0:0:0:0:0:0:0:1], at [2022-03-26 10:37:15] visits [spring01.service.LikeService.findEntityLikeCount].
2022-03-26 10:37:15,156 INFO [http-nio-8080-exec-1] s.a.ServiceLogAspect [ServiceLogAspect.java:46] User-[0:0:0:0:0:0:0:1], at [2022-03-26 10:37:15] visits [spring01.service.UserService.findUserById].
2022-03-26 10:37:15,160 INFO [http-nio-8080-exec-1] s.a.ServiceLogAspect [ServiceLogAspect.java:46] User-[0:0:0:0:0:0:0:1], at [2022-03-26 10:37:15] visits [spring01.service.LikeService.findEntityLikeCount].
2022-03-26 10:37:18,497 INFO [http-nio-8080-exec-9] s.a.ServiceLogAspect [ServiceLogAspect.java:46] User-[0:0:0:0:0:0:0:1], at [2022-03-26 10:37:18] visits [spring01.service.UserService.findLoginTicket].
2022-03-26 10:37:18,504 INFO [http-nio-8080-exec-9] s.a.ServiceLogAspect [ServiceLogAspect.java:46] User-[0:0:0:0:0:0:0:1], at [2022-03-26 10:37:18] visits [spring01.service.UserService.findUserById].
2022-03-26 10:37:18,517 INFO [http-nio-8080-exec-9] s.a.ServiceLogAspect [ServiceLogAspect.java:46] User-[0:0:0:0:0:0:0:1], at [2022-03-26 10:37:18] visits [spring01.service.UserService.logout].
2022-03-26 10:37:18,553 INFO [http-nio-8080-exec-10] s.a.ServiceLogAspect [ServiceLogAspect.java:46] User-[0:0:0:0:0:0:0:1], at [2022-03-26 10:37:18] visits [spring01.service.UserService.findLoginTicket].
2022-03-26 10:37:18,681 INFO [http-nio-8080-exec-4] s.a.ServiceLogAspect [ServiceLogAspect.java:46] User-[0:0:0:0:0:0:0:1], at [2022-03-26 10:37:18] visits [spring01.service.UserService.findLoginTicket].
2022-03-26 10:37:19,501 INFO [http-nio-8080-exec-2] s.a.ServiceLogAspect [ServiceLogAspect.java:46] User-[0:0:0:0:0:0:0:1], at [2022-03-26 10:37:19] visits [spring01.service.UserService.findLoginTicket].
2022-03-26 10:37:22,985 INFO [http-nio-8080-exec-6] s.a.ServiceLogAspect [ServiceLogAspect.java:46] User-[0:0:0:0:0:0:0:1], at [2022-03-26 10:37:22] visits [spring01.service.UserService.findLoginTicket].
2022-03-26 10:37:23,021 INFO [http-nio-8080-exec-7] s.a.ServiceLogAspect [ServiceLogAspect.java:46] User-[0:0:0:0:0:0:0:1], at [2022-03-26 10:37:23] visits [spring01.service.UserService.findLoginTicket].
2022-03-26 10:38:23,289 INFO [Thread-14] c.z.h.HikariDataSource [HikariDataSource.java:350] HikariPool-1 - Shutdown initiated...
2022-03-26 10:38:23,301 INFO [Thread-14] c.z.h.HikariDataSource [HikariDataSource.java:352] HikariPool-1 - Shutdown completed.
2022-03-26 10:38:23,673 INFO [restartedMain] s.Spring01Application [StartupInfoLogger.java:55] Starting Spring01Application using Java 1.8.0_322 on LAPTOP-2SKG1DTD with PID 4364 (E:\SoftwareDevelopmentJava\8-SpringBoot\spring01\target\classes started by Peter in E:\SoftwareDevelopmentJava\8-SpringBoot\spring01)
2022-03-26 10:38:23,673 INFO [restartedMain] s.Spring01Application [SpringApplication.java:640] No active profile set, falling back to 1 default profile: "default"
2022-03-26 10:38:24,225 INFO [restartedMain] o.s.d.r.c.RepositoryConfigurationDelegate [RepositoryConfigurationDelegate.java:262] Multiple Spring Data modules found, entering strict repository configuration mode!
2022-03-26 10:38:24,225 INFO [restartedMain] o.s.d.r.c.RepositoryConfigurationDelegate [RepositoryConfigurationDelegate.java:132] Bootstrapping Spring Data Redis repositories in DEFAULT mode.
2022-03-26 10:38:24,245 INFO [restartedMain] o.s.d.r.c.RepositoryConfigurationDelegate [RepositoryConfigurationDelegate.java:201] Finished Spring Data repository scanning in 19 ms. Found 0 Redis repository interfaces.
2022-03-26 10:38:24,527 INFO [restartedMain] o.s.b.w.e.t.TomcatWebServer [TomcatWebServer.java:108] Tomcat initialized with port(s): 8080 (http)
2022-03-26 10:38:24,528 INFO [restartedMain] o.a.c.h.Http11NioProtocol [DirectJDKLog.java:173] Initializing ProtocolHandler ["http-nio-8080"]
2022-03-26 10:38:24,529 INFO [restartedMain] o.a.c.c.StandardService [DirectJDKLog.java:173] Starting service [Tomcat]
2022-03-26 10:38:24,529 INFO [restartedMain] o.a.c.c.StandardEngine [DirectJDKLog.java:173] Starting Servlet engine: [Apache Tomcat/9.0.58]
2022-03-26 10:38:24,562 INFO [restartedMain] o.a.c.c.C.[.[.[/community] [DirectJDKLog.java:173] Initializing Spring embedded WebApplicationContext
2022-03-26 10:38:24,562 INFO [restartedMain] o.s.b.w.s.c.ServletWebServerApplicationContext [ServletWebServerApplicationContext.java:290] Root WebApplicationContext: initialization completed in 877 ms
2022-03-26 10:38:25,028 INFO [restartedMain] o.s.b.a.w.s.WelcomePageHandlerMapping [WelcomePageHandlerMapping.java:57] Adding welcome page template: index
2022-03-26 10:38:25,202 INFO [restartedMain] o.s.b.d.a.OptionalLiveReloadServer [OptionalLiveReloadServer.java:58] LiveReload server is running on port 35729
2022-03-26 10:38:25,217 INFO [restartedMain] o.a.c.h.Http11NioProtocol [DirectJDKLog.java:173] Starting ProtocolHandler ["http-nio-8080"]
2022-03-26 10:38:25,219 INFO [restartedMain] o.s.b.w.e.t.TomcatWebServer [TomcatWebServer.java:220] Tomcat started on port(s): 8080 (http) with context path '/community'
2022-03-26 10:38:25,223 INFO [restartedMain] s.Spring01Application [StartupInfoLogger.java:61] Started Spring01Application in 1.67 seconds (JVM running for 81.999)
2022-03-26 10:38:25,223 INFO [restartedMain] o.s.b.d.a.ConditionEvaluationDeltaLoggingListener [ConditionEvaluationDeltaLoggingListener.java:63] Condition evaluation unchanged
2022-03-26 10:38:27,223 INFO [restartedMain] s.Spring01Application [StartupInfoLogger.java:55] Starting Spring01Application using Java 1.8.0_322 on LAPTOP-2SKG1DTD with PID 4364 (E:\SoftwareDevelopmentJava\8-SpringBoot\spring01\target\classes started by Peter in E:\SoftwareDevelopmentJava\8-SpringBoot\spring01)
2022-03-26 10:38:27,223 INFO [restartedMain] s.Spring01Application [SpringApplication.java:640] No active profile set, falling back to 1 default profile: "default"
2022-03-26 10:38:27,519 INFO [restartedMain] o.s.d.r.c.RepositoryConfigurationDelegate [RepositoryConfigurationDelegate.java:262] Multiple Spring Data modules found, entering strict repository configuration mode!
2022-03-26 10:38:27,519 INFO [restartedMain] o.s.d.r.c.RepositoryConfigurationDelegate [RepositoryConfigurationDelegate.java:132] Bootstrapping Spring Data Redis repositories in DEFAULT mode.
2022-03-26 10:38:27,527 INFO [restartedMain] o.s.d.r.c.RepositoryConfigurationDelegate [RepositoryConfigurationDelegate.java:201] Finished Spring Data repository scanning in 9 ms. Found 0 Redis repository interfaces.
2022-03-26 10:38:27,717 INFO [restartedMain] o.s.b.w.e.t.TomcatWebServer [TomcatWebServer.java:108] Tomcat initialized with port(s): 8080 (http)
2022-03-26 10:38:27,718 INFO [restartedMain] o.a.c.h.Http11NioProtocol [DirectJDKLog.java:173] Initializing ProtocolHandler ["http-nio-8080"]
2022-03-26 10:38:27,718 INFO [restartedMain] o.a.c.c.StandardService [DirectJDKLog.java:173] Starting service [Tomcat]
2022-03-26 10:38:27,718 INFO [restartedMain] o.a.c.c.StandardEngine [DirectJDKLog.java:173] Starting Servlet engine: [Apache Tomcat/9.0.58]
2022-03-26 10:38:27,736 INFO [restartedMain] o.a.c.c.C.[.[.[/community] [DirectJDKLog.java:173] Initializing Spring embedded WebApplicationContext
2022-03-26 10:38:27,740 INFO [restartedMain] o.s.b.w.s.c.ServletWebServerApplicationContext [ServletWebServerApplicationContext.java:290] Root WebApplicationContext: initialization completed in 513 ms
2022-03-26 10:38:28,052 INFO [restartedMain] o.s.b.a.w.s.WelcomePageHandlerMapping [WelcomePageHandlerMapping.java:57] Adding welcome page template: index
2022-03-26 10:38:28,176 INFO [restartedMain] o.s.b.d.a.OptionalLiveReloadServer [OptionalLiveReloadServer.java:58] LiveReload server is running on port 35729
2022-03-26 10:38:28,184 INFO [restartedMain] o.a.c.h.Http11NioProtocol [DirectJDKLog.java:173] Starting ProtocolHandler ["http-nio-8080"]
2022-03-26 10:38:28,188 INFO [restartedMain] o.s.b.w.e.t.TomcatWebServer [TomcatWebServer.java:220] Tomcat started on port(s): 8080 (http) with context path '/community'
2022-03-26 10:38:28,192 INFO [restartedMain] s.Spring01Application [StartupInfoLogger.java:61] Started Spring01Application in 1.019 seconds (JVM running for 84.967)
2022-03-26 10:38:28,192 INFO [restartedMain] o.s.b.d.a.ConditionEvaluationDeltaLoggingListener [ConditionEvaluationDeltaLoggingListener.java:63] Condition evaluation unchanged
2022-03-26 10:38:32,720 INFO [http-nio-8080-exec-1] o.a.c.c.C.[.[.[/community] [DirectJDKLog.java:173] Initializing Spring DispatcherServlet 'dispatcherServlet'
2022-03-26 10:38:32,724 INFO [http-nio-8080-exec-1] o.s.w.s.DispatcherServlet [FrameworkServlet.java:525] Initializing Servlet 'dispatcherServlet'
2022-03-26 10:38:32,724 INFO [http-nio-8080-exec-1] o.s.w.s.DispatcherServlet [FrameworkServlet.java:547] Completed initialization in 0 ms
2022-03-26 10:38:32,733 INFO [http-nio-8080-exec-1] s.a.ServiceLogAspect [ServiceLogAspect.java:46] User-[0:0:0:0:0:0:0:1], at [2022-03-26 10:38:32] visits [spring01.service.UserService.findLoginTicket].
2022-03-26 10:38:32,740 INFO [http-nio-8080-exec-1] c.z.h.HikariDataSource [HikariDataSource.java:110] HikariPool-2 - Starting...
2022-03-26 10:38:32,749 INFO [http-nio-8080-exec-1] c.z.h.HikariDataSource [HikariDataSource.java:123] HikariPool-2 - Start completed.
2022-03-26 10:38:32,854 INFO [http-nio-8080-exec-5] s.a.ServiceLogAspect [ServiceLogAspect.java:46] User-[0:0:0:0:0:0:0:1], at [2022-03-26 10:38:32] visits [spring01.service.UserService.findLoginTicket].
2022-03-26 10:38:32,924 INFO [http-nio-8080-exec-6] s.a.ServiceLogAspect [ServiceLogAspect.java:46] User-[0:0:0:0:0:0:0:1], at [2022-03-26 10:38:32] visits [spring01.service.UserService.findLoginTicket].
2022-03-26 10:38:34,186 INFO [http-nio-8080-exec-7] s.a.ServiceLogAspect [ServiceLogAspect.java:46] User-[0:0:0:0:0:0:0:1], at [2022-03-26 10:38:34] visits [spring01.service.UserService.findLoginTicket].
2022-03-26 10:38:34,266 INFO [http-nio-8080-exec-1] s.a.ServiceLogAspect [ServiceLogAspect.java:46] User-[0:0:0:0:0:0:0:1], at [2022-03-26 10:38:34] visits [spring01.service.UserService.findLoginTicket].
2022-03-26 10:38:34,331 INFO [http-nio-8080-exec-3] s.a.ServiceLogAspect [ServiceLogAspect.java:46] User-[0:0:0:0:0:0:0:1], at [2022-03-26 10:38:34] visits [spring01.service.UserService.findLoginTicket].
2022-03-26 10:38:36,484 INFO [http-nio-8080-exec-2] s.a.ServiceLogAspect [ServiceLogAspect.java:46] User-[0:0:0:0:0:0:0:1], at [2022-03-26 10:38:36] visits [spring01.service.UserService.findLoginTicket].
2022-03-26 10:38:36,516 INFO [http-nio-8080-exec-4] s.a.ServiceLogAspect [ServiceLogAspect.java:46] User-[0:0:0:0:0:0:0:1], at [2022-03-26 10:38:36] visits [spring01.service.UserService.findLoginTicket].
2022-03-26 10:39:28,809 INFO [Thread-24] c.z.h.HikariDataSource [HikariDataSource.java:350] HikariPool-2 - Shutdown initiated...
2022-03-26 10:39:28,813 INFO [Thread-24] c.z.h.HikariDataSource [HikariDataSource.java:352] HikariPool-2 - Shutdown completed.
2022-03-26 10:39:29,153 INFO [restartedMain] s.Spring01Application [StartupInfoLogger.java:55] Starting Spring01Application using Java 1.8.0_322 on LAPTOP-2SKG1DTD with PID 4364 (E:\SoftwareDevelopmentJava\8-SpringBoot\spring01\target\classes started by Peter in E:\SoftwareDevelopmentJava\8-SpringBoot\spring01)
2022-03-26 10:39:29,153 INFO [restartedMain] s.Spring01Application [SpringApplication.java:640] No active profile set, falling back to 1 default profile: "default"
2022-03-26 10:39:29,668 INFO [restartedMain] o.s.d.r.c.RepositoryConfigurationDelegate [RepositoryConfigurationDelegate.java:262] Multiple Spring Data modules found, entering strict repository configuration mode!
2022-03-26 10:39:29,668 INFO [restartedMain] o.s.d.r.c.RepositoryConfigurationDelegate [RepositoryConfigurationDelegate.java:132] Bootstrapping Spring Data Redis repositories in DEFAULT mode.
2022-03-26 10:39:29,687 INFO [restartedMain] o.s.d.r.c.RepositoryConfigurationDelegate [RepositoryConfigurationDelegate.java:201] Finished Spring Data repository scanning in 18 ms. Found 0 Redis repository interfaces.
2022-03-26 10:39:30,006 INFO [restartedMain] o.s.b.w.e.t.TomcatWebServer [TomcatWebServer.java:108] Tomcat initialized with port(s): 8080 (http)
2022-03-26 10:39:30,006 INFO [restartedMain] o.a.c.h.Http11NioProtocol [DirectJDKLog.java:173] Initializing ProtocolHandler ["http-nio-8080"]
2022-03-26 10:39:30,006 INFO [restartedMain] o.a.c.c.StandardService [DirectJDKLog.java:173] Starting service [Tomcat]
2022-03-26 10:39:30,006 INFO [restartedMain] o.a.c.c.StandardEngine [DirectJDKLog.java:173] Starting Servlet engine: [Apache Tomcat/9.0.58]
2022-03-26 10:39:30,042 INFO [restartedMain] o.a.c.c.C.[.[.[/community] [DirectJDKLog.java:173] Initializing Spring embedded WebApplicationContext
2022-03-26 10:39:30,042 INFO [restartedMain] o.s.b.w.s.c.ServletWebServerApplicationContext [ServletWebServerApplicationContext.java:290] Root WebApplicationContext: initialization completed in 881 ms
2022-03-26 10:39:30,572 INFO [restartedMain] o.s.b.a.w.s.WelcomePageHandlerMapping [WelcomePageHandlerMapping.java:57] Adding welcome page template: index
2022-03-26 10:39:30,785 INFO [restartedMain] o.s.b.d.a.OptionalLiveReloadServer [OptionalLiveReloadServer.java:58] LiveReload server is running on port 35729
2022-03-26 10:39:30,797 INFO [restartedMain] o.a.c.h.Http11NioProtocol [DirectJDKLog.java:173] Starting ProtocolHandler ["http-nio-8080"]
2022-03-26 10:39:30,801 INFO [restartedMain] o.s.b.w.e.t.TomcatWebServer [TomcatWebServer.java:220] Tomcat started on port(s): 8080 (http) with context path '/community'
2022-03-26 10:39:30,805 INFO [restartedMain] s.Spring01Application [StartupInfoLogger.java:61] Started Spring01Application in 1.746 seconds (JVM running for 147.583)
2022-03-26 10:39:30,811 INFO [restartedMain] o.s.b.d.a.ConditionEvaluationDeltaLoggingListener [ConditionEvaluationDeltaLoggingListener.java:63] Condition evaluation unchanged
2022-03-26 10:39:33,245 INFO [restartedMain] s.Spring01Application [StartupInfoLogger.java:55] Starting Spring01Application using Java 1.8.0_322 on LAPTOP-2SKG1DTD with PID 4364 (E:\SoftwareDevelopmentJava\8-SpringBoot\spring01\target\classes started by Peter in E:\SoftwareDevelopmentJava\8-SpringBoot\spring01)
2022-03-26 10:39:33,249 INFO [restartedMain] s.Spring01Application [SpringApplication.java:640] No active profile set, falling back to 1 default profile: "default"
2022-03-26 10:39:33,599 INFO [restartedMain] o.s.d.r.c.RepositoryConfigurationDelegate [RepositoryConfigurationDelegate.java:262] Multiple Spring Data modules found, entering strict repository configuration mode!
2022-03-26 10:39:33,599 INFO [restartedMain] o.s.d.r.c.RepositoryConfigurationDelegate [RepositoryConfigurationDelegate.java:132] Bootstrapping Spring Data Redis repositories in DEFAULT mode.
2022-03-26 10:39:33,611 INFO [restartedMain] o.s.d.r.c.RepositoryConfigurationDelegate [RepositoryConfigurationDelegate.java:201] Finished Spring Data repository scanning in 10 ms. Found 0 Redis repository interfaces.
2022-03-26 10:39:33,759 INFO [restartedMain] o.s.b.w.e.t.TomcatWebServer [TomcatWebServer.java:108] Tomcat initialized with port(s): 8080 (http)
2022-03-26 10:39:33,763 INFO [restartedMain] o.a.c.h.Http11NioProtocol [DirectJDKLog.java:173] Initializing ProtocolHandler ["http-nio-8080"]
2022-03-26 10:39:33,763 INFO [restartedMain] o.a.c.c.StandardService [DirectJDKLog.java:173] Starting service [Tomcat]
2022-03-26 10:39:33,763 INFO [restartedMain] o.a.c.c.StandardEngine [DirectJDKLog.java:173] Starting Servlet engine: [Apache Tomcat/9.0.58]
2022-03-26 10:39:33,787 INFO [restartedMain] o.a.c.c.C.[.[.[/community] [DirectJDKLog.java:173] Initializing Spring embedded WebApplicationContext
2022-03-26 10:39:33,787 INFO [restartedMain] o.s.b.w.s.c.ServletWebServerApplicationContext [ServletWebServerApplicationContext.java:290] Root WebApplicationContext: initialization completed in 534 ms
2022-03-26 10:39:34,087 INFO [restartedMain] o.s.b.a.w.s.WelcomePageHandlerMapping [WelcomePageHandlerMapping.java:57] Adding welcome page template: index
2022-03-26 10:39:34,222 INFO [restartedMain] o.s.b.d.a.OptionalLiveReloadServer [OptionalLiveReloadServer.java:58] LiveReload server is running on port 35729
2022-03-26 10:39:34,234 INFO [restartedMain] o.a.c.h.Http11NioProtocol [DirectJDKLog.java:173] Starting ProtocolHandler ["http-nio-8080"]
2022-03-26 10:39:34,234 INFO [restartedMain] o.s.b.w.e.t.TomcatWebServer [TomcatWebServer.java:220] Tomcat started on port(s): 8080 (http) with context path '/community'
2022-03-26 10:39:34,238 INFO [restartedMain] s.Spring01Application [StartupInfoLogger.java:61] Started Spring01Application in 1.066 seconds (JVM running for 151.014)
2022-03-26 10:39:34,238 INFO [restartedMain] o.s.b.d.a.ConditionEvaluationDeltaLoggingListener [ConditionEvaluationDeltaLoggingListener.java:63] Condition evaluation unchanged
2022-03-26 10:39:44,561 INFO [http-nio-8080-exec-1] o.a.c.c.C.[.[.[/community] [DirectJDKLog.java:173] Initializing Spring DispatcherServlet 'dispatcherServlet'
2022-03-26 10:39:44,563 INFO [http-nio-8080-exec-1] o.s.w.s.DispatcherServlet [FrameworkServlet.java:525] Initializing Servlet 'dispatcherServlet'
2022-03-26 10:39:44,565 INFO [http-nio-8080-exec-1] o.s.w.s.DispatcherServlet [FrameworkServlet.java:547] Completed initialization in 1 ms
2022-03-26 10:39:44,573 INFO [http-nio-8080-exec-1] s.a.ServiceLogAspect [ServiceLogAspect.java:46] User-[0:0:0:0:0:0:0:1], at [2022-03-26 10:39:44] visits [spring01.service.UserService.findLoginTicket].
2022-03-26 10:39:44,579 INFO [http-nio-8080-exec-1] c.z.h.HikariDataSource [HikariDataSource.java:110] HikariPool-3 - Starting...
2022-03-26 10:39:44,591 INFO [http-nio-8080-exec-1] c.z.h.HikariDataSource [HikariDataSource.java:123] HikariPool-3 - Start completed.
2022-03-26 10:39:44,713 INFO [http-nio-8080-exec-5] s.a.ServiceLogAspect [ServiceLogAspect.java:46] User-[0:0:0:0:0:0:0:1], at [2022-03-26 10:39:44] visits [spring01.service.UserService.findLoginTicket].
2022-03-26 10:39:48,431 INFO [http-nio-8080-exec-6] s.a.ServiceLogAspect [ServiceLogAspect.java:46] User-[0:0:0:0:0:0:0:1], at [2022-03-26 10:39:48] visits [spring01.service.UserService.findLoginTicket].
2022-03-26 10:39:52,625 INFO [http-nio-8080-exec-7] s.a.ServiceLogAspect [ServiceLogAspect.java:46] User-[0:0:0:0:0:0:0:1], at [2022-03-26 10:39:52] visits [spring01.service.UserService.findLoginTicket].
2022-03-26 10:39:52,705 INFO [http-nio-8080-exec-7] s.a.ServiceLogAspect [ServiceLogAspect.java:46] User-[0:0:0:0:0:0:0:1], at [2022-03-26 10:39:52] visits [spring01.service.UserService.login].
2022-03-26 10:39:52,745 INFO [http-nio-8080-exec-8] s.a.ServiceLogAspect [ServiceLogAspect.java:46] User-[0:0:0:0:0:0:0:1], at [2022-03-26 10:39:52] visits [spring01.service.UserService.findLoginTicket].
2022-03-26 10:39:52,749 INFO [http-nio-8080-exec-8] s.a.ServiceLogAspect [ServiceLogAspect.java:46] User-[0:0:0:0:0:0:0:1], at [2022-03-26 10:39:52] visits [spring01.service.UserService.findUserById].
2022-03-26 10:39:52,753 INFO [http-nio-8080-exec-8] s.a.ServiceLogAspect [ServiceLogAspect.java:46] User-[0:0:0:0:0:0:0:1], at [2022-03-26 10:39:52] visits [spring01.service.DiscussPostService.findDiscussPostRows].
2022-03-26 10:39:52,761 INFO [http-nio-8080-exec-8] s.a.ServiceLogAspect [ServiceLogAspect.java:46] User-[0:0:0:0:0:0:0:1], at [2022-03-26 10:39:52] visits [spring01.service.DiscussPostService.findDiscussPosts].
2022-03-26 10:39:52,769 INFO [http-nio-8080-exec-8] s.a.ServiceLogAspect [ServiceLogAspect.java:46] User-[0:0:0:0:0:0:0:1], at [2022-03-26 10:39:52] visits [spring01.service.UserService.findUserById].
2022-03-26 10:39:52,773 INFO [http-nio-8080-exec-8] s.a.ServiceLogAspect [ServiceLogAspect.java:46] User-[0:0:0:0:0:0:0:1], at [2022-03-26 10:39:52] visits [spring01.service.LikeService.findEntityLikeCount].
2022-03-26 10:39:52,785 INFO [http-nio-8080-exec-8] s.a.ServiceLogAspect [ServiceLogAspect.java:46] User-[0:0:0:0:0:0:0:1], at [2022-03-26 10:39:52] visits [spring01.service.UserService.findUserById].
2022-03-26 10:39:52,789 INFO [http-nio-8080-exec-8] s.a.ServiceLogAspect [ServiceLogAspect.java:46] User-[0:0:0:0:0:0:0:1], at [2022-03-26 10:39:52] visits [spring01.service.LikeService.findEntityLikeCount].
2022-03-26 10:39:52,793 INFO [http-nio-8080-exec-8] s.a.ServiceLogAspect [ServiceLogAspect.java:46] User-[0:0:0:0:0:0:0:1], at [2022-03-26 10:39:52] visits [spring01.service.UserService.findUserById].
2022-03-26 10:39:52,797 INFO [http-nio-8080-exec-8] s.a.ServiceLogAspect [ServiceLogAspect.java:46] User-[0:0:0:0:0:0:0:1], at [2022-03-26 10:39:52] visits [spring01.service.LikeService.findEntityLikeCount].
2022-03-26 10:39:52,809 INFO [http-nio-8080-exec-8] s.a.ServiceLogAspect [ServiceLogAspect.java:46] User-[0:0:0:0:0:0:0:1], at [2022-03-26 10:39:52] visits [spring01.service.UserService.findUserById].
2022-03-26 10:39:52,809 INFO [http-nio-8080-exec-8] s.a.ServiceLogAspect [ServiceLogAspect.java:46] User-[0:0:0:0:0:0:0:1], at [2022-03-26 10:39:52] visits [spring01.service.LikeService.findEntityLikeCount].
2022-03-26 10:39:52,813 INFO [http-nio-8080-exec-8] s.a.ServiceLogAspect [ServiceLogAspect.java:46] User-[0:0:0:0:0:0:0:1], at [2022-03-26 10:39:52] visits [spring01.service.UserService.findUserById].
2022-03-26 10:39:52,817 INFO [http-nio-8080-exec-8] s.a.ServiceLogAspect [ServiceLogAspect.java:46] User-[0:0:0:0:0:0:0:1], at [2022-03-26 10:39:52] visits [spring01.service.LikeService.findEntityLikeCount].
2022-03-26 10:39:52,821 INFO [http-nio-8080-exec-8] s.a.ServiceLogAspect [ServiceLogAspect.java:46] User-[0:0:0:0:0:0:0:1], at [2022-03-26 10:39:52] visits [spring01.service.UserService.findUserById].
2022-03-26 10:39:52,825 INFO [http-nio-8080-exec-8] s.a.ServiceLogAspect [ServiceLogAspect.java:46] User-[0:0:0:0:0:0:0:1], at [2022-03-26 10:39:52] visits [spring01.service.LikeService.findEntityLikeCount].
2022-03-26 10:39:52,829 INFO [http-nio-8080-exec-8] s.a.ServiceLogAspect [ServiceLogAspect.java:46] User-[0:0:0:0:0:0:0:1], at [2022-03-26 10:39:52] visits [spring01.service.UserService.findUserById].
2022-03-26 10:39:52,833 INFO [http-nio-8080-exec-8] s.a.ServiceLogAspect [ServiceLogAspect.java:46] User-[0:0:0:0:0:0:0:1], at [2022-03-26 10:39:52] visits [spring01.service.LikeService.findEntityLikeCount].
2022-03-26 10:39:52,837 INFO [http-nio-8080-exec-8] s.a.ServiceLogAspect [ServiceLogAspect.java:46] User-[0:0:0:0:0:0:0:1], at [2022-03-26 10:39:52] visits [spring01.service.UserService.findUserById].
2022-03-26 10:39:52,841 INFO [http-nio-8080-exec-8] s.a.ServiceLogAspect [ServiceLogAspect.java:46] User-[0:0:0:0:0:0:0:1], at [2022-03-26 10:39:52] visits [spring01.service.LikeService.findEntityLikeCount].
2022-03-26 10:39:52,849 INFO [http-nio-8080-exec-8] s.a.ServiceLogAspect [ServiceLogAspect.java:46] User-[0:0:0:0:0:0:0:1], at [2022-03-26 10:39:52] visits [spring01.service.UserService.findUserById].
2022-03-26 10:39:52,853 INFO [http-nio-8080-exec-8] s.a.ServiceLogAspect [ServiceLogAspect.java:46] User-[0:0:0:0:0:0:0:1], at [2022-03-26 10:39:52] visits [spring01.service.LikeService.findEntityLikeCount].
2022-03-26 10:39:52,857 INFO [http-nio-8080-exec-8] s.a.ServiceLogAspect [ServiceLogAspect.java:46] User-[0:0:0:0:0:0:0:1], at [2022-03-26 10:39:52] visits [spring01.service.UserService.findUserById].
2022-03-26 10:39:52,861 INFO [http-nio-8080-exec-8] s.a.ServiceLogAspect [ServiceLogAspect.java:46] User-[0:0:0:0:0:0:0:1], at [2022-03-26 10:39:52] visits [spring01.service.LikeService.findEntityLikeCount].
2022-03-26 10:53:03,900 INFO [Thread-32] c.z.h.HikariDataSource [HikariDataSource.java:350] HikariPool-3 - Shutdown initiated...
2022-03-26 10:53:03,904 INFO [Thread-32] c.z.h.HikariDataSource [HikariDataSource.java:352] HikariPool-3 - Shutdown completed.
2022-03-26 10:53:04,102 INFO [restartedMain] s.Spring01Application [StartupInfoLogger.java:55] Starting Spring01Application using Java 1.8.0_322 on LAPTOP-2SKG1DTD with PID 4364 (E:\SoftwareDevelopmentJava\8-SpringBoot\spring01\target\classes started by Peter in E:\SoftwareDevelopmentJava\8-SpringBoot\spring01)
2022-03-26 10:53:04,102 INFO [restartedMain] s.Spring01Application [SpringApplication.java:640] No active profile set, falling back to 1 default profile: "default"
2022-03-26 10:53:04,574 INFO [restartedMain] o.s.d.r.c.RepositoryConfigurationDelegate [RepositoryConfigurationDelegate.java:262] Multiple Spring Data modules found, entering strict repository configuration mode!
2022-03-26 10:53:04,578 INFO [restartedMain] o.s.d.r.c.RepositoryConfigurationDelegate [RepositoryConfigurationDelegate.java:132] Bootstrapping Spring Data Redis repositories in DEFAULT mode.
2022-03-26 10:53:04,590 INFO [restartedMain] o.s.d.r.c.RepositoryConfigurationDelegate [RepositoryConfigurationDelegate.java:201] Finished Spring Data repository scanning in 14 ms. Found 0 Redis repository interfaces.
2022-03-26 10:53:04,786 INFO [restartedMain] o.s.b.w.e.t.TomcatWebServer [TomcatWebServer.java:108] Tomcat initialized with port(s): 8080 (http)
2022-03-26 10:53:04,790 INFO [restartedMain] o.a.c.h.Http11NioProtocol [DirectJDKLog.java:173] Initializing ProtocolHandler ["http-nio-8080"]
2022-03-26 10:53:04,790 INFO [restartedMain] o.a.c.c.StandardService [DirectJDKLog.java:173] Starting service [Tomcat]
2022-03-26 10:53:04,790 INFO [restartedMain] o.a.c.c.StandardEngine [DirectJDKLog.java:173] Starting Servlet engine: [Apache Tomcat/9.0.58]
2022-03-26 10:53:04,811 INFO [restartedMain] o.a.c.c.C.[.[.[/community] [DirectJDKLog.java:173] Initializing Spring embedded WebApplicationContext
2022-03-26 10:53:04,811 INFO [restartedMain] o.s.b.w.s.c.ServletWebServerApplicationContext [ServletWebServerApplicationContext.java:290] Root WebApplicationContext: initialization completed in 701 ms
2022-03-26 10:53:04,831 INFO [restartedMain] o.a.c.c.StandardService [DirectJDKLog.java:173] Stopping service [Tomcat]
2022-03-26 10:53:04,839 INFO [restartedMain] o.s.b.a.l.ConditionEvaluationReportLoggingListener [ConditionEvaluationReportLoggingListener.java:136] 

Error starting ApplicationContext. To display the conditions report re-run your application with 'debug' enabled.
2022-03-26 10:53:06,440 INFO [restartedMain] s.Spring01Application [StartupInfoLogger.java:55] Starting Spring01Application using Java 1.8.0_322 on LAPTOP-2SKG1DTD with PID 4364 (E:\SoftwareDevelopmentJava\8-SpringBoot\spring01\target\classes started by Peter in E:\SoftwareDevelopmentJava\8-SpringBoot\spring01)
2022-03-26 10:53:06,440 INFO [restartedMain] s.Spring01Application [SpringApplication.java:640] No active profile set, falling back to 1 default profile: "default"
2022-03-26 10:53:06,787 INFO [restartedMain] o.s.d.r.c.RepositoryConfigurationDelegate [RepositoryConfigurationDelegate.java:262] Multiple Spring Data modules found, entering strict repository configuration mode!
2022-03-26 10:53:06,787 INFO [restartedMain] o.s.d.r.c.RepositoryConfigurationDelegate [RepositoryConfigurationDelegate.java:132] Bootstrapping Spring Data Redis repositories in DEFAULT mode.
2022-03-26 10:53:06,795 INFO [restartedMain] o.s.d.r.c.RepositoryConfigurationDelegate [RepositoryConfigurationDelegate.java:201] Finished Spring Data repository scanning in 8 ms. Found 0 Redis repository interfaces.
2022-03-26 10:53:06,895 INFO [restartedMain] o.s.b.w.e.t.TomcatWebServer [TomcatWebServer.java:108] Tomcat initialized with port(s): 8080 (http)
2022-03-26 10:53:06,895 INFO [restartedMain] o.a.c.h.Http11NioProtocol [DirectJDKLog.java:173] Initializing ProtocolHandler ["http-nio-8080"]
2022-03-26 10:53:06,895 INFO [restartedMain] o.a.c.c.StandardService [DirectJDKLog.java:173] Starting service [Tomcat]
2022-03-26 10:53:06,895 INFO [restartedMain] o.a.c.c.StandardEngine [DirectJDKLog.java:173] Starting Servlet engine: [Apache Tomcat/9.0.58]
2022-03-26 10:53:06,915 INFO [restartedMain] o.a.c.c.C.[.[.[/community] [DirectJDKLog.java:173] Initializing Spring embedded WebApplicationContext
2022-03-26 10:53:06,915 INFO [restartedMain] o.s.b.w.s.c.ServletWebServerApplicationContext [ServletWebServerApplicationContext.java:290] Root WebApplicationContext: initialization completed in 472 ms
2022-03-26 10:53:07,249 INFO [restartedMain] o.s.b.a.w.s.WelcomePageHandlerMapping [WelcomePageHandlerMapping.java:57] Adding welcome page template: index
2022-03-26 10:53:07,375 INFO [restartedMain] o.s.b.d.a.OptionalLiveReloadServer [OptionalLiveReloadServer.java:58] LiveReload server is running on port 35729
2022-03-26 10:53:07,383 INFO [restartedMain] o.a.c.h.Http11NioProtocol [DirectJDKLog.java:173] Starting ProtocolHandler ["http-nio-8080"]
2022-03-26 10:53:07,383 INFO [restartedMain] o.s.b.w.e.t.TomcatWebServer [TomcatWebServer.java:220] Tomcat started on port(s): 8080 (http) with context path '/community'
2022-03-26 10:53:07,387 INFO [restartedMain] s.Spring01Application [StartupInfoLogger.java:61] Started Spring01Application in 0.992 seconds (JVM running for 964.163)
2022-03-26 10:53:07,387 INFO [restartedMain] o.s.b.d.a.ConditionEvaluationDeltaLoggingListener [ConditionEvaluationDeltaLoggingListener.java:63] Condition evaluation unchanged
2022-03-26 10:53:17,387 INFO [http-nio-8080-exec-3] o.a.c.c.C.[.[.[/community] [DirectJDKLog.java:173] Initializing Spring DispatcherServlet 'dispatcherServlet'
2022-03-26 10:53:17,387 INFO [http-nio-8080-exec-3] o.s.w.s.DispatcherServlet [FrameworkServlet.java:525] Initializing Servlet 'dispatcherServlet'
2022-03-26 10:53:17,391 INFO [http-nio-8080-exec-3] o.s.w.s.DispatcherServlet [FrameworkServlet.java:547] Completed initialization in 0 ms
2022-03-26 10:53:17,395 INFO [http-nio-8080-exec-3] s.a.ServiceLogAspect [ServiceLogAspect.java:46] User-[0:0:0:0:0:0:0:1], at [2022-03-26 10:53:17] visits [spring01.service.UserService.findLoginTicket].
2022-03-26 10:53:17,427 INFO [http-nio-8080-exec-3] s.a.ServiceLogAspect [ServiceLogAspect.java:46] User-[0:0:0:0:0:0:0:1], at [2022-03-26 10:53:17] visits [spring01.service.DiscussPostService.findDiscussPostRows].
2022-03-26 10:53:17,434 INFO [http-nio-8080-exec-3] c.z.h.HikariDataSource [HikariDataSource.java:110] HikariPool-4 - Starting...
2022-03-26 10:53:17,443 INFO [http-nio-8080-exec-3] c.z.h.HikariDataSource [HikariDataSource.java:123] HikariPool-4 - Start completed.
2022-03-26 10:53:17,446 INFO [http-nio-8080-exec-3] s.a.ServiceLogAspect [ServiceLogAspect.java:46] User-[0:0:0:0:0:0:0:1], at [2022-03-26 10:53:17] visits [spring01.service.DiscussPostService.findDiscussPosts].
2022-03-26 10:53:17,454 INFO [http-nio-8080-exec-3] s.a.ServiceLogAspect [ServiceLogAspect.java:46] User-[0:0:0:0:0:0:0:1], at [2022-03-26 10:53:17] visits [spring01.service.UserService.findUserById].
2022-03-26 10:53:17,458 INFO [http-nio-8080-exec-3] s.a.ServiceLogAspect [ServiceLogAspect.java:46] User-[0:0:0:0:0:0:0:1], at [2022-03-26 10:53:17] visits [spring01.service.LikeService.findEntityLikeCount].
2022-03-26 10:53:17,462 INFO [http-nio-8080-exec-3] s.a.ServiceLogAspect [ServiceLogAspect.java:46] User-[0:0:0:0:0:0:0:1], at [2022-03-26 10:53:17] visits [spring01.service.UserService.findUserById].
2022-03-26 10:53:17,466 INFO [http-nio-8080-exec-3] s.a.ServiceLogAspect [ServiceLogAspect.java:46] User-[0:0:0:0:0:0:0:1], at [2022-03-26 10:53:17] visits [spring01.service.LikeService.findEntityLikeCount].
2022-03-26 10:53:17,486 INFO [http-nio-8080-exec-3] s.a.ServiceLogAspect [ServiceLogAspect.java:46] User-[0:0:0:0:0:0:0:1], at [2022-03-26 10:53:17] visits [spring01.service.UserService.findUserById].
2022-03-26 10:53:17,486 INFO [http-nio-8080-exec-3] s.a.ServiceLogAspect [ServiceLogAspect.java:46] User-[0:0:0:0:0:0:0:1], at [2022-03-26 10:53:17] visits [spring01.service.LikeService.findEntityLikeCount].
2022-03-26 10:53:17,490 INFO [http-nio-8080-exec-3] s.a.ServiceLogAspect [ServiceLogAspect.java:46] User-[0:0:0:0:0:0:0:1], at [2022-03-26 10:53:17] visits [spring01.service.UserService.findUserById].
2022-03-26 10:53:17,494 INFO [http-nio-8080-exec-3] s.a.ServiceLogAspect [ServiceLogAspect.java:46] User-[0:0:0:0:0:0:0:1], at [2022-03-26 10:53:17] visits [spring01.service.LikeService.findEntityLikeCount].
2022-03-26 10:53:17,494 INFO [http-nio-8080-exec-3] s.a.ServiceLogAspect [ServiceLogAspect.java:46] User-[0:0:0:0:0:0:0:1], at [2022-03-26 10:53:17] visits [spring01.service.UserService.findUserById].
2022-03-26 10:53:17,498 INFO [http-nio-8080-exec-3] s.a.ServiceLogAspect [ServiceLogAspect.java:46] User-[0:0:0:0:0:0:0:1], at [2022-03-26 10:53:17] visits [spring01.service.LikeService.findEntityLikeCount].
2022-03-26 10:53:17,502 INFO [http-nio-8080-exec-3] s.a.ServiceLogAspect [ServiceLogAspect.java:46] User-[0:0:0:0:0:0:0:1], at [2022-03-26 10:53:17] visits [spring01.service.UserService.findUserById].
2022-03-26 10:53:17,506 INFO [http-nio-8080-exec-3] s.a.ServiceLogAspect [ServiceLogAspect.java:46] User-[0:0:0:0:0:0:0:1], at [2022-03-26 10:53:17] visits [spring01.service.LikeService.findEntityLikeCount].
2022-03-26 10:53:17,510 INFO [http-nio-8080-exec-3] s.a.ServiceLogAspect [ServiceLogAspect.java:46] User-[0:0:0:0:0:0:0:1], at [2022-03-26 10:53:17] visits [spring01.service.UserService.findUserById].
2022-03-26 10:53:17,510 INFO [http-nio-8080-exec-3] s.a.ServiceLogAspect [ServiceLogAspect.java:46] User-[0:0:0:0:0:0:0:1], at [2022-03-26 10:53:17] visits [spring01.service.LikeService.findEntityLikeCount].
2022-03-26 10:53:17,514 INFO [http-nio-8080-exec-3] s.a.ServiceLogAspect [ServiceLogAspect.java:46] User-[0:0:0:0:0:0:0:1], at [2022-03-26 10:53:17] visits [spring01.service.UserService.findUserById].
2022-03-26 10:53:17,514 INFO [http-nio-8080-exec-3] s.a.ServiceLogAspect [ServiceLogAspect.java:46] User-[0:0:0:0:0:0:0:1], at [2022-03-26 10:53:17] visits [spring01.service.LikeService.findEntityLikeCount].
2022-03-26 10:53:17,518 INFO [http-nio-8080-exec-3] s.a.ServiceLogAspect [ServiceLogAspect.java:46] User-[0:0:0:0:0:0:0:1], at [2022-03-26 10:53:17] visits [spring01.service.UserService.findUserById].
2022-03-26 10:53:17,522 INFO [http-nio-8080-exec-3] s.a.ServiceLogAspect [ServiceLogAspect.java:46] User-[0:0:0:0:0:0:0:1], at [2022-03-26 10:53:17] visits [spring01.service.LikeService.findEntityLikeCount].
2022-03-26 10:53:17,522 INFO [http-nio-8080-exec-3] s.a.ServiceLogAspect [ServiceLogAspect.java:46] User-[0:0:0:0:0:0:0:1], at [2022-03-26 10:53:17] visits [spring01.service.UserService.findUserById].
2022-03-26 10:53:17,526 INFO [http-nio-8080-exec-3] s.a.ServiceLogAspect [ServiceLogAspect.java:46] User-[0:0:0:0:0:0:0:1], at [2022-03-26 10:53:17] visits [spring01.service.LikeService.findEntityLikeCount].
2022-03-26 10:53:19,218 INFO [http-nio-8080-exec-6] s.a.ServiceLogAspect [ServiceLogAspect.java:46] User-[0:0:0:0:0:0:0:1], at [2022-03-26 10:53:19] visits [spring01.service.UserService.findLoginTicket].
2022-03-26 10:53:19,293 INFO [http-nio-8080-exec-10] s.a.ServiceLogAspect [ServiceLogAspect.java:46] User-[0:0:0:0:0:0:0:1], at [2022-03-26 10:53:19] visits [spring01.service.UserService.findLoginTicket].
2022-03-26 10:53:27,006 INFO [http-nio-8080-exec-3] s.a.ServiceLogAspect [ServiceLogAspect.java:46] User-[0:0:0:0:0:0:0:1], at [2022-03-26 10:53:27] visits [spring01.service.UserService.findLoginTicket].
2022-03-26 10:53:27,018 INFO [http-nio-8080-exec-3] s.a.ServiceLogAspect [ServiceLogAspect.java:46] User-[0:0:0:0:0:0:0:1], at [2022-03-26 10:53:27] visits [spring01.service.UserService.login].
2022-03-26 10:53:27,125 INFO [http-nio-8080-exec-2] s.a.ServiceLogAspect [ServiceLogAspect.java:46] User-[0:0:0:0:0:0:0:1], at [2022-03-26 10:53:27] visits [spring01.service.UserService.findLoginTicket].
2022-03-26 10:53:27,177 INFO [http-nio-8080-exec-2] s.a.ServiceLogAspect [ServiceLogAspect.java:46] User-[0:0:0:0:0:0:0:1], at [2022-03-26 10:53:27] visits [spring01.service.UserService.findUserById].
2022-03-26 10:53:27,181 INFO [http-nio-8080-exec-2] s.a.ServiceLogAspect [ServiceLogAspect.java:46] User-[0:0:0:0:0:0:0:1], at [2022-03-26 10:53:27] visits [spring01.service.DiscussPostService.findDiscussPostRows].
2022-03-26 10:53:27,185 INFO [http-nio-8080-exec-2] s.a.ServiceLogAspect [ServiceLogAspect.java:46] User-[0:0:0:0:0:0:0:1], at [2022-03-26 10:53:27] visits [spring01.service.DiscussPostService.findDiscussPosts].
2022-03-26 10:53:27,197 INFO [http-nio-8080-exec-2] s.a.ServiceLogAspect [ServiceLogAspect.java:46] User-[0:0:0:0:0:0:0:1], at [2022-03-26 10:53:27] visits [spring01.service.UserService.findUserById].
2022-03-26 10:53:27,201 INFO [http-nio-8080-exec-2] s.a.ServiceLogAspect [ServiceLogAspect.java:46] User-[0:0:0:0:0:0:0:1], at [2022-03-26 10:53:27] visits [spring01.service.LikeService.findEntityLikeCount].
2022-03-26 10:53:27,205 INFO [http-nio-8080-exec-2] s.a.ServiceLogAspect [ServiceLogAspect.java:46] User-[0:0:0:0:0:0:0:1], at [2022-03-26 10:53:27] visits [spring01.service.UserService.findUserById].
2022-03-26 10:53:27,205 INFO [http-nio-8080-exec-2] s.a.ServiceLogAspect [ServiceLogAspect.java:46] User-[0:0:0:0:0:0:0:1], at [2022-03-26 10:53:27] visits [spring01.service.LikeService.findEntityLikeCount].
2022-03-26 10:53:27,209 INFO [http-nio-8080-exec-2] s.a.ServiceLogAspect [ServiceLogAspect.java:46] User-[0:0:0:0:0:0:0:1], at [2022-03-26 10:53:27] visits [spring01.service.UserService.findUserById].
2022-03-26 10:53:27,213 INFO [http-nio-8080-exec-2] s.a.ServiceLogAspect [ServiceLogAspect.java:46] User-[0:0:0:0:0:0:0:1], at [2022-03-26 10:53:27] visits [spring01.service.LikeService.findEntityLikeCount].
2022-03-26 10:53:27,217 INFO [http-nio-8080-exec-2] s.a.ServiceLogAspect [ServiceLogAspect.java:46] User-[0:0:0:0:0:0:0:1], at [2022-03-26 10:53:27] visits [spring01.service.UserService.findUserById].
2022-03-26 10:53:27,221 INFO [http-nio-8080-exec-2] s.a.ServiceLogAspect [ServiceLogAspect.java:46] User-[0:0:0:0:0:0:0:1], at [2022-03-26 10:53:27] visits [spring01.service.LikeService.findEntityLikeCount].
2022-03-26 10:53:27,225 INFO [http-nio-8080-exec-2] s.a.ServiceLogAspect [ServiceLogAspect.java:46] User-[0:0:0:0:0:0:0:1], at [2022-03-26 10:53:27] visits [spring01.service.UserService.findUserById].
2022-03-26 10:53:27,225 INFO [http-nio-8080-exec-2] s.a.ServiceLogAspect [ServiceLogAspect.java:46] User-[0:0:0:0:0:0:0:1], at [2022-03-26 10:53:27] visits [spring01.service.LikeService.findEntityLikeCount].
2022-03-26 10:53:27,229 INFO [http-nio-8080-exec-2] s.a.ServiceLogAspect [ServiceLogAspect.java:46] User-[0:0:0:0:0:0:0:1], at [2022-03-26 10:53:27] visits [spring01.service.UserService.findUserById].
2022-03-26 10:53:27,233 INFO [http-nio-8080-exec-2] s.a.ServiceLogAspect [ServiceLogAspect.java:46] User-[0:0:0:0:0:0:0:1], at [2022-03-26 10:53:27] visits [spring01.service.LikeService.findEntityLikeCount].
2022-03-26 10:53:27,237 INFO [http-nio-8080-exec-2] s.a.ServiceLogAspect [ServiceLogAspect.java:46] User-[0:0:0:0:0:0:0:1], at [2022-03-26 10:53:27] visits [spring01.service.UserService.findUserById].
2022-03-26 10:53:27,237 INFO [http-nio-8080-exec-2] s.a.ServiceLogAspect [ServiceLogAspect.java:46] User-[0:0:0:0:0:0:0:1], at [2022-03-26 10:53:27] visits [spring01.service.LikeService.findEntityLikeCount].
2022-03-26 10:53:27,241 INFO [http-nio-8080-exec-2] s.a.ServiceLogAspect [ServiceLogAspect.java:46] User-[0:0:0:0:0:0:0:1], at [2022-03-26 10:53:27] visits [spring01.service.UserService.findUserById].
2022-03-26 10:53:27,245 INFO [http-nio-8080-exec-2] s.a.ServiceLogAspect [ServiceLogAspect.java:46] User-[0:0:0:0:0:0:0:1], at [2022-03-26 10:53:27] visits [spring01.service.LikeService.findEntityLikeCount].
2022-03-26 10:53:27,249 INFO [http-nio-8080-exec-2] s.a.ServiceLogAspect [ServiceLogAspect.java:46] User-[0:0:0:0:0:0:0:1], at [2022-03-26 10:53:27] visits [spring01.service.UserService.findUserById].
2022-03-26 10:53:27,249 INFO [http-nio-8080-exec-2] s.a.ServiceLogAspect [ServiceLogAspect.java:46] User-[0:0:0:0:0:0:0:1], at [2022-03-26 10:53:27] visits [spring01.service.LikeService.findEntityLikeCount].
2022-03-26 10:53:27,253 INFO [http-nio-8080-exec-2] s.a.ServiceLogAspect [ServiceLogAspect.java:46] User-[0:0:0:0:0:0:0:1], at [2022-03-26 10:53:27] visits [spring01.service.UserService.findUserById].
2022-03-26 10:53:27,253 INFO [http-nio-8080-exec-2] s.a.ServiceLogAspect [ServiceLogAspect.java:46] User-[0:0:0:0:0:0:0:1], at [2022-03-26 10:53:27] visits [spring01.service.LikeService.findEntityLikeCount].
2022-03-26 11:22:12,683 INFO [SpringApplicationShutdownHook] c.z.h.HikariDataSource [HikariDataSource.java:350] HikariPool-4 - Shutdown initiated...
2022-03-26 11:22:12,687 INFO [SpringApplicationShutdownHook] c.z.h.HikariDataSource [HikariDataSource.java:352] HikariPool-4 - Shutdown completed.
2022-03-26 11:22:24,760 INFO [restartedMain] s.Spring01Application [StartupInfoLogger.java:55] Starting Spring01Application using Java 1.8.0_322 on LAPTOP-2SKG1DTD with PID 6312 (E:\SoftwareDevelopmentJava\8-SpringBoot\spring01\target\classes started by Peter in E:\SoftwareDevelopmentJava\8-SpringBoot\spring01)
2022-03-26 11:22:24,760 INFO [restartedMain] s.Spring01Application [SpringApplication.java:640] No active profile set, falling back to 1 default profile: "default"
2022-03-26 11:22:24,836 INFO [restartedMain] o.s.b.d.e.DevToolsPropertyDefaultsPostProcessor [DeferredLog.java:255] Devtools property defaults active! Set 'spring.devtools.add-properties' to 'false' to disable
2022-03-26 11:22:24,836 INFO [restartedMain] o.s.b.d.e.DevToolsPropertyDefaultsPostProcessor [DeferredLog.java:255] For additional web related logging consider setting the 'logging.level.web' property to 'DEBUG'
2022-03-26 11:22:25,799 INFO [restartedMain] o.s.d.r.c.RepositoryConfigurationDelegate [RepositoryConfigurationDelegate.java:262] Multiple Spring Data modules found, entering strict repository configuration mode!
2022-03-26 11:22:25,803 INFO [restartedMain] o.s.d.r.c.RepositoryConfigurationDelegate [RepositoryConfigurationDelegate.java:132] Bootstrapping Spring Data Redis repositories in DEFAULT mode.
2022-03-26 11:22:25,883 INFO [restartedMain] o.s.d.r.c.RepositoryConfigurationDelegate [RepositoryConfigurationDelegate.java:201] Finished Spring Data repository scanning in 44 ms. Found 0 Redis repository interfaces.
2022-03-26 11:22:26,893 INFO [restartedMain] o.s.b.w.e.t.TomcatWebServer [TomcatWebServer.java:108] Tomcat initialized with port(s): 8080 (http)
2022-03-26 11:22:26,901 INFO [restartedMain] o.a.c.h.Http11NioProtocol [DirectJDKLog.java:173] Initializing ProtocolHandler ["http-nio-8080"]
2022-03-26 11:22:26,901 INFO [restartedMain] o.a.c.c.StandardService [DirectJDKLog.java:173] Starting service [Tomcat]
2022-03-26 11:22:26,901 INFO [restartedMain] o.a.c.c.StandardEngine [DirectJDKLog.java:173] Starting Servlet engine: [Apache Tomcat/9.0.58]
2022-03-26 11:22:26,994 INFO [restartedMain] o.a.c.c.C.[.[.[/community] [DirectJDKLog.java:173] Initializing Spring embedded WebApplicationContext
2022-03-26 11:22:26,994 INFO [restartedMain] o.s.b.w.s.c.ServletWebServerApplicationContext [ServletWebServerApplicationContext.java:290] Root WebApplicationContext: initialization completed in 2154 ms
2022-03-26 11:22:28,547 INFO [restartedMain] o.s.b.a.w.s.WelcomePageHandlerMapping [WelcomePageHandlerMapping.java:57] Adding welcome page template: index
2022-03-26 11:22:29,073 INFO [restartedMain] o.s.b.d.a.OptionalLiveReloadServer [OptionalLiveReloadServer.java:58] LiveReload server is running on port 35729
2022-03-26 11:22:29,109 INFO [restartedMain] o.a.c.h.Http11NioProtocol [DirectJDKLog.java:173] Starting ProtocolHandler ["http-nio-8080"]
2022-03-26 11:22:29,141 INFO [restartedMain] o.s.b.w.e.t.TomcatWebServer [TomcatWebServer.java:220] Tomcat started on port(s): 8080 (http) with context path '/community'
2022-03-26 11:22:29,165 INFO [restartedMain] s.Spring01Application [StartupInfoLogger.java:61] Started Spring01Application in 5.202 seconds (JVM running for 6.971)
2022-03-26 11:22:40,110 INFO [http-nio-8080-exec-2] o.a.c.c.C.[.[.[/community] [DirectJDKLog.java:173] Initializing Spring DispatcherServlet 'dispatcherServlet'
2022-03-26 11:22:40,114 INFO [http-nio-8080-exec-2] o.s.w.s.DispatcherServlet [FrameworkServlet.java:525] Initializing Servlet 'dispatcherServlet'
2022-03-26 11:22:40,114 INFO [http-nio-8080-exec-2] o.s.w.s.DispatcherServlet [FrameworkServlet.java:547] Completed initialization in 0 ms
2022-03-26 11:22:40,166 INFO [http-nio-8080-exec-2] s.a.ServiceLogAspect [ServiceLogAspect.java:46] User-[0:0:0:0:0:0:0:1], at [2022-03-26 11:22:40] visits [spring01.service.UserService.findLoginTicket].
2022-03-26 11:22:42,063 INFO [http-nio-8080-exec-2] s.a.ServiceLogAspect [ServiceLogAspect.java:46] User-[0:0:0:0:0:0:0:1], at [2022-03-26 11:22:42] visits [spring01.service.UserService.findUserById].
2022-03-26 11:22:42,091 INFO [http-nio-8080-exec-2] c.z.h.HikariDataSource [HikariDataSource.java:110] HikariPool-1 - Starting...
2022-03-26 11:22:42,294 INFO [http-nio-8080-exec-2] c.z.h.HikariDataSource [HikariDataSource.java:123] HikariPool-1 - Start completed.
2022-03-26 11:22:42,450 INFO [http-nio-8080-exec-2] s.a.ServiceLogAspect [ServiceLogAspect.java:46] User-[0:0:0:0:0:0:0:1], at [2022-03-26 11:22:42] visits [spring01.service.DiscussPostService.findDiscussPostRows].
2022-03-26 11:22:42,493 INFO [http-nio-8080-exec-2] s.a.ServiceLogAspect [ServiceLogAspect.java:46] User-[0:0:0:0:0:0:0:1], at [2022-03-26 11:22:42] visits [spring01.service.DiscussPostService.findDiscussPosts].
2022-03-26 11:22:42,505 INFO [http-nio-8080-exec-2] s.a.ServiceLogAspect [ServiceLogAspect.java:46] User-[0:0:0:0:0:0:0:1], at [2022-03-26 11:22:42] visits [spring01.service.UserService.findUserById].
2022-03-26 11:22:42,509 INFO [http-nio-8080-exec-2] s.a.ServiceLogAspect [ServiceLogAspect.java:46] User-[0:0:0:0:0:0:0:1], at [2022-03-26 11:22:42] visits [spring01.service.LikeService.findEntityLikeCount].
2022-03-26 11:22:42,521 INFO [http-nio-8080-exec-2] s.a.ServiceLogAspect [ServiceLogAspect.java:46] User-[0:0:0:0:0:0:0:1], at [2022-03-26 11:22:42] visits [spring01.service.UserService.findUserById].
2022-03-26 11:22:42,525 INFO [http-nio-8080-exec-2] s.a.ServiceLogAspect [ServiceLogAspect.java:46] User-[0:0:0:0:0:0:0:1], at [2022-03-26 11:22:42] visits [spring01.service.LikeService.findEntityLikeCount].
2022-03-26 11:22:42,525 INFO [http-nio-8080-exec-2] s.a.ServiceLogAspect [ServiceLogAspect.java:46] User-[0:0:0:0:0:0:0:1], at [2022-03-26 11:22:42] visits [spring01.service.UserService.findUserById].
2022-03-26 11:22:42,534 INFO [http-nio-8080-exec-2] s.a.ServiceLogAspect [ServiceLogAspect.java:46] User-[0:0:0:0:0:0:0:1], at [2022-03-26 11:22:42] visits [spring01.service.LikeService.findEntityLikeCount].
2022-03-26 11:22:42,537 INFO [http-nio-8080-exec-2] s.a.ServiceLogAspect [ServiceLogAspect.java:46] User-[0:0:0:0:0:0:0:1], at [2022-03-26 11:22:42] visits [spring01.service.UserService.findUserById].
2022-03-26 11:22:42,541 INFO [http-nio-8080-exec-2] s.a.ServiceLogAspect [ServiceLogAspect.java:46] User-[0:0:0:0:0:0:0:1], at [2022-03-26 11:22:42] visits [spring01.service.LikeService.findEntityLikeCount].
2022-03-26 11:22:42,545 INFO [http-nio-8080-exec-2] s.a.ServiceLogAspect [ServiceLogAspect.java:46] User-[0:0:0:0:0:0:0:1], at [2022-03-26 11:22:42] visits [spring01.service.UserService.findUserById].
2022-03-26 11:22:42,549 INFO [http-nio-8080-exec-2] s.a.ServiceLogAspect [ServiceLogAspect.java:46] User-[0:0:0:0:0:0:0:1], at [2022-03-26 11:22:42] visits [spring01.service.LikeService.findEntityLikeCount].
2022-03-26 11:22:42,549 INFO [http-nio-8080-exec-2] s.a.ServiceLogAspect [ServiceLogAspect.java:46] User-[0:0:0:0:0:0:0:1], at [2022-03-26 11:22:42] visits [spring01.service.UserService.findUserById].
2022-03-26 11:22:42,553 INFO [http-nio-8080-exec-2] s.a.ServiceLogAspect [ServiceLogAspect.java:46] User-[0:0:0:0:0:0:0:1], at [2022-03-26 11:22:42] visits [spring01.service.LikeService.findEntityLikeCount].
2022-03-26 11:22:42,553 INFO [http-nio-8080-exec-2] s.a.ServiceLogAspect [ServiceLogAspect.java:46] User-[0:0:0:0:0:0:0:1], at [2022-03-26 11:22:42] visits [spring01.service.UserService.findUserById].
2022-03-26 11:22:42,557 INFO [http-nio-8080-exec-2] s.a.ServiceLogAspect [ServiceLogAspect.java:46] User-[0:0:0:0:0:0:0:1], at [2022-03-26 11:22:42] visits [spring01.service.LikeService.findEntityLikeCount].
2022-03-26 11:22:42,557 INFO [http-nio-8080-exec-2] s.a.ServiceLogAspect [ServiceLogAspect.java:46] User-[0:0:0:0:0:0:0:1], at [2022-03-26 11:22:42] visits [spring01.service.UserService.findUserById].
2022-03-26 11:22:42,565 INFO [http-nio-8080-exec-2] s.a.ServiceLogAspect [ServiceLogAspect.java:46] User-[0:0:0:0:0:0:0:1], at [2022-03-26 11:22:42] visits [spring01.service.LikeService.findEntityLikeCount].
2022-03-26 11:22:42,565 INFO [http-nio-8080-exec-2] s.a.ServiceLogAspect [ServiceLogAspect.java:46] User-[0:0:0:0:0:0:0:1], at [2022-03-26 11:22:42] visits [spring01.service.UserService.findUserById].
2022-03-26 11:22:42,569 INFO [http-nio-8080-exec-2] s.a.ServiceLogAspect [ServiceLogAspect.java:46] User-[0:0:0:0:0:0:0:1], at [2022-03-26 11:22:42] visits [spring01.service.LikeService.findEntityLikeCount].
2022-03-26 11:22:42,569 INFO [http-nio-8080-exec-2] s.a.ServiceLogAspect [ServiceLogAspect.java:46] User-[0:0:0:0:0:0:0:1], at [2022-03-26 11:22:42] visits [spring01.service.UserService.findUserById].
2022-03-26 11:22:42,573 INFO [http-nio-8080-exec-2] s.a.ServiceLogAspect [ServiceLogAspect.java:46] User-[0:0:0:0:0:0:0:1], at [2022-03-26 11:22:42] visits [spring01.service.LikeService.findEntityLikeCount].
2022-03-26 11:23:09,466 INFO [http-nio-8080-exec-6] s.a.ServiceLogAspect [ServiceLogAspect.java:46] User-[0:0:0:0:0:0:0:1], at [2022-03-26 11:23:09] visits [spring01.service.UserService.findLoginTicket].
2022-03-26 11:23:09,471 INFO [http-nio-8080-exec-6] s.a.ServiceLogAspect [ServiceLogAspect.java:46] User-[0:0:0:0:0:0:0:1], at [2022-03-26 11:23:09] visits [spring01.service.UserService.findUserById].
2022-03-26 11:23:09,475 INFO [http-nio-8080-exec-6] s.a.ServiceLogAspect [ServiceLogAspect.java:46] User-[0:0:0:0:0:0:0:1], at [2022-03-26 11:23:09] visits [spring01.service.DiscussPostService.findDiscussPostRows].
2022-03-26 11:23:09,482 INFO [http-nio-8080-exec-6] s.a.ServiceLogAspect [ServiceLogAspect.java:46] User-[0:0:0:0:0:0:0:1], at [2022-03-26 11:23:09] visits [spring01.service.DiscussPostService.findDiscussPosts].
2022-03-26 11:23:09,707 INFO [http-nio-8080-exec-6] s.a.ServiceLogAspect [ServiceLogAspect.java:46] User-[0:0:0:0:0:0:0:1], at [2022-03-26 11:23:09] visits [spring01.service.UserService.findUserById].
2022-03-26 11:23:09,711 INFO [http-nio-8080-exec-6] s.a.ServiceLogAspect [ServiceLogAspect.java:46] User-[0:0:0:0:0:0:0:1], at [2022-03-26 11:23:09] visits [spring01.service.LikeService.findEntityLikeCount].
2022-03-26 11:23:09,719 INFO [http-nio-8080-exec-6] s.a.ServiceLogAspect [ServiceLogAspect.java:46] User-[0:0:0:0:0:0:0:1], at [2022-03-26 11:23:09] visits [spring01.service.UserService.findUserById].
2022-03-26 11:23:09,723 INFO [http-nio-8080-exec-6] s.a.ServiceLogAspect [ServiceLogAspect.java:46] User-[0:0:0:0:0:0:0:1], at [2022-03-26 11:23:09] visits [spring01.service.LikeService.findEntityLikeCount].
2022-03-26 11:23:09,723 INFO [http-nio-8080-exec-6] s.a.ServiceLogAspect [ServiceLogAspect.java:46] User-[0:0:0:0:0:0:0:1], at [2022-03-26 11:23:09] visits [spring01.service.UserService.findUserById].
2022-03-26 11:23:09,727 INFO [http-nio-8080-exec-6] s.a.ServiceLogAspect [ServiceLogAspect.java:46] User-[0:0:0:0:0:0:0:1], at [2022-03-26 11:23:09] visits [spring01.service.LikeService.findEntityLikeCount].
2022-03-26 11:23:09,727 INFO [http-nio-8080-exec-6] s.a.ServiceLogAspect [ServiceLogAspect.java:46] User-[0:0:0:0:0:0:0:1], at [2022-03-26 11:23:09] visits [spring01.service.UserService.findUserById].
2022-03-26 11:23:09,731 INFO [http-nio-8080-exec-6] s.a.ServiceLogAspect [ServiceLogAspect.java:46] User-[0:0:0:0:0:0:0:1], at [2022-03-26 11:23:09] visits [spring01.service.LikeService.findEntityLikeCount].
2022-03-26 11:23:09,735 INFO [http-nio-8080-exec-6] s.a.ServiceLogAspect [ServiceLogAspect.java:46] User-[0:0:0:0:0:0:0:1], at [2022-03-26 11:23:09] visits [spring01.service.UserService.findUserById].
2022-03-26 11:23:09,739 INFO [http-nio-8080-exec-6] s.a.ServiceLogAspect [ServiceLogAspect.java:46] User-[0:0:0:0:0:0:0:1], at [2022-03-26 11:23:09] visits [spring01.service.LikeService.findEntityLikeCount].
2022-03-26 11:23:09,739 INFO [http-nio-8080-exec-6] s.a.ServiceLogAspect [ServiceLogAspect.java:46] User-[0:0:0:0:0:0:0:1], at [2022-03-26 11:23:09] visits [spring01.service.UserService.findUserById].
2022-03-26 11:23:09,743 INFO [http-nio-8080-exec-6] s.a.ServiceLogAspect [ServiceLogAspect.java:46] User-[0:0:0:0:0:0:0:1], at [2022-03-26 11:23:09] visits [spring01.service.LikeService.findEntityLikeCount].
2022-03-26 11:23:09,743 INFO [http-nio-8080-exec-6] s.a.ServiceLogAspect [ServiceLogAspect.java:46] User-[0:0:0:0:0:0:0:1], at [2022-03-26 11:23:09] visits [spring01.service.UserService.findUserById].
2022-03-26 11:23:09,751 INFO [http-nio-8080-exec-6] s.a.ServiceLogAspect [ServiceLogAspect.java:46] User-[0:0:0:0:0:0:0:1], at [2022-03-26 11:23:09] visits [spring01.service.LikeService.findEntityLikeCount].
2022-03-26 11:23:09,751 INFO [http-nio-8080-exec-6] s.a.ServiceLogAspect [ServiceLogAspect.java:46] User-[0:0:0:0:0:0:0:1], at [2022-03-26 11:23:09] visits [spring01.service.UserService.findUserById].
2022-03-26 11:23:09,755 INFO [http-nio-8080-exec-6] s.a.ServiceLogAspect [ServiceLogAspect.java:46] User-[0:0:0:0:0:0:0:1], at [2022-03-26 11:23:09] visits [spring01.service.LikeService.findEntityLikeCount].
2022-03-26 11:23:09,755 INFO [http-nio-8080-exec-6] s.a.ServiceLogAspect [ServiceLogAspect.java:46] User-[0:0:0:0:0:0:0:1], at [2022-03-26 11:23:09] visits [spring01.service.UserService.findUserById].
2022-03-26 11:23:09,759 INFO [http-nio-8080-exec-6] s.a.ServiceLogAspect [ServiceLogAspect.java:46] User-[0:0:0:0:0:0:0:1], at [2022-03-26 11:23:09] visits [spring01.service.LikeService.findEntityLikeCount].
2022-03-26 11:23:09,763 INFO [http-nio-8080-exec-6] s.a.ServiceLogAspect [ServiceLogAspect.java:46] User-[0:0:0:0:0:0:0:1], at [2022-03-26 11:23:09] visits [spring01.service.UserService.findUserById].
2022-03-26 11:23:09,767 INFO [http-nio-8080-exec-6] s.a.ServiceLogAspect [ServiceLogAspect.java:46] User-[0:0:0:0:0:0:0:1], at [2022-03-26 11:23:09] visits [spring01.service.LikeService.findEntityLikeCount].
2022-03-26 11:23:28,862 INFO [http-nio-8080-exec-2] s.a.ServiceLogAspect [ServiceLogAspect.java:46] User-[0:0:0:0:0:0:0:1], at [2022-03-26 11:23:28] visits [spring01.service.UserService.findLoginTicket].
2022-03-26 11:23:28,866 INFO [http-nio-8080-exec-2] s.a.ServiceLogAspect [ServiceLogAspect.java:46] User-[0:0:0:0:0:0:0:1], at [2022-03-26 11:23:28] visits [spring01.service.UserService.findUserById].
2022-03-26 11:23:36,571 INFO [http-nio-8080-exec-4] s.a.ServiceLogAspect [ServiceLogAspect.java:46] User-[0:0:0:0:0:0:0:1], at [2022-03-26 11:23:36] visits [spring01.service.UserService.findLoginTicket].
2022-03-26 11:23:36,575 INFO [http-nio-8080-exec-4] s.a.ServiceLogAspect [ServiceLogAspect.java:46] User-[0:0:0:0:0:0:0:1], at [2022-03-26 11:23:36] visits [spring01.service.UserService.findUserById].
2022-03-26 11:23:36,591 INFO [http-nio-8080-exec-4] s.a.ServiceLogAspect [ServiceLogAspect.java:46] User-[0:0:0:0:0:0:0:1], at [2022-03-26 11:23:36] visits [spring01.service.UserService.updateHeader].
2022-03-26 11:23:36,623 INFO [http-nio-8080-exec-6] s.a.ServiceLogAspect [ServiceLogAspect.java:46] User-[0:0:0:0:0:0:0:1], at [2022-03-26 11:23:36] visits [spring01.service.UserService.findLoginTicket].
2022-03-26 11:23:36,627 INFO [http-nio-8080-exec-6] s.a.ServiceLogAspect [ServiceLogAspect.java:46] User-[0:0:0:0:0:0:0:1], at [2022-03-26 11:23:36] visits [spring01.service.UserService.findUserById].
2022-03-26 11:24:30,634 INFO [http-nio-8080-exec-6] s.a.ServiceLogAspect [ServiceLogAspect.java:46] User-[0:0:0:0:0:0:0:1], at [2022-03-26 11:24:30] visits [spring01.service.DiscussPostService.findDiscussPostRows].
2022-03-26 11:24:30,638 INFO [http-nio-8080-exec-6] s.a.ServiceLogAspect [ServiceLogAspect.java:46] User-[0:0:0:0:0:0:0:1], at [2022-03-26 11:24:30] visits [spring01.service.DiscussPostService.findDiscussPosts].
2022-03-26 11:24:30,654 INFO [http-nio-8080-exec-6] s.a.ServiceLogAspect [ServiceLogAspect.java:46] User-[0:0:0:0:0:0:0:1], at [2022-03-26 11:24:30] visits [spring01.service.UserService.findUserById].
2022-03-26 11:24:30,658 INFO [http-nio-8080-exec-6] s.a.ServiceLogAspect [ServiceLogAspect.java:46] User-[0:0:0:0:0:0:0:1], at [2022-03-26 11:24:30] visits [spring01.service.LikeService.findEntityLikeCount].
2022-03-26 11:24:30,662 INFO [http-nio-8080-exec-6] s.a.ServiceLogAspect [ServiceLogAspect.java:46] User-[0:0:0:0:0:0:0:1], at [2022-03-26 11:24:30] visits [spring01.service.UserService.findUserById].
2022-03-26 11:24:30,666 INFO [http-nio-8080-exec-6] s.a.ServiceLogAspect [ServiceLogAspect.java:46] User-[0:0:0:0:0:0:0:1], at [2022-03-26 11:24:30] visits [spring01.service.LikeService.findEntityLikeCount].
2022-03-26 11:24:30,670 INFO [http-nio-8080-exec-6] s.a.ServiceLogAspect [ServiceLogAspect.java:46] User-[0:0:0:0:0:0:0:1], at [2022-03-26 11:24:30] visits [spring01.service.UserService.findUserById].
2022-03-26 11:24:30,674 INFO [http-nio-8080-exec-6] s.a.ServiceLogAspect [ServiceLogAspect.java:46] User-[0:0:0:0:0:0:0:1], at [2022-03-26 11:24:30] visits [spring01.service.LikeService.findEntityLikeCount].
2022-03-26 11:24:30,678 INFO [http-nio-8080-exec-6] s.a.ServiceLogAspect [ServiceLogAspect.java:46] User-[0:0:0:0:0:0:0:1], at [2022-03-26 11:24:30] visits [spring01.service.UserService.findUserById].
2022-03-26 11:24:30,682 INFO [http-nio-8080-exec-6] s.a.ServiceLogAspect [ServiceLogAspect.java:46] User-[0:0:0:0:0:0:0:1], at [2022-03-26 11:24:30] visits [spring01.service.LikeService.findEntityLikeCount].
2022-03-26 11:24:30,686 INFO [http-nio-8080-exec-6] s.a.ServiceLogAspect [ServiceLogAspect.java:46] User-[0:0:0:0:0:0:0:1], at [2022-03-26 11:24:30] visits [spring01.service.UserService.findUserById].
2022-03-26 11:24:30,686 INFO [http-nio-8080-exec-6] s.a.ServiceLogAspect [ServiceLogAspect.java:46] User-[0:0:0:0:0:0:0:1], at [2022-03-26 11:24:30] visits [spring01.service.LikeService.findEntityLikeCount].
2022-03-26 11:24:30,690 INFO [http-nio-8080-exec-6] s.a.ServiceLogAspect [ServiceLogAspect.java:46] User-[0:0:0:0:0:0:0:1], at [2022-03-26 11:24:30] visits [spring01.service.UserService.findUserById].
2022-03-26 11:24:30,694 INFO [http-nio-8080-exec-6] s.a.ServiceLogAspect [ServiceLogAspect.java:46] User-[0:0:0:0:0:0:0:1], at [2022-03-26 11:24:30] visits [spring01.service.LikeService.findEntityLikeCount].
2022-03-26 11:24:30,698 INFO [http-nio-8080-exec-6] s.a.ServiceLogAspect [ServiceLogAspect.java:46] User-[0:0:0:0:0:0:0:1], at [2022-03-26 11:24:30] visits [spring01.service.UserService.findUserById].
2022-03-26 11:24:30,698 INFO [http-nio-8080-exec-6] s.a.ServiceLogAspect [ServiceLogAspect.java:46] User-[0:0:0:0:0:0:0:1], at [2022-03-26 11:24:30] visits [spring01.service.LikeService.findEntityLikeCount].
2022-03-26 11:24:30,702 INFO [http-nio-8080-exec-6] s.a.ServiceLogAspect [ServiceLogAspect.java:46] User-[0:0:0:0:0:0:0:1], at [2022-03-26 11:24:30] visits [spring01.service.UserService.findUserById].
2022-03-26 11:24:30,706 INFO [http-nio-8080-exec-6] s.a.ServiceLogAspect [ServiceLogAspect.java:46] User-[0:0:0:0:0:0:0:1], at [2022-03-26 11:24:30] visits [spring01.service.LikeService.findEntityLikeCount].
2022-03-26 11:24:30,710 INFO [http-nio-8080-exec-6] s.a.ServiceLogAspect [ServiceLogAspect.java:46] User-[0:0:0:0:0:0:0:1], at [2022-03-26 11:24:30] visits [spring01.service.UserService.findUserById].
2022-03-26 11:24:30,710 INFO [http-nio-8080-exec-6] s.a.ServiceLogAspect [ServiceLogAspect.java:46] User-[0:0:0:0:0:0:0:1], at [2022-03-26 11:24:30] visits [spring01.service.LikeService.findEntityLikeCount].
2022-03-26 11:24:30,714 INFO [http-nio-8080-exec-6] s.a.ServiceLogAspect [ServiceLogAspect.java:46] User-[0:0:0:0:0:0:0:1], at [2022-03-26 11:24:30] visits [spring01.service.UserService.findUserById].
2022-03-26 11:24:30,718 INFO [http-nio-8080-exec-6] s.a.ServiceLogAspect [ServiceLogAspect.java:46] User-[0:0:0:0:0:0:0:1], at [2022-03-26 11:24:30] visits [spring01.service.LikeService.findEntityLikeCount].
2022-03-26 12:07:50,914 INFO [SpringApplicationShutdownHook] c.z.h.HikariDataSource [HikariDataSource.java:350] HikariPool-1 - Shutdown initiated...
2022-03-26 12:07:50,922 INFO [SpringApplicationShutdownHook] c.z.h.HikariDataSource [HikariDataSource.java:352] HikariPool-1 - Shutdown completed.
